#
# A fatal error has been detected by the Java Runtime Environment:
#
#  SIGSEGV (0xb) at pc=0x00007fff952e2e65, pid=1270, tid=72591
#
# JRE version: Java(TM) SE Runtime Environment (7.0_51-b13) (build 1.7.0_51-b13)
# Java VM: Java HotSpot(TM) 64-Bit Server VM (24.51-b03 mixed mode bsd-amd64 compressed oops)
# Problematic frame:
# C  [libobjc.A.dylib+0x7e65]  _ZN12_GLOBAL__N_119AutoreleasePoolPage3popEPv+0x215
#
# Failed to write core dump. Core dumps have been disabled. To enable core dumping, try "ulimit -c unlimited" before starting Java again
#
# If you would like to submit a bug report, please visit:
#   http://bugreport.sun.com/bugreport/crash.jsp
# The crash happened outside the Java Virtual Machine in native code.
# See problematic frame for where to report the bug.
#

---------------  T H R E A D  ---------------

Current thread (0x00007f868246c800):  JavaThread "LWJGL Renderer Thread" [_thread_in_native, id=72591, stack(0x0000000131398000,0x0000000131498000)]

siginfo:si_signo=SIGSEGV: si_errno=0, si_code=1 (SEGV_MAPERR), si_addr=0x0000000000000010

Registers:
RAX=0x00007f867a802038, RBX=0x0000000000000000, RCX=0x00007f867a802038, RDX=0x00000000000f8b60
RSP=0x0000000131497210, RBP=0x0000000131497650, RSI=0x00007fff945f134e, RDI=0x00007f867b8a0038
R8 =0x000000000000001f, R9 =0x00007f867ce00000, R10=0x00007f867a61dbb0, R11=0x00007fff7ea4c188
R12=0xa3a3a3a3a3a3a3a3, R13=0x00007fff7f221070, R14=0x00007f867b8a0038, R15=0x00007f867b8a0000
RIP=0x00007fff952e2e65, EFLAGS=0x0000000000010246, ERR=0x0000000000000004
  TRAPNO=0x000000000000000e

Top of Stack: (sp=0x0000000131497210)
0x0000000131497210:   0000000010000004 00007f867b8a0038
0x0000000131497220:   0022980000229800 0000000010000004
0x0000000131497230:   0000000131497260 00007f867a41c7d0
0x0000000131497240:   0000000131497390 00007fff9993c24f
0x0000000131497250:   0000000100000000 0000000000000000
0x0000000131497260:   0000001800000011 0000000000000b03
0x0000000131497270:   0000000000000004 000000010d432800
0x0000000131497280:   0000000131497370 00007fff91730289
0x0000000131497290:   000000010d430a00 00000001314974f8
0x00000001314972a0:   00000001314972e0 00007fff91199dd4
0x00000001314972b0:   000000010d430a00 0000000000000000
0x00000001314972c0:   000000013149733c 00007fff91199dd4
0x00000001314972d0:   0000000131497344 0000000000000000
0x00000001314972e0:   000000013149735c 0000000131497360
0x00000001314972f0:   0000000131497364 00007f867a713d50
0x0000000131497300:   ffffffffffffffff 0001206800000040
0x0000000131497310:   00007f867a713d68 00007f867a713d50
0x0000000131497320:   00007fff7f221070 0000000000000001
0x0000000131497330:   00007fff7edaaf80 00007f867a713df0
0x0000000131497340:   0000000131497380 00007fff91199b4e
0x0000000131497350:   00007fff7e079490 00007f867ce04eb0
0x0000000131497360:   00000001314973c0 00007fff7e079490
0x0000000131497370:   00000001314973a0 00007fff952fd225
0x0000000131497380:   0000000131497390 000000010d42d000
0x0000000131497390:   0000000131497430 00007fff917334ff
0x00000001314973a0:   0000000131497400 00007fff952fc97a
0x00000001314973b0:   00007f867ce04ed8 ffff8079831fb150
0x00000001314973c0:   00007f867f7670d0 00007f867f767200
0x00000001314973d0:   00007f867cefc080 00007f867ce04e80
0x00000001314973e0:   0000000000000003 00007f867ce04e80
0x00000001314973f0:   00007f867ce00000 000000010d430003
0x0000000131497400:   000000010d42d000 00007f867ce04eb0 

Instructions: (pc=0x00007fff952e2e65)
0x00007fff952e2e45:   74 15 81 3b a1 a1 a1 a1 74 0d be 01 00 00 00 48
0x00007fff952e2e55:   89 df e8 64 a1 01 00 65 48 89 1c 25 58 01 00 00
0x00007fff952e2e65:   48 8b 43 10 48 8d 4b 38 48 39 c8 74 cc 48 83 c3
0x00007fff952e2e75:   10 48 8d 48 f8 48 89 0b 48 8b 78 f8 4c 89 60 f8 

Register to memory mapping:

RAX=0x00007f867a802038 is an unknown value
RBX=0x0000000000000000 is an unknown value
RCX=0x00007f867a802038 is an unknown value
RDX=0x00000000000f8b60 is an unknown value
RSP=0x0000000131497210 is pointing into the stack for thread: 0x00007f868246c800
RBP=0x0000000131497650 is pointing into the stack for thread: 0x00007f868246c800
RSI=0x00007fff945f134e is an unknown value
RDI=0x00007f867b8a0038 is an unknown value
R8 =0x000000000000001f is an unknown value
R9 =0x00007f867ce00000 is an unknown value
R10=0x00007f867a61dbb0 is an unknown value
R11=0x00007fff7ea4c188: OBJC_CLASS_$_NSAutoreleasePool+0 in /System/Library/Frameworks/Foundation.framework/Versions/C/Foundation at 0x00007fff98de8000
R12=0xa3a3a3a3a3a3a3a3 is an unknown value
R13=0x00007fff7f221070: __stack_chk_guard+0 in /usr/lib/system/libsystem_c.dylib at 0x00007fff9b27c000
R14=0x00007f867b8a0038 is an unknown value
R15=0x00007f867b8a0000 is an unknown value


Stack: [0x0000000131398000,0x0000000131498000],  sp=0x0000000131497210,  free space=1020k
Native frames: (J=compiled Java code, j=interpreted, Vv=VM code, C=native code)
C  [libobjc.A.dylib+0x7e65]  _ZN12_GLOBAL__N_119AutoreleasePoolPage3popEPv+0x215
C  [CoreFoundation+0x3a302]  _CFAutoreleasePoolPop+0x32
C  [Foundation+0x1bedf]  -[NSAutoreleasePool drain]+0x99
j  org.lwjgl.opengl.MacOSXDisplay.nDestroyWindow(Ljava/nio/ByteBuffer;)V+0
j  org.lwjgl.opengl.MacOSXDisplay.destroyWindow()V+43
j  org.lwjgl.opengl.Display.destroyWindow()V+46
j  org.lwjgl.opengl.Display.setDisplayMode(Lorg/lwjgl/opengl/DisplayMode;)V+34
j  com.jme3.system.lwjgl.LwjglDisplay.createContext(Lcom/jme3/system/AppSettings;)V+270
j  com.jme3.system.lwjgl.LwjglAbstractDisplay.initInThread()Z+25
j  com.jme3.system.lwjgl.LwjglAbstractDisplay.run()V+32
j  java.lang.Thread.run()V+11
v  ~StubRoutines::call_stub
V  [libjvm.dylib+0x2d6bb0]
V  [libjvm.dylib+0x2d70c7]
V  [libjvm.dylib+0x2d7204]
V  [libjvm.dylib+0x3261ea]
V  [libjvm.dylib+0x4efb57]
V  [libjvm.dylib+0x4f125f]
V  [libjvm.dylib+0x41b1d6]
C  [libsystem_pthread.dylib+0x3268]  _pthread_body+0x83
C  [libsystem_pthread.dylib+0x31e5]  _pthread_body+0x0
C  [libsystem_pthread.dylib+0x141d]  thread_start+0xd

Java frames: (J=compiled Java code, j=interpreted, Vv=VM code)
j  org.lwjgl.opengl.MacOSXDisplay.nDestroyWindow(Ljava/nio/ByteBuffer;)V+0
j  org.lwjgl.opengl.MacOSXDisplay.destroyWindow()V+43
j  org.lwjgl.opengl.Display.destroyWindow()V+46
j  org.lwjgl.opengl.Display.setDisplayMode(Lorg/lwjgl/opengl/DisplayMode;)V+34
j  com.jme3.system.lwjgl.LwjglDisplay.createContext(Lcom/jme3/system/AppSettings;)V+270
j  com.jme3.system.lwjgl.LwjglAbstractDisplay.initInThread()Z+25
j  com.jme3.system.lwjgl.LwjglAbstractDisplay.run()V+32
j  java.lang.Thread.run()V+11
v  ~StubRoutines::call_stub

---------------  P R O C E S S  ---------------

Java Threads: ( => current thread )
=>0x00007f868246c800 JavaThread "LWJGL Renderer Thread" [_thread_in_native, id=72591, stack(0x0000000131398000,0x0000000131498000)]
  0x00007f867a85a000 JavaThread "TimerQueue" daemon [_thread_blocked, id=71019, stack(0x0000000130d69000,0x0000000130e69000)]
  0x00007f867e5a9000 JavaThread "Image Fetcher 0" daemon [_thread_blocked, id=23335, stack(0x0000000129bbb000,0x0000000129cbb000)]
  0x00007f8681236000 JavaThread "Timer-0" daemon [_thread_blocked, id=36879, stack(0x0000000129ab8000,0x0000000129bb8000)]
  0x00007f867fe93000 JavaThread "Java2D Queue Flusher" daemon [_thread_blocked, id=37643, stack(0x0000000128d85000,0x0000000128e85000)]
  0x00007f867bb2b800 JavaThread "AWT-EventQueue-0" [_thread_in_native, id=12399, stack(0x0000000128c82000,0x0000000128d82000)]
  0x00007f867b836000 JavaThread "jME Terrain Thread" daemon [_thread_blocked, id=66463, stack(0x0000000125520000,0x0000000125620000)]
  0x00007f867c498800 JavaThread "AWT-Shutdown" [_thread_blocked, id=29007, stack(0x0000000121393000,0x0000000121493000)]
  0x00007f867b9cc800 JavaThread "pool-1-thread-1" [_thread_blocked, id=66087, stack(0x000000011f831000,0x000000011f931000)]
  0x00007f867b98a000 JavaThread "Java2D Disposer" daemon [_thread_blocked, id=65283, stack(0x000000011f5f0000,0x000000011f6f0000)]
  0x00007f867b928800 JavaThread "jME3 Audio Thread" daemon [_thread_blocked, id=50207, stack(0x000000011f0f4000,0x000000011f1f4000)]
  0x00007f867b897000 JavaThread "AppKit Thread" daemon [_thread_in_native, id=1299, stack(0x00007fff5276d000,0x00007fff527ed000)]
  0x00007f867a810800 JavaThread "DestroyJavaVM" [_thread_blocked, id=4867, stack(0x000000010e854000,0x000000010e954000)]
  0x00007f867a886800 JavaThread "LWJGL Renderer Thread" [_thread_blocked, id=18691, stack(0x0000000119fb1000,0x000000011a0b1000)]
  0x00007f867b03a800 JavaThread "Service Thread" daemon [_thread_blocked, id=17667, stack(0x0000000119c8c000,0x0000000119d8c000)]
  0x00007f867b039800 JavaThread "C2 CompilerThread1" daemon [_thread_blocked, id=17155, stack(0x0000000119b89000,0x0000000119c89000)]
  0x00007f867b026000 JavaThread "C2 CompilerThread0" daemon [_thread_blocked, id=16643, stack(0x0000000119a86000,0x0000000119b86000)]
  0x00007f867b025000 JavaThread "Signal Dispatcher" daemon [_thread_blocked, id=13331, stack(0x0000000119983000,0x0000000119a83000)]
  0x00007f867c029000 JavaThread "Finalizer" daemon [_thread_blocked, id=11523, stack(0x0000000118045000,0x0000000118145000)]
  0x00007f867c026800 JavaThread "Reference Handler" daemon [_thread_blocked, id=11011, stack(0x0000000117f42000,0x0000000118042000)]

Other Threads:
  0x00007f867b017000 VMThread [stack: 0x0000000117e3f000,0x0000000117f3f000] [id=10499]
  0x00007f867c02d000 WatcherThread [stack: 0x0000000119d8f000,0x0000000119e8f000] [id=18179]

VM state:not at safepoint (normal execution)

VM Mutex/Monitor currently owned by a thread: None

Heap
 PSYoungGen      total 164352K, used 122821K [0x00000007d5500000, 0x00000007e1600000, 0x0000000800000000)
  eden space 135168K, 86% used [0x00000007d5500000,0x00000007dc7d01f8,0x00000007dd900000)
  from space 29184K, 17% used [0x00000007df980000,0x00000007dfea12d0,0x00000007e1600000)
  to   space 31232K, 0% used [0x00000007dd900000,0x00000007dd900000,0x00000007df780000)
 ParOldGen       total 87040K, used 32113K [0x0000000780000000, 0x0000000785500000, 0x00000007d5500000)
  object space 87040K, 36% used [0x0000000780000000,0x0000000781f5c438,0x0000000785500000)
 PSPermGen       total 21504K, used 18877K [0x000000077ae00000, 0x000000077c300000, 0x0000000780000000)
  object space 21504K, 87% used [0x000000077ae00000,0x000000077c06f6b0,0x000000077c300000)

Card table byte_map: [0x0000000111a16000,0x0000000111e40000] byte_map_base: 0x000000010de3f000

Polling page: 0x000000010d565000

Code Cache  [0x000000010e956000, 0x000000010ebd6000, 0x0000000111956000)
 total_blobs=1305 nmethods=685 adapters=574 free_code_cache=46667Kb largest_free_block=47738688

Compilation events (10 events):
Event: 13.660 Thread 0x00007f867b026000  694             sun.font.Font2D::setStyle (114 bytes)
Event: 13.664 Thread 0x00007f867b026000 nmethod 694 0x000000010ebc8210 code [0x000000010ebc8380, 0x000000010ebc8958]
Event: 13.942 Thread 0x00007f867b039800  695             java.util.LinkedList$ListItr::checkForComodification (23 bytes)
Event: 13.943 Thread 0x00007f867b039800 nmethod 695 0x000000010ebcd510 code [0x000000010ebcd660, 0x000000010ebcd6f8]
Event: 14.979 Thread 0x00007f867b026000  696             java.util.concurrent.atomic.AtomicInteger::get (5 bytes)
Event: 14.979 Thread 0x00007f867b026000 nmethod 696 0x000000010ebcd790 code [0x000000010ebcd8c0, 0x000000010ebcd918]
Event: 15.255 Thread 0x00007f867b039800  698             java.util.concurrent.locks.AbstractQueuedSynchronizer::getState (5 bytes)
Event: 15.255 Thread 0x00007f867b039800 nmethod 698 0x000000010ebbe7d0 code [0x000000010ebbe900, 0x000000010ebbe958]
Event: 16.009 Thread 0x00007f867b026000  700             com.bulletphysics.collision.dispatch.CollisionObject::getRestitution (5 bytes)
Event: 16.010 Thread 0x00007f867b026000 nmethod 700 0x000000010ebbe250 code [0x000000010ebbe380, 0x000000010ebbe3d8]

GC Heap History (10 events):
Event: 3.815 GC heap before
{Heap before GC invocations=2 (full 0):
 PSYoungGen      total 38912K, used 38486K [0x00000007d5500000, 0x00000007d8000000, 0x0000000800000000)
  eden space 33792K, 98% used [0x00000007d5500000,0x00000007d7597e30,0x00000007d7600000)
  from space 5120K, 99% used [0x00000007d7600000,0x00000007d7afdab8,0x00000007d7b00000)
  to   space 5120K, 0% used [0x00000007d7b00000,0x00000007d7b00000,0x00000007d8000000)
 ParOldGen       total 87040K, used 407K [0x0000000780000000, 0x0000000785500000, 0x00000007d5500000)
  object space 87040K, 0% used [0x0000000780000000,0x0000000780065e30,0x0000000785500000)
 PSPermGen       total 21504K, used 11064K [0x000000077ae00000, 0x000000077c300000, 0x0000000780000000)
  object space 21504K, 51% used [0x000000077ae00000,0x000000077b8ce2b8,0x000000077c300000)
Event: 3.823 GC heap after
Heap after GC invocations=2 (full 0):
 PSYoungGen      total 38912K, used 4667K [0x00000007d5500000, 0x00000007d8000000, 0x0000000800000000)
  eden space 33792K, 0% used [0x00000007d5500000,0x00000007d5500000,0x00000007d7600000)
  from space 5120K, 91% used [0x00000007d7b00000,0x00000007d7f8ed10,0x00000007d8000000)
  to   space 5120K, 0% used [0x00000007d7600000,0x00000007d7600000,0x00000007d7b00000)
 ParOldGen       total 87040K, used 407K [0x0000000780000000, 0x0000000785500000, 0x00000007d5500000)
  object space 87040K, 0% used [0x0000000780000000,0x0000000780065e30,0x0000000785500000)
 PSPermGen       total 21504K, used 11064K [0x000000077ae00000, 0x000000077c300000, 0x0000000780000000)
  object space 21504K, 51% used [0x000000077ae00000,0x000000077b8ce2b8,0x000000077c300000)
}
Event: 4.834 GC heap before
{Heap before GC invocations=3 (full 0):
 PSYoungGen      total 38912K, used 38459K [0x00000007d5500000, 0x00000007d8000000, 0x0000000800000000)
  eden space 33792K, 100% used [0x00000007d5500000,0x00000007d7600000,0x00000007d7600000)
  from space 5120K, 91% used [0x00000007d7b00000,0x00000007d7f8ed10,0x00000007d8000000)
  to   space 5120K, 0% used [0x00000007d7600000,0x00000007d7600000,0x00000007d7b00000)
 ParOldGen       total 87040K, used 407K [0x0000000780000000, 0x0000000785500000, 0x00000007d5500000)
  object space 87040K, 0% used [0x0000000780000000,0x0000000780065e30,0x0000000785500000)
 PSPermGen       total 21504K, used 11303K [0x000000077ae00000, 0x000000077c300000, 0x0000000780000000)
  object space 21504K, 52% used [0x000000077ae00000,0x000000077b909e38,0x000000077c300000)
Event: 4.864 GC heap after
Heap after GC invocations=3 (full 0):
 PSYoungGen      total 38912K, used 5110K [0x00000007d5500000, 0x00000007da100000, 0x0000000800000000)
  eden space 33792K, 0% used [0x00000007d5500000,0x00000007d5500000,0x00000007d7600000)
  from space 5120K, 99% used [0x00000007d7600000,0x00000007d7afd938,0x00000007d7b00000)
  to   space 5120K, 0% used [0x00000007d9c00000,0x00000007d9c00000,0x00000007da100000)
 ParOldGen       total 87040K, used 32048K [0x0000000780000000, 0x0000000785500000, 0x00000007d5500000)
  object space 87040K, 36% used [0x0000000780000000,0x0000000781f4c008,0x0000000785500000)
 PSPermGen       total 21504K, used 11303K [0x000000077ae00000, 0x000000077c300000, 0x0000000780000000)
  object space 21504K, 52% used [0x000000077ae00000,0x000000077b909e38,0x000000077c300000)
}
Event: 5.569 GC heap before
{Heap before GC invocations=4 (full 0):
 PSYoungGen      total 38912K, used 38902K [0x00000007d5500000, 0x00000007da100000, 0x0000000800000000)
  eden space 33792K, 100% used [0x00000007d5500000,0x00000007d7600000,0x00000007d7600000)
  from space 5120K, 99% used [0x00000007d7600000,0x00000007d7afd938,0x00000007d7b00000)
  to   space 5120K, 0% used [0x00000007d9c00000,0x00000007d9c00000,0x00000007da100000)
 ParOldGen       total 87040K, used 32048K [0x0000000780000000, 0x0000000785500000, 0x00000007d5500000)
  object space 87040K, 36% used [0x0000000780000000,0x0000000781f4c008,0x0000000785500000)
 PSPermGen       total 21504K, used 11308K [0x000000077ae00000, 0x000000077c300000, 0x0000000780000000)
  object space 21504K, 52% used [0x000000077ae00000,0x000000077b90b2a8,0x000000077c300000)
Event: 5.574 GC heap after
Heap after GC invocations=4 (full 0):
 PSYoungGen      total 72704K, used 4178K [0x00000007d5500000, 0x00000007da100000, 0x0000000800000000)
  eden space 67584K, 0% used [0x00000007d5500000,0x00000007d5500000,0x00000007d9700000)
  from space 5120K, 81% used [0x00000007d9c00000,0x00000007da014920,0x00000007da100000)
  to   space 5120K, 0% used [0x00000007d9700000,0x00000007d9700000,0x00000007d9c00000)
 ParOldGen       total 87040K, used 32048K [0x0000000780000000, 0x0000000785500000, 0x00000007d5500000)
  object space 87040K, 36% used [0x0000000780000000,0x0000000781f4c008,0x0000000785500000)
 PSPermGen       total 21504K, used 11308K [0x000000077ae00000, 0x000000077c300000, 0x0000000780000000)
  object space 21504K, 52% used [0x000000077ae00000,0x000000077b90b2a8,0x000000077c300000)
}
Event: 6.843 GC heap before
{Heap before GC invocations=5 (full 0):
 PSYoungGen      total 72704K, used 71762K [0x00000007d5500000, 0x00000007da100000, 0x0000000800000000)
  eden space 67584K, 100% used [0x00000007d5500000,0x00000007d9700000,0x00000007d9700000)
  from space 5120K, 81% used [0x00000007d9c00000,0x00000007da014920,0x00000007da100000)
  to   space 5120K, 0% used [0x00000007d9700000,0x00000007d9700000,0x00000007d9c00000)
 ParOldGen       total 87040K, used 32048K [0x0000000780000000, 0x0000000785500000, 0x00000007d5500000)
  object space 87040K, 36% used [0x0000000780000000,0x0000000781f4c008,0x0000000785500000)
 PSPermGen       total 21504K, used 11388K [0x000000077ae00000, 0x000000077c300000, 0x0000000780000000)
  object space 21504K, 52% used [0x000000077ae00000,0x000000077b91f368,0x000000077c300000)
Event: 6.855 GC heap after
Heap after GC invocations=5 (full 0):
 PSYoungGen      total 72704K, used 5109K [0x00000007d5500000, 0x00000007e1a00000, 0x0000000800000000)
  eden space 67584K, 0% used [0x00000007d5500000,0x00000007d5500000,0x00000007d9700000)
  from space 5120K, 99% used [0x00000007d9700000,0x00000007d9bfd710,0x00000007d9c00000)
  to   space 33280K, 0% used [0x00000007df980000,0x00000007df980000,0x00000007e1a00000)
 ParOldGen       total 87040K, used 32113K [0x0000000780000000, 0x0000000785500000, 0x00000007d5500000)
  object space 87040K, 36% used [0x0000000780000000,0x0000000781f5c438,0x0000000785500000)
 PSPermGen       total 21504K, used 11388K [0x000000077ae00000, 0x000000077c300000, 0x0000000780000000)
  object space 21504K, 52% used [0x000000077ae00000,0x000000077b91f368,0x000000077c300000)
}
Event: 7.524 GC heap before
{Heap before GC invocations=6 (full 0):
 PSYoungGen      total 72704K, used 56839K [0x00000007d5500000, 0x00000007e1a00000, 0x0000000800000000)
  eden space 67584K, 76% used [0x00000007d5500000,0x00000007d8784760,0x00000007d9700000)
  from space 5120K, 99% used [0x00000007d9700000,0x00000007d9bfd710,0x00000007d9c00000)
  to   space 33280K, 0% used [0x00000007df980000,0x00000007df980000,0x00000007e1a00000)
 ParOldGen       total 87040K, used 32113K [0x0000000780000000, 0x0000000785500000, 0x00000007d5500000)
  object space 87040K, 36% used [0x0000000780000000,0x0000000781f5c438,0x0000000785500000)
 PSPermGen       total 21504K, used 11413K [0x000000077ae00000, 0x000000077c300000, 0x0000000780000000)
  object space 21504K, 53% used [0x000000077ae00000,0x000000077b925740,0x000000077c300000)
Event: 7.529 GC heap after
Heap after GC invocations=6 (full 0):
 PSYoungGen      total 164352K, used 5252K [0x00000007d5500000, 0x00000007e1600000, 0x0000000800000000)
  eden space 135168K, 0% used [0x00000007d5500000,0x00000007d5500000,0x00000007dd900000)
  from space 29184K, 17% used [0x00000007df980000,0x00000007dfea12d0,0x00000007e1600000)
  to   space 31232K, 0% used [0x00000007dd900000,0x00000007dd900000,0x00000007df780000)
 ParOldGen       total 87040K, used 32113K [0x0000000780000000, 0x0000000785500000, 0x00000007d5500000)
  object space 87040K, 36% used [0x0000000780000000,0x0000000781f5c438,0x0000000785500000)
 PSPermGen       total 21504K, used 11413K [0x000000077ae00000, 0x000000077c300000, 0x0000000780000000)
  object space 21504K, 53% used [0x000000077ae00000,0x000000077b925740,0x000000077c300000)
}

Deoptimization events (10 events):
Event: 11.236 Thread 0x00007f867a886800 Uncommon trap: reason=unreached action=reinterpret pc=0x000000010eaa6078 method=com.jme3.renderer.Camera.contains(Lcom/jme3/bounding/BoundingVolume;)Lcom/jme3/renderer/Camera$FrustumIntersect; @ 1
Event: 11.957 Thread 0x00007f867bb2b800 Uncommon trap: reason=unreached action=reinterpret pc=0x000000010ea80dfc method=java.lang.ThreadLocal$ThreadLocalMap.getEntry(Ljava/lang/ThreadLocal;)Ljava/lang/ThreadLocal$ThreadLocalMap$Entry; @ 21
Event: 11.993 Thread 0x00007f867b897000 Uncommon trap: reason=null_check action=make_not_entrant pc=0x000000010e9c4668 method=java.lang.String.equals(Ljava/lang/Object;)Z @ 8
Event: 12.052 Thread 0x00007f867bb2b800 Uncommon trap: reason=class_check action=maybe_recompile pc=0x000000010e9fa558 method=sun.misc.URLClassPath.getResource(Ljava/lang/String;Z)Lsun/misc/Resource; @ 53
Event: 12.055 Thread 0x00007f867bb2b800 Uncommon trap: reason=class_check action=maybe_recompile pc=0x000000010e9fa558 method=sun.misc.URLClassPath.getResource(Ljava/lang/String;Z)Lsun/misc/Resource; @ 53
Event: 12.056 Thread 0x00007f867bb2b800 Uncommon trap: reason=class_check action=maybe_recompile pc=0x000000010e9fa558 method=sun.misc.URLClassPath.getResource(Ljava/lang/String;Z)Lsun/misc/Resource; @ 53
Event: 12.075 Thread 0x00007f867bb2b800 Uncommon trap: reason=unreached action=reinterpret pc=0x000000010eae8244 method=java.lang.AbstractStringBuilder.append(Ljava/lang/String;)Ljava/lang/AbstractStringBuilder; @ 1
Event: 12.076 Thread 0x00007f867bb2b800 Uncommon trap: reason=unreached action=reinterpret pc=0x000000010eaa4348 method=java.lang.AbstractStringBuilder.append(Ljava/lang/String;)Ljava/lang/AbstractStringBuilder; @ 1
Event: 12.078 Thread 0x00007f867bb2b800 Uncommon trap: reason=unreached action=reinterpret pc=0x000000010e9e8c64 method=java.util.HashMap.get(Ljava/lang/Object;)Ljava/lang/Object; @ 1
Event: 12.078 Thread 0x00007f867bb2b800 Uncommon trap: reason=unreached action=reinterpret pc=0x000000010eae9e0c method=java.util.HashMap.put(Ljava/lang/Object;Ljava/lang/Object;)Ljava/lang/Object; @ 19

Internal exceptions (10 events):
Event: 12.114 Thread 0x00007f867bb2b800 Threw 0x00000007dba38aa8 at /HUDSON/workspace/7u-2-build-macosx-x86_64/jdk7u51/527/hotspot/src/share/vm/prims/jvm.cpp:1244
Event: 12.121 Thread 0x00007f867bb2b800 Threw 0x00000007dba49160 at /HUDSON/workspace/7u-2-build-macosx-x86_64/jdk7u51/527/hotspot/src/share/vm/prims/jvm.cpp:1244
Event: 12.121 Thread 0x00007f867bb2b800 Threw 0x00000007dba4dae0 at /HUDSON/workspace/7u-2-build-macosx-x86_64/jdk7u51/527/hotspot/src/share/vm/prims/jvm.cpp:1244
Event: 12.121 Thread 0x00007f867bb2b800 Threw 0x00000007dba52f58 at /HUDSON/workspace/7u-2-build-macosx-x86_64/jdk7u51/527/hotspot/src/share/vm/prims/jvm.cpp:1244
Event: 12.260 Thread 0x00007f867bb2b800 Threw 0x00000007dba66a68 at /HUDSON/workspace/7u-2-build-macosx-x86_64/jdk7u51/527/hotspot/src/share/vm/prims/jvm.cpp:1244
Event: 12.356 Thread 0x00007f867bb2b800 Threw 0x00000007dbea3868 at /HUDSON/workspace/7u-2-build-macosx-x86_64/jdk7u51/527/hotspot/src/share/vm/prims/jvm.cpp:1244
Event: 12.375 Thread 0x00007f867bb2b800 Threw 0x00000007dbecde80 at /HUDSON/workspace/7u-2-build-macosx-x86_64/jdk7u51/527/hotspot/src/share/vm/prims/jvm.cpp:1244
Event: 12.377 Thread 0x00007f867bb2b800 Threw 0x00000007dbed4810 at /HUDSON/workspace/7u-2-build-macosx-x86_64/jdk7u51/527/hotspot/src/share/vm/prims/jvm.cpp:1244
Event: 12.377 Thread 0x00007f867bb2b800 Threw 0x00000007dbed79b8 at /HUDSON/workspace/7u-2-build-macosx-x86_64/jdk7u51/527/hotspot/src/share/vm/prims/jvm.cpp:1244
Event: 13.705 Thread 0x00007f867bb2b800 Threw 0x00000007dc050ee8 at /HUDSON/workspace/7u-2-build-macosx-x86_64/jdk7u51/527/hotspot/src/share/vm/prims/jvm.cpp:1244

Events (10 events):
Event: 15.951 loading class 0x00007f867c05a4a0 done
Event: 15.952 loading class 0x00007f8681260f10
Event: 15.953 loading class 0x00007f8681260f10 done
Event: 15.953 loading class 0x00007f867ba854e0
Event: 15.953 loading class 0x00007f867ba854e0 done
Event: 15.983 loading class 0x0000000116bc0070
Event: 15.983 loading class 0x0000000116bc0070 done
Event: 16.007 loading class 0x00007f86821f61d0
Event: 16.007 loading class 0x00007f86821f61d0 done
Event: 16.008 Thread 0x00007f868246c800 Thread added: 0x00007f868246c800


Dynamic libraries:
0x000000000cdf0000 	/System/Library/Frameworks/Cocoa.framework/Versions/A/Cocoa
0x000000000cdf0000 	/System/Library/Frameworks/Security.framework/Versions/A/Security
0x000000000cdf0000 	/System/Library/Frameworks/ApplicationServices.framework/Versions/A/ApplicationServices
0x000000000cdf0000 	/usr/lib/libz.1.dylib
0x000000000cdf0000 	/usr/lib/libSystem.B.dylib
0x000000000cdf0000 	/usr/lib/libobjc.A.dylib
0x000000000cdf0000 	/System/Library/Frameworks/CoreFoundation.framework/Versions/A/CoreFoundation
0x000000000cdf0000 	/System/Library/Frameworks/Foundation.framework/Versions/C/Foundation
0x000000000cdf0000 	/System/Library/Frameworks/AppKit.framework/Versions/C/AppKit
0x000000000cdf0000 	/System/Library/Frameworks/CoreData.framework/Versions/A/CoreData
0x000000000cdf0000 	/System/Library/PrivateFrameworks/RemoteViewServices.framework/Versions/A/RemoteViewServices
0x000000000cdf0000 	/System/Library/PrivateFrameworks/UIFoundation.framework/Versions/A/UIFoundation
0x000000000cdf0000 	/System/Library/Frameworks/IOSurface.framework/Versions/A/IOSurface
0x000000000cdf0000 	/System/Library/Frameworks/AudioToolbox.framework/Versions/A/AudioToolbox
0x000000000cdf0000 	/System/Library/Frameworks/AudioUnit.framework/Versions/A/AudioUnit
0x000000000cdf0000 	/System/Library/PrivateFrameworks/DataDetectorsCore.framework/Versions/A/DataDetectorsCore
0x000000000cdf0000 	/System/Library/PrivateFrameworks/DesktopServicesPriv.framework/Versions/A/DesktopServicesPriv
0x000000000cdf0000 	/System/Library/Frameworks/Carbon.framework/Versions/A/Frameworks/HIToolbox.framework/Versions/A/HIToolbox
0x000000000cdf0000 	/System/Library/Frameworks/QuartzCore.framework/Versions/A/QuartzCore
0x000000000cdf0000 	/System/Library/Frameworks/Carbon.framework/Versions/A/Frameworks/SpeechRecognition.framework/Versions/A/SpeechRecognition
0x000000000cdf0000 	/usr/lib/libauto.dylib
0x000000000cdf0000 	/usr/lib/libicucore.A.dylib
0x000000000cdf0000 	/usr/lib/libxml2.2.dylib
0x000000000cdf0000 	/System/Library/PrivateFrameworks/CoreUI.framework/Versions/A/CoreUI
0x000000000cdf0000 	/System/Library/Frameworks/CoreAudio.framework/Versions/A/CoreAudio
0x000000000cdf0000 	/System/Library/Frameworks/DiskArbitration.framework/Versions/A/DiskArbitration
0x000000000cdf0000 	/usr/lib/liblangid.dylib
0x000000000cdf0000 	/System/Library/PrivateFrameworks/MultitouchSupport.framework/Versions/A/MultitouchSupport
0x000000000cdf0000 	/System/Library/Frameworks/IOKit.framework/Versions/A/IOKit
0x000000000cdf0000 	/usr/lib/libDiagnosticMessagesClient.dylib
0x000000000cdf0000 	/System/Library/Frameworks/CoreServices.framework/Versions/A/CoreServices
0x000000000cdf0000 	/System/Library/PrivateFrameworks/PerformanceAnalysis.framework/Versions/A/PerformanceAnalysis
0x000000000cdf0000 	/System/Library/PrivateFrameworks/GenerationalStorage.framework/Versions/A/GenerationalStorage
0x000000000cdf0000 	/System/Library/Frameworks/OpenGL.framework/Versions/A/OpenGL
0x000000000cdf0000 	/System/Library/PrivateFrameworks/Sharing.framework/Versions/A/Sharing
0x000000000cdf0000 	/System/Library/Frameworks/CoreGraphics.framework/Versions/A/CoreGraphics
0x000000000cdf0000 	/System/Library/Frameworks/CoreText.framework/Versions/A/CoreText
0x000000000cdf0000 	/System/Library/Frameworks/ImageIO.framework/Versions/A/ImageIO
0x000000000cdf0000 	/usr/lib/libextension.dylib
0x000000000cdf0000 	/System/Library/PrivateFrameworks/Backup.framework/Versions/A/Backup
0x000000000cdf0000 	/usr/lib/libarchive.2.dylib
0x000000000cdf0000 	/System/Library/Frameworks/CFNetwork.framework/Versions/A/CFNetwork
0x000000000cdf0000 	/System/Library/Frameworks/SystemConfiguration.framework/Versions/A/SystemConfiguration
0x000000000cdf0000 	/usr/lib/libCRFSuite.dylib
0x000000000cdf0000 	/usr/lib/libc++.1.dylib
0x000000000cdf0000 	/usr/lib/libc++abi.dylib
0x000000000cdf0000 	/usr/lib/system/libcache.dylib
0x000000000cdf0000 	/usr/lib/system/libcommonCrypto.dylib
0x000000000cdf0000 	/usr/lib/system/libcompiler_rt.dylib
0x000000000cdf0000 	/usr/lib/system/libcopyfile.dylib
0x000000000cdf0000 	/usr/lib/system/libcorecrypto.dylib
0x000000000cdf0000 	/usr/lib/system/libdispatch.dylib
0x000000000cdf0000 	/usr/lib/system/libdyld.dylib
0x000000000cdf0000 	/usr/lib/system/libkeymgr.dylib
0x000000000cdf0000 	/usr/lib/system/liblaunch.dylib
0x000000000cdf0000 	/usr/lib/system/libmacho.dylib
0x000000000cdf0000 	/usr/lib/system/libquarantine.dylib
0x000000000cdf0000 	/usr/lib/system/libremovefile.dylib
0x000000000cdf0000 	/usr/lib/system/libsystem_asl.dylib
0x000000000cdf0000 	/usr/lib/system/libsystem_blocks.dylib
0x000000000cdf0000 	/usr/lib/system/libsystem_c.dylib
0x000000000cdf0000 	/usr/lib/system/libsystem_configuration.dylib
0x000000000cdf0000 	/usr/lib/system/libsystem_coreservices.dylib
0x000000000cdf0000 	/usr/lib/system/libsystem_coretls.dylib
0x000000000cdf0000 	/usr/lib/system/libsystem_dnssd.dylib
0x000000000cdf0000 	/usr/lib/system/libsystem_info.dylib
0x000000000cdf0000 	/usr/lib/system/libsystem_kernel.dylib
0x000000000cdf0000 	/usr/lib/system/libsystem_m.dylib
0x000000000cdf0000 	/usr/lib/system/libsystem_malloc.dylib
0x000000000cdf0000 	/usr/lib/system/libsystem_network.dylib
0x000000000cdf0000 	/usr/lib/system/libsystem_networkextension.dylib
0x000000000cdf0000 	/usr/lib/system/libsystem_notify.dylib
0x000000000cdf0000 	/usr/lib/system/libsystem_platform.dylib
0x000000000cdf0000 	/usr/lib/system/libsystem_pthread.dylib
0x000000000cdf0000 	/usr/lib/system/libsystem_sandbox.dylib
0x000000000cdf0000 	/usr/lib/system/libsystem_secinit.dylib
0x000000000cdf0000 	/usr/lib/system/libsystem_stats.dylib
0x000000000cdf0000 	/usr/lib/system/libsystem_trace.dylib
0x000000000cdf0000 	/usr/lib/system/libunc.dylib
0x000000000cdf0000 	/usr/lib/system/libunwind.dylib
0x000000000cdf0000 	/usr/lib/system/libxpc.dylib
0x000000000cdf0000 	/usr/lib/libbz2.1.0.dylib
0x000000000cdf0000 	/usr/lib/liblzma.5.dylib
0x000000000cdf0000 	/usr/lib/libbsm.0.dylib
0x000000000cdf0000 	/usr/lib/libsqlite3.dylib
0x000000000cdf0000 	/usr/lib/system/libkxld.dylib
0x000000000cdf0000 	/usr/lib/libxar.1.dylib
0x000000000cdf0000 	/usr/lib/libpam.2.dylib
0x000000000cdf0000 	/usr/lib/libOpenScriptingUtil.dylib
0x000000000cdf0000 	/System/Library/Frameworks/CoreServices.framework/Versions/A/Frameworks/FSEvents.framework/Versions/A/FSEvents
0x000000000cdf0000 	/System/Library/Frameworks/CoreServices.framework/Versions/A/Frameworks/CarbonCore.framework/Versions/A/CarbonCore
0x000000000cdf0000 	/System/Library/Frameworks/CoreServices.framework/Versions/A/Frameworks/Metadata.framework/Versions/A/Metadata
0x000000000cdf0000 	/System/Library/Frameworks/CoreServices.framework/Versions/A/Frameworks/OSServices.framework/Versions/A/OSServices
0x000000000cdf0000 	/System/Library/Frameworks/CoreServices.framework/Versions/A/Frameworks/SearchKit.framework/Versions/A/SearchKit
0x000000000cdf0000 	/System/Library/Frameworks/CoreServices.framework/Versions/A/Frameworks/AE.framework/Versions/A/AE
0x000000000cdf0000 	/System/Library/Frameworks/CoreServices.framework/Versions/A/Frameworks/LaunchServices.framework/Versions/A/LaunchServices
0x000000000cdf0000 	/System/Library/Frameworks/CoreServices.framework/Versions/A/Frameworks/DictionaryServices.framework/Versions/A/DictionaryServices
0x000000000cdf0000 	/System/Library/Frameworks/NetFS.framework/Versions/A/NetFS
0x000000000cdf0000 	/System/Library/PrivateFrameworks/NetAuth.framework/Versions/A/NetAuth
0x000000000cdf0000 	/System/Library/PrivateFrameworks/login.framework/Versions/A/Frameworks/loginsupport.framework/Versions/A/loginsupport
0x000000000cdf0000 	/System/Library/PrivateFrameworks/TCC.framework/Versions/A/TCC
0x000000000cdf0000 	/usr/lib/libmecabra.dylib
0x000000000cdf0000 	/System/Library/Frameworks/ApplicationServices.framework/Versions/A/Frameworks/ATS.framework/Versions/A/ATS
0x000000000cdf0000 	/System/Library/Frameworks/ApplicationServices.framework/Versions/A/Frameworks/ColorSync.framework/Versions/A/ColorSync
0x000000000cdf0000 	/System/Library/Frameworks/ApplicationServices.framework/Versions/A/Frameworks/HIServices.framework/Versions/A/HIServices
0x000000000cdf0000 	/System/Library/Frameworks/ApplicationServices.framework/Versions/A/Frameworks/LangAnalysis.framework/Versions/A/LangAnalysis
0x000000000cdf0000 	/System/Library/Frameworks/ApplicationServices.framework/Versions/A/Frameworks/PrintCore.framework/Versions/A/PrintCore
0x000000000cdf0000 	/System/Library/Frameworks/ApplicationServices.framework/Versions/A/Frameworks/QD.framework/Versions/A/QD
0x000000000cdf0000 	/System/Library/Frameworks/ApplicationServices.framework/Versions/A/Frameworks/SpeechSynthesis.framework/Versions/A/SpeechSynthesis
0x000000000cdf0000 	/System/Library/Frameworks/Accelerate.framework/Versions/A/Accelerate
0x000000000cdf0000 	/System/Library/Frameworks/Accelerate.framework/Versions/A/Frameworks/vImage.framework/Versions/A/vImage
0x000000000cdf0000 	/System/Library/Frameworks/Accelerate.framework/Versions/A/Frameworks/vecLib.framework/Versions/A/vecLib
0x000000000cdf0000 	/System/Library/Frameworks/Accelerate.framework/Versions/A/Frameworks/vecLib.framework/Versions/A/libvDSP.dylib
0x000000000cdf0000 	/System/Library/Frameworks/Accelerate.framework/Versions/A/Frameworks/vecLib.framework/Versions/A/libvMisc.dylib
0x000000000cdf0000 	/System/Library/Frameworks/Accelerate.framework/Versions/A/Frameworks/vecLib.framework/Versions/A/libLAPACK.dylib
0x000000000cdf0000 	/System/Library/Frameworks/Accelerate.framework/Versions/A/Frameworks/vecLib.framework/Versions/A/libBLAS.dylib
0x000000000cdf0000 	/System/Library/Frameworks/Accelerate.framework/Versions/A/Frameworks/vecLib.framework/Versions/A/libLinearAlgebra.dylib
0x000000000cdf0000 	/System/Library/Frameworks/ApplicationServices.framework/Versions/A/Frameworks/ATS.framework/Versions/A/Resources/libFontParser.dylib
0x000000000cdf0000 	/System/Library/Frameworks/ApplicationServices.framework/Versions/A/Frameworks/ATS.framework/Versions/A/Resources/libFontRegistry.dylib
0x000000000cdf0000 	/System/Library/PrivateFrameworks/AppleVPA.framework/Versions/A/AppleVPA
0x000000000cdf0000 	/System/Library/PrivateFrameworks/AppleJPEG.framework/Versions/A/AppleJPEG
0x000000000cdf0000 	/System/Library/Frameworks/ImageIO.framework/Versions/A/Resources/libJPEG.dylib
0x000000000cdf0000 	/System/Library/Frameworks/ImageIO.framework/Versions/A/Resources/libTIFF.dylib
0x000000000cdf0000 	/System/Library/Frameworks/ImageIO.framework/Versions/A/Resources/libPng.dylib
0x000000000cdf0000 	/System/Library/Frameworks/ImageIO.framework/Versions/A/Resources/libGIF.dylib
0x000000000cdf0000 	/System/Library/Frameworks/ImageIO.framework/Versions/A/Resources/libJP2.dylib
0x000000000cdf0000 	/System/Library/Frameworks/ImageIO.framework/Versions/A/Resources/libRadiance.dylib
0x000000000cdf0000 	/System/Library/Frameworks/CoreVideo.framework/Versions/A/CoreVideo
0x000000000cdf0000 	/System/Library/Frameworks/OpenGL.framework/Versions/A/Libraries/libGLU.dylib
0x000000000cdf0000 	/System/Library/Frameworks/OpenGL.framework/Versions/A/Libraries/libGFXShared.dylib
0x000000000cdf0000 	/System/Library/Frameworks/OpenGL.framework/Versions/A/Libraries/libGL.dylib
0x000000000cdf0000 	/System/Library/Frameworks/OpenGL.framework/Versions/A/Libraries/libGLImage.dylib
0x000000000cdf0000 	/System/Library/Frameworks/OpenGL.framework/Versions/A/Libraries/libCVMSPluginSupport.dylib
0x000000000cdf0000 	/System/Library/Frameworks/OpenGL.framework/Versions/A/Libraries/libCoreVMClient.dylib
0x000000000cdf0000 	/usr/lib/libcups.2.dylib
0x000000000cdf0000 	/System/Library/Frameworks/Kerberos.framework/Versions/A/Kerberos
0x000000000cdf0000 	/System/Library/Frameworks/GSS.framework/Versions/A/GSS
0x000000000cdf0000 	/usr/lib/libresolv.9.dylib
0x000000000cdf0000 	/usr/lib/libiconv.2.dylib
0x000000000cdf0000 	/System/Library/PrivateFrameworks/Heimdal.framework/Versions/A/Heimdal
0x000000000cdf0000 	/usr/lib/libheimdal-asn1.dylib
0x000000000cdf0000 	/System/Library/Frameworks/OpenDirectory.framework/Versions/A/OpenDirectory
0x000000000cdf0000 	/System/Library/PrivateFrameworks/CommonAuth.framework/Versions/A/CommonAuth
0x000000000cdf0000 	/System/Library/Frameworks/OpenDirectory.framework/Versions/A/Frameworks/CFOpenDirectory.framework/Versions/A/CFOpenDirectory
0x000000000cdf0000 	/System/Library/Frameworks/SecurityFoundation.framework/Versions/A/SecurityFoundation
0x000000000cdf0000 	/System/Library/PrivateFrameworks/LanguageModeling.framework/Versions/A/LanguageModeling
0x000000000cdf0000 	/usr/lib/libcmph.dylib
0x000000000cdf0000 	/System/Library/Frameworks/ServiceManagement.framework/Versions/A/ServiceManagement
0x000000000cdf0000 	/usr/lib/libxslt.1.dylib
0x000000000cdf0000 	/System/Library/Frameworks/Carbon.framework/Versions/A/Frameworks/Ink.framework/Versions/A/Ink
0x000000000cdf0000 	/System/Library/Frameworks/QuartzCore.framework/Versions/A/Frameworks/CoreImage.framework/Versions/A/CoreImage
0x000000000cdf0000 	/System/Library/PrivateFrameworks/CrashReporterSupport.framework/Versions/A/CrashReporterSupport
0x000000000cdf0000 	/System/Library/Frameworks/OpenCL.framework/Versions/A/OpenCL
0x000000000cdf0000 	/System/Library/PrivateFrameworks/FaceCore.framework/Versions/A/FaceCore
0x000000000cdf0000 	/System/Library/PrivateFrameworks/Ubiquity.framework/Versions/A/Ubiquity
0x000000000cdf0000 	/System/Library/PrivateFrameworks/IconServices.framework/Versions/A/IconServices
0x000000000cdf0000 	/System/Library/PrivateFrameworks/ChunkingLibrary.framework/Versions/A/ChunkingLibrary
0x000000000cdf0000 	/System/Library/PrivateFrameworks/Apple80211.framework/Versions/A/Apple80211
0x000000000cdf0000 	/System/Library/Frameworks/CoreWLAN.framework/Versions/A/CoreWLAN
0x000000000cdf0000 	/System/Library/Frameworks/IOBluetooth.framework/Versions/A/IOBluetooth
0x000000000cdf0000 	/System/Library/PrivateFrameworks/CoreWiFi.framework/Versions/A/CoreWiFi
0x000000000cdf0000 	/System/Library/Frameworks/CoreBluetooth.framework/Versions/A/CoreBluetooth
0x000000000cdf0000 	/System/Library/PrivateFrameworks/DebugSymbols.framework/Versions/A/DebugSymbols
0x000000000cdf0000 	/System/Library/PrivateFrameworks/CoreSymbolication.framework/Versions/A/CoreSymbolication
0x000000000cdf0000 	/System/Library/PrivateFrameworks/Symbolication.framework/Versions/A/Symbolication
0x000000000cdf0000 	/System/Library/PrivateFrameworks/SpeechRecognitionCore.framework/Versions/A/SpeechRecognitionCore
0x000000010de00000 	/Users/atsampikakis/Downloads/jMonkeyPlatform.app/Contents/Resources/jmonkeyplatform/jdk/jre/lib/server/libjvm.dylib
0x000000000cdf0000 	/usr/lib/libstdc++.6.dylib
0x000000010d528000 	/Users/atsampikakis/Downloads/jMonkeyPlatform.app/Contents/Resources/jmonkeyplatform/jdk/jre/lib/libverify.dylib
0x000000010d535000 	/Users/atsampikakis/Downloads/jMonkeyPlatform.app/Contents/Resources/jmonkeyplatform/jdk/jre/lib/libjava.dylib
0x000000010d56f000 	/Users/atsampikakis/Downloads/jMonkeyPlatform.app/Contents/Resources/jmonkeyplatform/jdk/jre/lib/libzip.dylib
0x0000000118147000 	/System/Library/Frameworks/JavaVM.framework/Frameworks/JavaRuntimeSupport.framework/JavaRuntimeSupport
0x000000011815f000 	/System/Library/Frameworks/JavaVM.framework/Versions/A/Frameworks/JavaNativeFoundation.framework/Versions/A/JavaNativeFoundation
0x0000000118174000 	/System/Library/Frameworks/JavaVM.framework/Versions/A/JavaVM
0x000000000cdf0000 	/System/Library/Frameworks/Carbon.framework/Versions/A/Carbon
0x000000010d5f4000 	/System/Library/PrivateFrameworks/JavaLaunching.framework/Versions/A/JavaLaunching
0x000000000cdf0000 	/System/Library/Frameworks/Carbon.framework/Versions/A/Frameworks/CommonPanels.framework/Versions/A/CommonPanels
0x000000000cdf0000 	/System/Library/Frameworks/Carbon.framework/Versions/A/Frameworks/Help.framework/Versions/A/Help
0x000000000cdf0000 	/System/Library/Frameworks/Carbon.framework/Versions/A/Frameworks/ImageCapture.framework/Versions/A/ImageCapture
0x000000000cdf0000 	/System/Library/Frameworks/Carbon.framework/Versions/A/Frameworks/OpenScripting.framework/Versions/A/OpenScripting
0x000000000cdf0000 	/System/Library/Frameworks/Carbon.framework/Versions/A/Frameworks/Print.framework/Versions/A/Print
0x000000000cdf0000 	/System/Library/Frameworks/Carbon.framework/Versions/A/Frameworks/SecurityHI.framework/Versions/A/SecurityHI
0x0000000119f44000 	/Users/atsampikakis/Downloads/jMonkeyPlatform.app/Contents/Resources/jmonkeyplatform/jdk/jre/lib/libnio.dylib
0x0000000119f53000 	/Users/atsampikakis/Downloads/jMonkeyPlatform.app/Contents/Resources/jmonkeyplatform/jdk/jre/lib/./libnet.dylib
0x000000011a0b3000 	/Users/atsampikakis/Downloads/jMonkeyPlatform.app/Contents/Resources/jmonkeyplatform/jdk/jre/lib/libawt.dylib
0x000000011a162000 	/Users/atsampikakis/Downloads/jMonkeyPlatform.app/Contents/Resources/jmonkeyplatform/jdk/jre/lib/./libmlib_image.dylib
0x000000011a22e000 	/Users/atsampikakis/Downloads/jMonkeyPlatform.app/Contents/Resources/jmonkeyplatform/jdk/jre/lib/lwawt/liblwawt.dylib
0x000000011a2e2000 	/Users/atsampikakis/Downloads/jMonkeyPlatform.app/Contents/Resources/jmonkeyplatform/jdk/jre/lib/libosxapp.dylib
0x000000000cdf0000 	/System/Library/Frameworks/ExceptionHandling.framework/Versions/A/ExceptionHandling
0x000000000cdf0000 	/System/Library/PrivateFrameworks/CoreServicesInternal.framework/Versions/A/CoreServicesInternal
0x000000000cdf0000 	/System/Library/PrivateFrameworks/CloudDocs.framework/Versions/A/CloudDocs
0x000000000cdf0000 	/System/Library/PrivateFrameworks/CoreDuet.framework/Versions/A/CoreDuet
0x000000000cdf0000 	/System/Library/Frameworks/CloudKit.framework/Versions/A/CloudKit
0x000000000cdf0000 	/System/Library/PrivateFrameworks/ProtocolBuffer.framework/Versions/A/ProtocolBuffer
0x000000000cdf0000 	/System/Library/PrivateFrameworks/CoreDuetDaemonProtocol.framework/Versions/A/CoreDuetDaemonProtocol
0x000000000cdf0000 	/System/Library/PrivateFrameworks/CoreDuetDebugLogging.framework/Versions/A/CoreDuetDebugLogging
0x000000000cdf0000 	/System/Library/Frameworks/CoreLocation.framework/Versions/A/CoreLocation
0x000000000cdf0000 	/System/Library/Frameworks/Accounts.framework/Versions/A/Accounts
0x000000000cdf0000 	/System/Library/PrivateFrameworks/ApplePushService.framework/Versions/A/ApplePushService
0x000000000cdf0000 	/System/Library/PrivateFrameworks/GeoServices.framework/Versions/A/GeoServices
0x000000000cdf0000 	/System/Library/PrivateFrameworks/OAuth.framework/Versions/A/OAuth
0x000000000cdf0000 	/System/Library/PrivateFrameworks/CoreDaemon.framework/Versions/B/CoreDaemon
0x000000000cdf0000 	/usr/lib/libcrypto.0.9.8.dylib
0x000000000cdf0000 	/System/Library/PrivateFrameworks/AppleSRP.framework/Versions/A/AppleSRP
0x000000000cdf0000 	/System/Library/PrivateFrameworks/TrustEvaluationAgent.framework/Versions/A/TrustEvaluationAgent
0x000000000cdf0000 	/System/Library/Frameworks/CoreGraphics.framework/Versions/A/Resources/libCGCMS.A.dylib
0x000000000cdf0000 	/System/Library/Frameworks/CoreGraphics.framework/Versions/A/Resources/libRIP.A.dylib
0x000000000cdf0000 	/System/Library/Frameworks/CoreGraphics.framework/Versions/A/Resources/libCGXType.A.dylib
0x000000000cdf0000 	/System/Library/Frameworks/OpenCL.framework/Versions/A/Libraries/libcldcpuengine.dylib
0x000000000cdf0000 	/System/Library/PrivateFrameworks/DiskImages.framework/Versions/A/DiskImages
0x000000000cdf0000 	/System/Library/Frameworks/DiscRecording.framework/Versions/A/DiscRecording
0x000000000cdf0000 	/usr/lib/libcsfde.dylib
0x000000000cdf0000 	/usr/lib/libcurl.4.dylib
0x000000000cdf0000 	/System/Library/PrivateFrameworks/MediaKit.framework/Versions/A/MediaKit
0x000000000cdf0000 	/System/Library/PrivateFrameworks/ProtectedCloudStorage.framework/Versions/A/ProtectedCloudStorage
0x000000000cdf0000 	/usr/lib/libCoreStorage.dylib
0x000000000cdf0000 	/System/Library/PrivateFrameworks/EFILogin.framework/Versions/A/EFILogin
0x000000000cdf0000 	/usr/lib/libutil.dylib
0x000000000cdf0000 	/System/Library/PrivateFrameworks/FindMyDevice.framework/Versions/A/FindMyDevice
0x000000000cdf0000 	/System/Library/Frameworks/LDAP.framework/Versions/A/LDAP
0x000000000cdf0000 	/usr/lib/libsasl2.2.dylib
0x000000011d239000 	cl_kernels
0x000000011d23b000 	/System/Library/Frameworks/OpenCL.framework/Versions/A/Libraries/ImageFormats/unorm8_bgra.dylib
0x000000011d22b000 	cl_kernels
0x000000000cdf0000 	/System/Library/PrivateFrameworks/FamilyControls.framework/Versions/A/FamilyControls
0x000000000cdf0000 	/System/Library/PrivateFrameworks/CommerceKit.framework/Versions/A/Frameworks/CommerceCore.framework/Versions/A/CommerceCore
0x000000000cdf0000 	/System/Library/PrivateFrameworks/SystemAdministration.framework/Versions/A/SystemAdministration
0x000000000cdf0000 	/System/Library/PrivateFrameworks/AppContainer.framework/Versions/A/AppContainer
0x000000000cdf0000 	/System/Library/PrivateFrameworks/SecCodeWrapper.framework/Versions/A/SecCodeWrapper
0x000000000cdf0000 	/System/Library/Frameworks/DirectoryService.framework/Versions/A/DirectoryService
0x000000000cdf0000 	/System/Library/PrivateFrameworks/LoginUIKit.framework/Versions/A/Frameworks/LoginUICore.framework/Versions/A/LoginUICore
0x000000000cdf0000 	/usr/lib/libodfde.dylib
0x000000011e4bf000 	/Users/atsampikakis/Downloads/jMonkeyPlatform.app/Contents/Resources/jmonkeyplatform/jdk/jre/lib/libfontmanager.dylib
0x000000011e526000 	/Users/atsampikakis/Developer/jmonkeyengine/mitv/liblwjgl.dylib
0x000000011c6ae000 	/Users/atsampikakis/Downloads/jMonkeyPlatform.app/Contents/Resources/jmonkeyplatform/jdk/jre/lib/libjawt.dylib
0x000000000cdf0000 	/System/Library/Frameworks/OpenGL.framework/Versions/A/Resources/GLEngine.bundle/GLEngine
0x000000000cdf0000 	/System/Library/Frameworks/OpenGL.framework/Versions/A/Libraries/libGLProgrammability.dylib
0x0000000000000000 	/System/Library/Extensions/AppleIntelHD5000GraphicsGLDriver.bundle/Contents/MacOS/AppleIntelHD5000GraphicsGLDriver
0x000000000cdf0000 	/System/Library/PrivateFrameworks/IOAccelerator.framework/Versions/A/IOAccelerator
0x000000000cdf0000 	/System/Library/PrivateFrameworks/GPUSupport.framework/Versions/A/Libraries/libGPUSupportMercury.dylib
0x000000000cdf0000 	/System/Library/Frameworks/OpenGL.framework/Versions/A/Resources/GLRendererFloat.bundle/GLRendererFloat
0x000000011f1f6000 	/Users/atsampikakis/Developer/jmonkeyengine/mitv/openal.dylib
0x000000011f279000 	/System/Library/Components/CoreAudio.component/Contents/MacOS/CoreAudio
0x000000011f54e000 	/System/Library/Extensions/AppleHDA.kext/Contents/PlugIns/AppleHDAHALPlugIn.bundle/Contents/MacOS/AppleHDAHALPlugIn
0x000000011fd91000 	/Users/atsampikakis/Downloads/jMonkeyPlatform.app/Contents/Resources/jmonkeyplatform/jdk/jre/lib/libjpeg.dylib
0x0000000120195000 	/Users/atsampikakis/Downloads/jMonkeyPlatform.app/Contents/Resources/jmonkeyplatform/jdk/jre/lib/libkcms.dylib
0x000000011fa30000 	/Users/atsampikakis/Downloads/jMonkeyPlatform.app/Contents/Resources/jmonkeyplatform/jdk/jre/lib/libosxui.dylib
0x00000001203ed000 	/Users/atsampikakis/Downloads/jMonkeyPlatform.app/Contents/Resources/jmonkeyplatform/jdk/jre/lib/libosx.dylib
0x000000000cdf0000 	/System/Library/Frameworks/Accelerate.framework/Versions/A/Frameworks/vImage.framework/Versions/A/Libraries/libCGInterfaces.dylib

VM Arguments:
jvm_args: -Dfile.encoding=UTF-8 
java_command: presentation.Main
Launcher Type: SUN_STANDARD

Environment Variables:
PATH=/usr/bin:/bin:/usr/sbin:/sbin
LD_LIBRARY_PATH=/Users/atsampikakis/Downloads/jMonkeyPlatform.app/Contents/MacOS/../Resources/jmonkeyplatform/bin/../jdk/jre/lib/amd64:/Users/atsampikakis/Downloads/jMonkeyPlatform.app/Contents/MacOS/../Resources/jmonkeyplatform/bin/../jdk/jre/lib/i386:
SHELL=/bin/zsh

Signal Handlers:
SIGSEGV: [libjvm.dylib+0x525425], sa_mask[0]=0xfffefeff, sa_flags=0x00000043
SIGBUS: [libjvm.dylib+0x525425], sa_mask[0]=0xfffefeff, sa_flags=0x00000042
SIGFPE: [libjvm.dylib+0x41892a], sa_mask[0]=0xfffefeff, sa_flags=0x00000042
SIGPIPE: [libjvm.dylib+0x41892a], sa_mask[0]=0xfffefeff, sa_flags=0x00000042
SIGXFSZ: [libjvm.dylib+0x41892a], sa_mask[0]=0xfffefeff, sa_flags=0x00000042
SIGILL: [libjvm.dylib+0x41892a], sa_mask[0]=0xfffefeff, sa_flags=0x00000042
SIGUSR1: SIG_DFL, sa_mask[0]=0x00000000, sa_flags=0x00000000
SIGUSR2: [libjvm.dylib+0x41841c], sa_mask[0]=0x00000004, sa_flags=0x00000042
SIGHUP: [libjvm.dylib+0x4166ab], sa_mask[0]=0xfffefeff, sa_flags=0x00000042
SIGINT: SIG_IGN, sa_mask[0]=0x00000000, sa_flags=0x00000000
SIGTERM: [libjvm.dylib+0x4166ab], sa_mask[0]=0xfffefeff, sa_flags=0x00000042
SIGQUIT: [libjvm.dylib+0x4166ab], sa_mask[0]=0xfffefeff, sa_flags=0x00000042


---------------  S Y S T E M  ---------------

OS:Bsduname:Darwin 14.1.0 Darwin Kernel Version 14.1.0: Mon Dec 22 23:10:38 PST 2014; root:xnu-2782.10.72~2/RELEASE_X86_64 x86_64
rlimit: STACK 8192k, CORE 0k, NPROC 709, NOFILE 10240, AS infinity
load average:2.03 2.17 2.34

CPU:total 4 (2 cores per cpu, 2 threads per core) family 6 model 69 stepping 1, cmov, cx8, fxsr, mmx, sse, sse2, sse3, ssse3, sse4.1, sse4.2, popcnt, avx, avx2, aes, erms, ht, tsc, tscinvbit

Memory: 4k page, physical 8388608k(2097152k free)

/proc/meminfo:


vm_info: Java HotSpot(TM) 64-Bit Server VM (24.51-b03) for bsd-amd64 JRE (1.7.0_51-b13), built on Dec 18 2013 18:45:56 by "java_re" with gcc 4.2.1 (Based on Apple Inc. build 5658) (LLVM build 2336.11.00)

time: Fri May  8 10:06:30 2015
elapsed time: 16 seconds

