#
# A fatal error has been detected by the Java Runtime Environment:
#
#  SIGSEGV (0xb) at pc=0x00007fff952e2e65, pid=1038, tid=69327
#
# JRE version: Java(TM) SE Runtime Environment (7.0_51-b13) (build 1.7.0_51-b13)
# Java VM: Java HotSpot(TM) 64-Bit Server VM (24.51-b03 mixed mode bsd-amd64 compressed oops)
# Problematic frame:
# C  [libobjc.A.dylib+0x7e65]  (anonymous namespace)::AutoreleasePoolPage::pop(void*)+0x215
#
# Failed to write core dump. Core dumps have been disabled. To enable core dumping, try "ulimit -c unlimited" before starting Java again
#
# If you would like to submit a bug report, please visit:
#   http://bugreport.sun.com/bugreport/crash.jsp
# The crash happened outside the Java Virtual Machine in native code.
# See problematic frame for where to report the bug.
#

---------------  T H R E A D  ---------------

Current thread (0x00007f8a4b9c8800):  JavaThread "LWJGL Renderer Thread" [_thread_in_native, id=69327, stack(0x0000000125a01000,0x0000000125b01000)]

siginfo:si_signo=SIGSEGV: si_errno=0, si_code=1 (SEGV_MAPERR), si_addr=0x0000000000000010

Registers:
RAX=0x00007f8a4b802038, RBX=0x0000000000000000, RCX=0x00007f8a4b802038, RDX=0x00000000000e9000
RSP=0x0000000125b001b0, RBP=0x0000000125b005f0, RSI=0x00007fff945f134e, RDI=0x00007f8a4c0c7038
R8 =0x0000000000000011, R9 =0x00007f8a4de00000, R10=0x00007f8a4b723bf0, R11=0x00007fff7ea4c188
R12=0xa3a3a3a3a3a3a3a3, R13=0x00007fff7f221070, R14=0x00007f8a4c0c7038, R15=0x00007f8a4c0c7000
RIP=0x00007fff952e2e65, EFLAGS=0x0000000000010246, ERR=0x0000000000000004
  TRAPNO=0x000000000000000e

Top of Stack: (sp=0x0000000125b001b0)
0x0000000125b001b0:   0000000010000004 00007f8a4c0c7038
0x0000000125b001c0:   003f1e00003f1e00 0000000010000004
0x0000000125b001d0:   0000000125b00200 00007f8a4b600350
0x0000000125b001e0:   0000000125b00330 00007fff9993c24f
0x0000000125b001f0:   0000000100000000 0000000000000000
0x0000000125b00200:   0000001800000011 0000000000000b03
0x0000000125b00210:   0000000000000004 000000010798b400
0x0000000125b00220:   0000000125b00310 00007fff91730289
0x0000000125b00230:   000000010798aa00 000000000000000f
0x0000000125b00240:   0000000125b00280 00007fff91199dd4
0x0000000125b00250:   000000010798aa00 0000000000000000
0x0000000125b00260:   0000000125b002dc 00007fff91199dd4
0x0000000125b00270:   0000000125b002e4 0000000000000000
0x0000000125b00280:   0000000125b002fc 0000000125b00300
0x0000000125b00290:   0000000125b00304 00007f8a4b40dd30
0x0000000125b002a0:   ffffffffffffffff 0001206800000040
0x0000000125b002b0:   00007f8a4b40dd48 00007f8a4b40dd30
0x0000000125b002c0:   00007fff7f221070 0000000000000001
0x0000000125b002d0:   00007fff7edaaf80 00007f8a4b41f6f0
0x0000000125b002e0:   0000000125b00320 00007fff91199b4e
0x0000000125b002f0:   00007fff7e07a110 00007f8a4de12760
0x0000000125b00300:   0000000125b00360 00007fff7e07a110
0x0000000125b00310:   0000000125b00340 00007fff952fd225
0x0000000125b00320:   0000000125b00330 0000000107987000
0x0000000125b00330:   0000000125b003d0 00007fff917334ff
0x0000000125b00340:   0000000125b003a0 00007fff952fc97a
0x0000000125b00350:   00007f8a4de12788 ffff8075b21ed8a0
0x0000000125b00360:   00007f8a52bbcd50 00007f8a52bbd000
0x0000000125b00370:   00007f8a4defc080 00007f8a4de12730
0x0000000125b00380:   0000000000000003 00007f8a4de12730
0x0000000125b00390:   00007f8a4de00000 0000000107980003
0x0000000125b003a0:   0000000107987000 00007f8a4de12760 

Instructions: (pc=0x00007fff952e2e65)
0x00007fff952e2e45:   74 15 81 3b a1 a1 a1 a1 74 0d be 01 00 00 00 48
0x00007fff952e2e55:   89 df e8 64 a1 01 00 65 48 89 1c 25 58 01 00 00
0x00007fff952e2e65:   48 8b 43 10 48 8d 4b 38 48 39 c8 74 cc 48 83 c3
0x00007fff952e2e75:   10 48 8d 48 f8 48 89 0b 48 8b 78 f8 4c 89 60 f8 

Register to memory mapping:

RAX=0x00007f8a4b802038 is an unknown value
RBX=0x0000000000000000 is an unknown value
RCX=0x00007f8a4b802038 is an unknown value
RDX=0x00000000000e9000 is an unknown value
RSP=0x0000000125b001b0 is pointing into the stack for thread: 0x00007f8a4b9c8800
RBP=0x0000000125b005f0 is pointing into the stack for thread: 0x00007f8a4b9c8800
RSI=0x00007fff945f134e is an unknown value
RDI=0x00007f8a4c0c7038 is an unknown value
R8 =0x0000000000000011 is an unknown value
R9 =0x00007f8a4de00000 is an unknown value
R10=0x00007f8a4b723bf0 is an unknown value
R11=0x00007fff7ea4c188: OBJC_CLASS_$_NSAutoreleasePool+0 in /System/Library/Frameworks/Foundation.framework/Versions/C/Foundation at 0x00007fff98de8000
R12=0xa3a3a3a3a3a3a3a3 is an unknown value
R13=0x00007fff7f221070: __stack_chk_guard+0 in /usr/lib/system/libsystem_c.dylib at 0x00007fff9b27c000
R14=0x00007f8a4c0c7038 is an unknown value
R15=0x00007f8a4c0c7000 is an unknown value


Stack: [0x0000000125a01000,0x0000000125b01000],  sp=0x0000000125b001b0,  free space=1020k
Native frames: (J=compiled Java code, j=interpreted, Vv=VM code, C=native code)
C  [libobjc.A.dylib+0x7e65]  (anonymous namespace)::AutoreleasePoolPage::pop(void*)+0x215
C  [CoreFoundation+0x3a302]  _CFAutoreleasePoolPop+0x32
C  [Foundation+0x1bedf]  -[NSAutoreleasePool drain]+0x99
j  org.lwjgl.opengl.MacOSXDisplay.nDestroyWindow(Ljava/nio/ByteBuffer;)V+0
j  org.lwjgl.opengl.MacOSXDisplay.destroyWindow()V+43
j  org.lwjgl.opengl.Display.destroyWindow()V+46
j  org.lwjgl.opengl.Display.setDisplayModeAndFullscreenInternal(ZLorg/lwjgl/opengl/DisplayMode;)V+62
j  org.lwjgl.opengl.Display.setDisplayModeAndFullscreen(Lorg/lwjgl/opengl/DisplayMode;)V+5
j  com.jme3.system.lwjgl.LwjglDisplay.createContext(Lcom/jme3/system/AppSettings;)V+259
j  com.jme3.system.lwjgl.LwjglAbstractDisplay.initInThread()Z+25
j  com.jme3.system.lwjgl.LwjglAbstractDisplay.run()V+32
j  java.lang.Thread.run()V+11
v  ~StubRoutines::call_stub
V  [libjvm.dylib+0x2d6bb0]  JavaCalls::call_helper(JavaValue*, methodHandle*, JavaCallArguments*, Thread*)+0x22a
V  [libjvm.dylib+0x2d70c7]  JavaCalls::call_virtual(JavaValue*, KlassHandle, Symbol*, Symbol*, JavaCallArguments*, Thread*)+0x11b
V  [libjvm.dylib+0x2d7204]  JavaCalls::call_virtual(JavaValue*, Handle, KlassHandle, Symbol*, Symbol*, Thread*)+0x4a
V  [libjvm.dylib+0x3261ea]  thread_entry(JavaThread*, Thread*)+0xad
V  [libjvm.dylib+0x4efb57]  JavaThread::thread_main_inner()+0x9b
V  [libjvm.dylib+0x4f125f]  JavaThread::run()+0x1a3
V  [libjvm.dylib+0x41b1d6]  java_start(Thread*)+0x126
C  [libsystem_pthread.dylib+0x3268]  _pthread_body+0x83
C  [libsystem_pthread.dylib+0x31e5]  _pthread_body+0x0
C  [libsystem_pthread.dylib+0x141d]  thread_start+0xd

Java frames: (J=compiled Java code, j=interpreted, Vv=VM code)
j  org.lwjgl.opengl.MacOSXDisplay.nDestroyWindow(Ljava/nio/ByteBuffer;)V+0
j  org.lwjgl.opengl.MacOSXDisplay.destroyWindow()V+43
j  org.lwjgl.opengl.Display.destroyWindow()V+46
j  org.lwjgl.opengl.Display.setDisplayModeAndFullscreenInternal(ZLorg/lwjgl/opengl/DisplayMode;)V+62
j  org.lwjgl.opengl.Display.setDisplayModeAndFullscreen(Lorg/lwjgl/opengl/DisplayMode;)V+5
j  com.jme3.system.lwjgl.LwjglDisplay.createContext(Lcom/jme3/system/AppSettings;)V+259
j  com.jme3.system.lwjgl.LwjglAbstractDisplay.initInThread()Z+25
j  com.jme3.system.lwjgl.LwjglAbstractDisplay.run()V+32
j  java.lang.Thread.run()V+11
v  ~StubRoutines::call_stub

---------------  P R O C E S S  ---------------

Java Threads: ( => current thread )
=>0x00007f8a4b9c8800 JavaThread "LWJGL Renderer Thread" [_thread_in_native, id=69327, stack(0x0000000125a01000,0x0000000125b01000)]
  0x00007f8a53918000 JavaThread "TimerQueue" daemon [_thread_blocked, id=73063, stack(0x000000012cea7000,0x000000012cfa7000)]
  0x00007f8a503cb800 JavaThread "Timer-0" daemon [_thread_blocked, id=67627, stack(0x00000001258fe000,0x00000001259fe000)]
  0x00007f8a4cff7800 JavaThread "Java2D Queue Flusher" daemon [_thread_blocked, id=68359, stack(0x00000001250cd000,0x00000001251cd000)]
  0x00007f8a5388c800 JavaThread "AWT-EventQueue-0" [_thread_in_native, id=66979, stack(0x0000000124fca000,0x00000001250ca000)]
  0x00007f8a50329800 JavaThread "AWT-Shutdown" [_thread_blocked, id=66099, stack(0x000000011f597000,0x000000011f697000)]
  0x00007f8a4c68b000 JavaThread "jME Terrain Thread" daemon [_thread_blocked, id=29267, stack(0x000000011ad6d000,0x000000011ae6d000)]
  0x00007f8a4c12c800 JavaThread "pool-1-thread-1" [_thread_blocked, id=65807, stack(0x0000000119d8a000,0x0000000119e8a000)]
  0x00007f8a4d0de000 JavaThread "Java2D Disposer" daemon [_thread_blocked, id=65027, stack(0x0000000119b49000,0x0000000119c49000)]
  0x00007f8a4c93d000 JavaThread "jME3 Audio Thread" daemon [_thread_blocked, id=50251, stack(0x000000011964d000,0x000000011974d000)]
  0x00007f8a4c0cb000 JavaThread "AppKit Thread" daemon [_thread_in_native, id=1299, stack(0x00007fff58213000,0x00007fff58293000)]
  0x00007f8a4c8bb000 JavaThread "DestroyJavaVM" [_thread_blocked, id=4867, stack(0x0000000107a83000,0x0000000107b83000)]
  0x00007f8a4d05d800 JavaThread "LWJGL Renderer Thread" [_thread_blocked, id=18691, stack(0x000000011450b000,0x000000011460b000)]
  0x00007f8a4c00c000 JavaThread "Service Thread" daemon [_thread_blocked, id=17667, stack(0x00000001141e7000,0x00000001142e7000)]
  0x00007f8a4c006000 JavaThread "C2 CompilerThread1" daemon [_thread_blocked, id=17155, stack(0x00000001140e4000,0x00000001141e4000)]
  0x00007f8a4b831000 JavaThread "C2 CompilerThread0" daemon [_thread_blocked, id=16643, stack(0x0000000113fe1000,0x00000001140e1000)]
  0x00007f8a4b829000 JavaThread "Signal Dispatcher" daemon [_thread_blocked, id=16163, stack(0x0000000113ede000,0x0000000113fde000)]
  0x00007f8a4d00d000 JavaThread "Finalizer" daemon [_thread_blocked, id=11523, stack(0x0000000112594000,0x0000000112694000)]
  0x00007f8a4d00a000 JavaThread "Reference Handler" daemon [_thread_blocked, id=11011, stack(0x0000000112491000,0x0000000112591000)]

Other Threads:
  0x00007f8a4b827800 VMThread [stack: 0x000000011238e000,0x000000011248e000] [id=10499]
  0x00007f8a4c000800 WatcherThread [stack: 0x00000001142ea000,0x00000001143ea000] [id=18179]

VM state:not at safepoint (normal execution)

VM Mutex/Monitor currently owned by a thread: None

Heap
 PSYoungGen      total 163840K, used 131653K [0x00000007d5500000, 0x00000007e1400000, 0x0000000800000000)
  eden space 135168K, 93% used [0x00000007d5500000,0x00000007dd0b7478,0x00000007dd900000)
  from space 28672K, 17% used [0x00000007df800000,0x00000007dfcda380,0x00000007e1400000)
  to   space 30208K, 0% used [0x00000007dd900000,0x00000007dd900000,0x00000007df680000)
 ParOldGen       total 87040K, used 31661K [0x0000000780000000, 0x0000000785500000, 0x00000007d5500000)
  object space 87040K, 36% used [0x0000000780000000,0x0000000781eeb720,0x0000000785500000)
 PSPermGen       total 21504K, used 18982K [0x000000077ae00000, 0x000000077c300000, 0x0000000780000000)
  object space 21504K, 88% used [0x000000077ae00000,0x000000077c089a18,0x000000077c300000)

Card table byte_map: [0x000000010bf13000,0x000000010c33d000] byte_map_base: 0x000000010833c000

Polling page: 0x0000000107bc2000

Code Cache  [0x0000000108e53000, 0x0000000109113000, 0x000000010be53000)
 total_blobs=1423 nmethods=803 adapters=574 free_code_cache=46416Kb largest_free_block=47482176

Compilation events (10 events):
Event: 20.526 Thread 0x00007f8a4c006000  825 % !         com.jme3.audio.lwjgl.LwjglAudioRenderer::run @ 104 (152 bytes)
Event: 20.531 Thread 0x00007f8a4c006000 nmethod 825% 0x0000000109106650 code [0x0000000109106800, 0x0000000109106fb0]
Event: 20.861 Thread 0x00007f8a4b831000  826             java.lang.Thread::interrupted (8 bytes)
Event: 20.862 Thread 0x00007f8a4b831000 nmethod 826 0x0000000109100490 code [0x00000001091005e0, 0x0000000109100668]
Event: 21.259 Thread 0x00007f8a4c006000  827             java.util.concurrent.locks.AbstractQueuedSynchronizer::compareAndSetState (13 bytes)
Event: 21.260 Thread 0x00007f8a4c006000 nmethod 827 0x0000000109100290 code [0x00000001091003c0, 0x0000000109100438]
Event: 21.333 Thread 0x00007f8a4b831000  828             com.jme3.audio.lwjgl.LwjglAudioRenderer::updateInThread (340 bytes)
Event: 21.342 Thread 0x00007f8a4b831000 nmethod 828 0x0000000109107650 code [0x0000000109107860, 0x0000000109108170]
Event: 21.361 Thread 0x00007f8a4c006000  829             java.util.concurrent.locks.AbstractQueuedSynchronizer::release (33 bytes)
Event: 21.363 Thread 0x00007f8a4c006000 nmethod 829 0x0000000109108e90 code [0x0000000109108fe0, 0x0000000109109148]

GC Heap History (10 events):
Event: 3.353 GC heap before
{Heap before GC invocations=2 (full 0):
 PSYoungGen      total 38912K, used 38656K [0x00000007d5500000, 0x00000007d8000000, 0x0000000800000000)
  eden space 33792K, 99% used [0x00000007d5500000,0x00000007d75c1908,0x00000007d7600000)
  from space 5120K, 99% used [0x00000007d7600000,0x00000007d7afe8b0,0x00000007d7b00000)
  to   space 5120K, 0% used [0x00000007d7b00000,0x00000007d7b00000,0x00000007d8000000)
 ParOldGen       total 87040K, used 478K [0x0000000780000000, 0x0000000785500000, 0x00000007d5500000)
  object space 87040K, 0% used [0x0000000780000000,0x0000000780077870,0x0000000785500000)
 PSPermGen       total 21504K, used 11071K [0x000000077ae00000, 0x000000077c300000, 0x0000000780000000)
  object space 21504K, 51% used [0x000000077ae00000,0x000000077b8cfe78,0x000000077c300000)
Event: 3.359 GC heap after
Heap after GC invocations=2 (full 0):
 PSYoungGen      total 38912K, used 5114K [0x00000007d5500000, 0x00000007d8000000, 0x0000000800000000)
  eden space 33792K, 0% used [0x00000007d5500000,0x00000007d5500000,0x00000007d7600000)
  from space 5120K, 99% used [0x00000007d7b00000,0x00000007d7ffeba8,0x00000007d8000000)
  to   space 5120K, 0% used [0x00000007d7600000,0x00000007d7600000,0x00000007d7b00000)
 ParOldGen       total 87040K, used 1309K [0x0000000780000000, 0x0000000785500000, 0x00000007d5500000)
  object space 87040K, 1% used [0x0000000780000000,0x0000000780147558,0x0000000785500000)
 PSPermGen       total 21504K, used 11071K [0x000000077ae00000, 0x000000077c300000, 0x0000000780000000)
  object space 21504K, 51% used [0x000000077ae00000,0x000000077b8cfe78,0x000000077c300000)
}
Event: 4.615 GC heap before
{Heap before GC invocations=3 (full 0):
 PSYoungGen      total 38912K, used 38906K [0x00000007d5500000, 0x00000007d8000000, 0x0000000800000000)
  eden space 33792K, 100% used [0x00000007d5500000,0x00000007d7600000,0x00000007d7600000)
  from space 5120K, 99% used [0x00000007d7b00000,0x00000007d7ffeba8,0x00000007d8000000)
  to   space 5120K, 0% used [0x00000007d7600000,0x00000007d7600000,0x00000007d7b00000)
 ParOldGen       total 87040K, used 1309K [0x0000000780000000, 0x0000000785500000, 0x00000007d5500000)
  object space 87040K, 1% used [0x0000000780000000,0x0000000780147558,0x0000000785500000)
 PSPermGen       total 21504K, used 11302K [0x000000077ae00000, 0x000000077c300000, 0x0000000780000000)
  object space 21504K, 52% used [0x000000077ae00000,0x000000077b909ac8,0x000000077c300000)
Event: 4.642 GC heap after
Heap after GC invocations=3 (full 0):
 PSYoungGen      total 38912K, used 5112K [0x00000007d5500000, 0x00000007da100000, 0x0000000800000000)
  eden space 33792K, 0% used [0x00000007d5500000,0x00000007d5500000,0x00000007d7600000)
  from space 5120K, 99% used [0x00000007d7600000,0x00000007d7afe370,0x00000007d7b00000)
  to   space 5120K, 0% used [0x00000007d9c00000,0x00000007d9c00000,0x00000007da100000)
 ParOldGen       total 87040K, used 31421K [0x0000000780000000, 0x0000000785500000, 0x00000007d5500000)
  object space 87040K, 36% used [0x0000000780000000,0x0000000781eaf700,0x0000000785500000)
 PSPermGen       total 21504K, used 11302K [0x000000077ae00000, 0x000000077c300000, 0x0000000780000000)
  object space 21504K, 52% used [0x000000077ae00000,0x000000077b909ac8,0x000000077c300000)
}
Event: 5.376 GC heap before
{Heap before GC invocations=4 (full 0):
 PSYoungGen      total 38912K, used 38904K [0x00000007d5500000, 0x00000007da100000, 0x0000000800000000)
  eden space 33792K, 100% used [0x00000007d5500000,0x00000007d7600000,0x00000007d7600000)
  from space 5120K, 99% used [0x00000007d7600000,0x00000007d7afe370,0x00000007d7b00000)
  to   space 5120K, 0% used [0x00000007d9c00000,0x00000007d9c00000,0x00000007da100000)
 ParOldGen       total 87040K, used 31421K [0x0000000780000000, 0x0000000785500000, 0x00000007d5500000)
  object space 87040K, 36% used [0x0000000780000000,0x0000000781eaf700,0x0000000785500000)
 PSPermGen       total 21504K, used 11307K [0x000000077ae00000, 0x000000077c300000, 0x0000000780000000)
  object space 21504K, 52% used [0x000000077ae00000,0x000000077b90af38,0x000000077c300000)
Event: 5.384 GC heap after
Heap after GC invocations=4 (full 0):
 PSYoungGen      total 72704K, used 5096K [0x00000007d5500000, 0x00000007da100000, 0x0000000800000000)
  eden space 67584K, 0% used [0x00000007d5500000,0x00000007d5500000,0x00000007d9700000)
  from space 5120K, 99% used [0x00000007d9c00000,0x00000007da0fa380,0x00000007da100000)
  to   space 5120K, 0% used [0x00000007d9700000,0x00000007d9700000,0x00000007d9c00000)
 ParOldGen       total 87040K, used 31429K [0x0000000780000000, 0x0000000785500000, 0x00000007d5500000)
  object space 87040K, 36% used [0x0000000780000000,0x0000000781eb1700,0x0000000785500000)
 PSPermGen       total 21504K, used 11307K [0x000000077ae00000, 0x000000077c300000, 0x0000000780000000)
  object space 21504K, 52% used [0x000000077ae00000,0x000000077b90af38,0x000000077c300000)
}
Event: 6.612 GC heap before
{Heap before GC invocations=5 (full 0):
 PSYoungGen      total 72704K, used 72680K [0x00000007d5500000, 0x00000007da100000, 0x0000000800000000)
  eden space 67584K, 100% used [0x00000007d5500000,0x00000007d9700000,0x00000007d9700000)
  from space 5120K, 99% used [0x00000007d9c00000,0x00000007da0fa380,0x00000007da100000)
  to   space 5120K, 0% used [0x00000007d9700000,0x00000007d9700000,0x00000007d9c00000)
 ParOldGen       total 87040K, used 31429K [0x0000000780000000, 0x0000000785500000, 0x00000007d5500000)
  object space 87040K, 36% used [0x0000000780000000,0x0000000781eb1700,0x0000000785500000)
 PSPermGen       total 21504K, used 11321K [0x000000077ae00000, 0x000000077c300000, 0x0000000780000000)
  object space 21504K, 52% used [0x000000077ae00000,0x000000077b90e450,0x000000077c300000)
Event: 6.630 GC heap after
Heap after GC invocations=5 (full 0):
 PSYoungGen      total 72704K, used 5096K [0x00000007d5500000, 0x00000007e1700000, 0x0000000800000000)
  eden space 67584K, 0% used [0x00000007d5500000,0x00000007d5500000,0x00000007d9700000)
  from space 5120K, 99% used [0x00000007d9700000,0x00000007d9bfa380,0x00000007d9c00000)
  to   space 31744K, 0% used [0x00000007df800000,0x00000007df800000,0x00000007e1700000)
 ParOldGen       total 87040K, used 31653K [0x0000000780000000, 0x0000000785500000, 0x00000007d5500000)
  object space 87040K, 36% used [0x0000000780000000,0x0000000781ee9720,0x0000000785500000)
 PSPermGen       total 21504K, used 11321K [0x000000077ae00000, 0x000000077c300000, 0x0000000780000000)
  object space 21504K, 52% used [0x000000077ae00000,0x000000077b90e450,0x000000077c300000)
}
Event: 7.245 GC heap before
{Heap before GC invocations=6 (full 0):
 PSYoungGen      total 72704K, used 57093K [0x00000007d5500000, 0x00000007e1700000, 0x0000000800000000)
  eden space 67584K, 76% used [0x00000007d5500000,0x00000007d87c7428,0x00000007d9700000)
  from space 5120K, 99% used [0x00000007d9700000,0x00000007d9bfa380,0x00000007d9c00000)
  to   space 31744K, 0% used [0x00000007df800000,0x00000007df800000,0x00000007e1700000)
 ParOldGen       total 87040K, used 31653K [0x0000000780000000, 0x0000000785500000, 0x00000007d5500000)
  object space 87040K, 36% used [0x0000000780000000,0x0000000781ee9720,0x0000000785500000)
 PSPermGen       total 21504K, used 11413K [0x000000077ae00000, 0x000000077c300000, 0x0000000780000000)
  object space 21504K, 53% used [0x000000077ae00000,0x000000077b925770,0x000000077c300000)
Event: 7.249 GC heap after
Heap after GC invocations=6 (full 0):
 PSYoungGen      total 163840K, used 4968K [0x00000007d5500000, 0x00000007e1400000, 0x0000000800000000)
  eden space 135168K, 0% used [0x00000007d5500000,0x00000007d5500000,0x00000007dd900000)
  from space 28672K, 17% used [0x00000007df800000,0x00000007dfcda380,0x00000007e1400000)
  to   space 30208K, 0% used [0x00000007dd900000,0x00000007dd900000,0x00000007df680000)
 ParOldGen       total 87040K, used 31661K [0x0000000780000000, 0x0000000785500000, 0x00000007d5500000)
  object space 87040K, 36% used [0x0000000780000000,0x0000000781eeb720,0x0000000785500000)
 PSPermGen       total 21504K, used 11413K [0x000000077ae00000, 0x000000077c300000, 0x0000000780000000)
  object space 21504K, 53% used [0x000000077ae00000,0x000000077b925770,0x000000077c300000)
}

Deoptimization events (10 events):
Event: 16.408 Thread 0x00007f8a4d05d800 Uncommon trap: reason=class_check action=maybe_recompile pc=0x00000001090451e4 method=java.util.HashMap.addEntry(ILjava/lang/Object;Ljava/lang/Object;I)V @ 65
Event: 16.466 Thread 0x00007f8a5388c800 Uncommon trap: reason=unreached action=reinterpret pc=0x0000000108f1927c method=java.lang.ThreadLocal$ThreadLocalMap.getEntry(Ljava/lang/ThreadLocal;)Ljava/lang/ThreadLocal$ThreadLocalMap$Entry; @ 21
Event: 16.563 Thread 0x00007f8a4c0cb000 Uncommon trap: reason=null_check action=make_not_entrant pc=0x0000000108ec1868 method=java.lang.String.equals(Ljava/lang/Object;)Z @ 8
Event: 16.676 Thread 0x00007f8a5388c800 Uncommon trap: reason=class_check action=maybe_recompile pc=0x0000000108ef981c method=sun.misc.URLClassPath.getResource(Ljava/lang/String;Z)Lsun/misc/Resource; @ 53
Event: 16.678 Thread 0x00007f8a5388c800 Uncommon trap: reason=class_check action=maybe_recompile pc=0x0000000108ef981c method=sun.misc.URLClassPath.getResource(Ljava/lang/String;Z)Lsun/misc/Resource; @ 53
Event: 16.683 Thread 0x00007f8a5388c800 Uncommon trap: reason=class_check action=maybe_recompile pc=0x0000000108ef981c method=sun.misc.URLClassPath.getResource(Ljava/lang/String;Z)Lsun/misc/Resource; @ 53
Event: 16.741 Thread 0x00007f8a5388c800 Uncommon trap: reason=unreached action=reinterpret pc=0x0000000108fc47f0 method=java.lang.AbstractStringBuilder.append(Ljava/lang/String;)Ljava/lang/AbstractStringBuilder; @ 1
Event: 16.743 Thread 0x00007f8a5388c800 Uncommon trap: reason=unreached action=reinterpret pc=0x0000000108f83e74 method=java.lang.AbstractStringBuilder.append(Ljava/lang/String;)Ljava/lang/AbstractStringBuilder; @ 1
Event: 16.751 Thread 0x00007f8a5388c800 Uncommon trap: reason=unreached action=reinterpret pc=0x0000000108ed9424 method=java.util.HashMap.get(Ljava/lang/Object;)Ljava/lang/Object; @ 1
Event: 16.751 Thread 0x00007f8a5388c800 Uncommon trap: reason=unreached action=reinterpret pc=0x000000010903c454 method=java.util.HashMap.put(Ljava/lang/Object;Ljava/lang/Object;)Ljava/lang/Object; @ 19

Internal exceptions (10 events):
Event: 16.806 Thread 0x00007f8a5388c800 Threw 0x00000007dc1a17a0 at /HUDSON/workspace/7u-2-build-macosx-x86_64/jdk7u51/527/hotspot/src/share/vm/prims/jvm.cpp:1244
Event: 16.817 Thread 0x00007f8a5388c800 Threw 0x00000007dc1b1e58 at /HUDSON/workspace/7u-2-build-macosx-x86_64/jdk7u51/527/hotspot/src/share/vm/prims/jvm.cpp:1244
Event: 16.817 Thread 0x00007f8a5388c800 Threw 0x00000007dc1b67d8 at /HUDSON/workspace/7u-2-build-macosx-x86_64/jdk7u51/527/hotspot/src/share/vm/prims/jvm.cpp:1244
Event: 16.819 Thread 0x00007f8a5388c800 Threw 0x00000007dc1bbc50 at /HUDSON/workspace/7u-2-build-macosx-x86_64/jdk7u51/527/hotspot/src/share/vm/prims/jvm.cpp:1244
Event: 16.989 Thread 0x00007f8a5388c800 Threw 0x00000007dc1cf760 at /HUDSON/workspace/7u-2-build-macosx-x86_64/jdk7u51/527/hotspot/src/share/vm/prims/jvm.cpp:1244
Event: 17.159 Thread 0x00007f8a5388c800 Threw 0x00000007dc60bc10 at /HUDSON/workspace/7u-2-build-macosx-x86_64/jdk7u51/527/hotspot/src/share/vm/prims/jvm.cpp:1244
Event: 17.182 Thread 0x00007f8a5388c800 Threw 0x00000007dc6363d0 at /HUDSON/workspace/7u-2-build-macosx-x86_64/jdk7u51/527/hotspot/src/share/vm/prims/jvm.cpp:1244
Event: 17.184 Thread 0x00007f8a5388c800 Threw 0x00000007dc63cd60 at /HUDSON/workspace/7u-2-build-macosx-x86_64/jdk7u51/527/hotspot/src/share/vm/prims/jvm.cpp:1244
Event: 17.184 Thread 0x00007f8a5388c800 Threw 0x00000007dc63ff08 at /HUDSON/workspace/7u-2-build-macosx-x86_64/jdk7u51/527/hotspot/src/share/vm/prims/jvm.cpp:1244
Event: 18.345 Thread 0x00007f8a5388c800 Threw 0x00000007dc7b9420 at /HUDSON/workspace/7u-2-build-macosx-x86_64/jdk7u51/527/hotspot/src/share/vm/prims/jvm.cpp:1244

Events (10 events):
Event: 22.217 loading class 0x000000011110f070 done
Event: 22.229 loading class 0x00007f8a4c5fcdd0
Event: 22.229 Thread 0x00007f8a4b9c8800 Thread added: 0x00007f8a4b9c8800
Event: 22.230 loading class 0x00007f8a4c5fcdd0 done
Event: 22.230 loading class 0x00000001111250d0
Event: 22.230 loading class 0x00000001111250d0 done
Event: 22.237 loading class 0x00007f8a4d268020
Event: 22.237 loading class 0x00007f8a4d268020 done
Event: 22.237 loading class 0x00007f8a4c84a0b0
Event: 22.238 loading class 0x00007f8a4c84a0b0 done


Dynamic libraries:
0x000000000cdf0000 	/System/Library/Frameworks/Cocoa.framework/Versions/A/Cocoa
0x000000000cdf0000 	/System/Library/Frameworks/Security.framework/Versions/A/Security
0x000000000cdf0000 	/System/Library/Frameworks/ApplicationServices.framework/Versions/A/ApplicationServices
0x000000000cdf0000 	/usr/lib/libz.1.dylib
0x000000000cdf0000 	/usr/lib/libSystem.B.dylib
0x000000000cdf0000 	/usr/lib/libobjc.A.dylib
0x000000000cdf0000 	/System/Library/Frameworks/CoreFoundation.framework/Versions/A/CoreFoundation
0x000000000cdf0000 	/System/Library/Frameworks/Foundation.framework/Versions/C/Foundation
0x000000000cdf0000 	/System/Library/Frameworks/AppKit.framework/Versions/C/AppKit
0x000000000cdf0000 	/System/Library/Frameworks/CoreData.framework/Versions/A/CoreData
0x000000000cdf0000 	/System/Library/PrivateFrameworks/RemoteViewServices.framework/Versions/A/RemoteViewServices
0x000000000cdf0000 	/System/Library/PrivateFrameworks/UIFoundation.framework/Versions/A/UIFoundation
0x000000000cdf0000 	/System/Library/Frameworks/IOSurface.framework/Versions/A/IOSurface
0x000000000cdf0000 	/System/Library/Frameworks/AudioToolbox.framework/Versions/A/AudioToolbox
0x000000000cdf0000 	/System/Library/Frameworks/AudioUnit.framework/Versions/A/AudioUnit
0x000000000cdf0000 	/System/Library/PrivateFrameworks/DataDetectorsCore.framework/Versions/A/DataDetectorsCore
0x000000000cdf0000 	/System/Library/PrivateFrameworks/DesktopServicesPriv.framework/Versions/A/DesktopServicesPriv
0x000000000cdf0000 	/System/Library/Frameworks/Carbon.framework/Versions/A/Frameworks/HIToolbox.framework/Versions/A/HIToolbox
0x000000000cdf0000 	/System/Library/Frameworks/QuartzCore.framework/Versions/A/QuartzCore
0x000000000cdf0000 	/System/Library/Frameworks/Carbon.framework/Versions/A/Frameworks/SpeechRecognition.framework/Versions/A/SpeechRecognition
0x000000000cdf0000 	/usr/lib/libauto.dylib
0x000000000cdf0000 	/usr/lib/libicucore.A.dylib
0x000000000cdf0000 	/usr/lib/libxml2.2.dylib
0x000000000cdf0000 	/System/Library/PrivateFrameworks/CoreUI.framework/Versions/A/CoreUI
0x000000000cdf0000 	/System/Library/Frameworks/CoreAudio.framework/Versions/A/CoreAudio
0x000000000cdf0000 	/System/Library/Frameworks/DiskArbitration.framework/Versions/A/DiskArbitration
0x000000000cdf0000 	/usr/lib/liblangid.dylib
0x000000000cdf0000 	/System/Library/PrivateFrameworks/MultitouchSupport.framework/Versions/A/MultitouchSupport
0x000000000cdf0000 	/System/Library/Frameworks/IOKit.framework/Versions/A/IOKit
0x000000000cdf0000 	/usr/lib/libDiagnosticMessagesClient.dylib
0x000000000cdf0000 	/System/Library/Frameworks/CoreServices.framework/Versions/A/CoreServices
0x000000000cdf0000 	/System/Library/PrivateFrameworks/PerformanceAnalysis.framework/Versions/A/PerformanceAnalysis
0x000000000cdf0000 	/System/Library/PrivateFrameworks/GenerationalStorage.framework/Versions/A/GenerationalStorage
0x000000000cdf0000 	/System/Library/Frameworks/OpenGL.framework/Versions/A/OpenGL
0x000000000cdf0000 	/System/Library/PrivateFrameworks/Sharing.framework/Versions/A/Sharing
0x000000000cdf0000 	/System/Library/Frameworks/CoreGraphics.framework/Versions/A/CoreGraphics
0x000000000cdf0000 	/System/Library/Frameworks/CoreText.framework/Versions/A/CoreText
0x000000000cdf0000 	/System/Library/Frameworks/ImageIO.framework/Versions/A/ImageIO
0x000000000cdf0000 	/usr/lib/libextension.dylib
0x000000000cdf0000 	/System/Library/PrivateFrameworks/Backup.framework/Versions/A/Backup
0x000000000cdf0000 	/usr/lib/libarchive.2.dylib
0x000000000cdf0000 	/System/Library/Frameworks/CFNetwork.framework/Versions/A/CFNetwork
0x000000000cdf0000 	/System/Library/Frameworks/SystemConfiguration.framework/Versions/A/SystemConfiguration
0x000000000cdf0000 	/usr/lib/libCRFSuite.dylib
0x000000000cdf0000 	/usr/lib/libc++.1.dylib
0x000000000cdf0000 	/usr/lib/libc++abi.dylib
0x000000000cdf0000 	/usr/lib/system/libcache.dylib
0x000000000cdf0000 	/usr/lib/system/libcommonCrypto.dylib
0x000000000cdf0000 	/usr/lib/system/libcompiler_rt.dylib
0x000000000cdf0000 	/usr/lib/system/libcopyfile.dylib
0x000000000cdf0000 	/usr/lib/system/libcorecrypto.dylib
0x000000000cdf0000 	/usr/lib/system/libdispatch.dylib
0x000000000cdf0000 	/usr/lib/system/libdyld.dylib
0x000000000cdf0000 	/usr/lib/system/libkeymgr.dylib
0x000000000cdf0000 	/usr/lib/system/liblaunch.dylib
0x000000000cdf0000 	/usr/lib/system/libmacho.dylib
0x000000000cdf0000 	/usr/lib/system/libquarantine.dylib
0x000000000cdf0000 	/usr/lib/system/libremovefile.dylib
0x000000000cdf0000 	/usr/lib/system/libsystem_asl.dylib
0x000000000cdf0000 	/usr/lib/system/libsystem_blocks.dylib
0x000000000cdf0000 	/usr/lib/system/libsystem_c.dylib
0x000000000cdf0000 	/usr/lib/system/libsystem_configuration.dylib
0x000000000cdf0000 	/usr/lib/system/libsystem_coreservices.dylib
0x000000000cdf0000 	/usr/lib/system/libsystem_coretls.dylib
0x000000000cdf0000 	/usr/lib/system/libsystem_dnssd.dylib
0x000000000cdf0000 	/usr/lib/system/libsystem_info.dylib
0x000000000cdf0000 	/usr/lib/system/libsystem_kernel.dylib
0x000000000cdf0000 	/usr/lib/system/libsystem_m.dylib
0x000000000cdf0000 	/usr/lib/system/libsystem_malloc.dylib
0x000000000cdf0000 	/usr/lib/system/libsystem_network.dylib
0x000000000cdf0000 	/usr/lib/system/libsystem_networkextension.dylib
0x000000000cdf0000 	/usr/lib/system/libsystem_notify.dylib
0x000000000cdf0000 	/usr/lib/system/libsystem_platform.dylib
0x000000000cdf0000 	/usr/lib/system/libsystem_pthread.dylib
0x000000000cdf0000 	/usr/lib/system/libsystem_sandbox.dylib
0x000000000cdf0000 	/usr/lib/system/libsystem_secinit.dylib
0x000000000cdf0000 	/usr/lib/system/libsystem_stats.dylib
0x000000000cdf0000 	/usr/lib/system/libsystem_trace.dylib
0x000000000cdf0000 	/usr/lib/system/libunc.dylib
0x000000000cdf0000 	/usr/lib/system/libunwind.dylib
0x000000000cdf0000 	/usr/lib/system/libxpc.dylib
0x000000000cdf0000 	/usr/lib/libbz2.1.0.dylib
0x000000000cdf0000 	/usr/lib/liblzma.5.dylib
0x000000000cdf0000 	/usr/lib/libbsm.0.dylib
0x000000000cdf0000 	/usr/lib/libsqlite3.dylib
0x000000000cdf0000 	/usr/lib/system/libkxld.dylib
0x000000000cdf0000 	/usr/lib/libxar.1.dylib
0x000000000cdf0000 	/usr/lib/libpam.2.dylib
0x000000000cdf0000 	/usr/lib/libOpenScriptingUtil.dylib
0x000000000cdf0000 	/System/Library/Frameworks/CoreServices.framework/Versions/A/Frameworks/FSEvents.framework/Versions/A/FSEvents
0x000000000cdf0000 	/System/Library/Frameworks/CoreServices.framework/Versions/A/Frameworks/CarbonCore.framework/Versions/A/CarbonCore
0x000000000cdf0000 	/System/Library/Frameworks/CoreServices.framework/Versions/A/Frameworks/Metadata.framework/Versions/A/Metadata
0x000000000cdf0000 	/System/Library/Frameworks/CoreServices.framework/Versions/A/Frameworks/OSServices.framework/Versions/A/OSServices
0x000000000cdf0000 	/System/Library/Frameworks/CoreServices.framework/Versions/A/Frameworks/SearchKit.framework/Versions/A/SearchKit
0x000000000cdf0000 	/System/Library/Frameworks/CoreServices.framework/Versions/A/Frameworks/AE.framework/Versions/A/AE
0x000000000cdf0000 	/System/Library/Frameworks/CoreServices.framework/Versions/A/Frameworks/LaunchServices.framework/Versions/A/LaunchServices
0x000000000cdf0000 	/System/Library/Frameworks/CoreServices.framework/Versions/A/Frameworks/DictionaryServices.framework/Versions/A/DictionaryServices
0x000000000cdf0000 	/System/Library/Frameworks/NetFS.framework/Versions/A/NetFS
0x000000000cdf0000 	/System/Library/PrivateFrameworks/NetAuth.framework/Versions/A/NetAuth
0x000000000cdf0000 	/System/Library/PrivateFrameworks/login.framework/Versions/A/Frameworks/loginsupport.framework/Versions/A/loginsupport
0x000000000cdf0000 	/System/Library/PrivateFrameworks/TCC.framework/Versions/A/TCC
0x000000000cdf0000 	/usr/lib/libmecabra.dylib
0x000000000cdf0000 	/System/Library/Frameworks/ApplicationServices.framework/Versions/A/Frameworks/ATS.framework/Versions/A/ATS
0x000000000cdf0000 	/System/Library/Frameworks/ApplicationServices.framework/Versions/A/Frameworks/ColorSync.framework/Versions/A/ColorSync
0x000000000cdf0000 	/System/Library/Frameworks/ApplicationServices.framework/Versions/A/Frameworks/HIServices.framework/Versions/A/HIServices
0x000000000cdf0000 	/System/Library/Frameworks/ApplicationServices.framework/Versions/A/Frameworks/LangAnalysis.framework/Versions/A/LangAnalysis
0x000000000cdf0000 	/System/Library/Frameworks/ApplicationServices.framework/Versions/A/Frameworks/PrintCore.framework/Versions/A/PrintCore
0x000000000cdf0000 	/System/Library/Frameworks/ApplicationServices.framework/Versions/A/Frameworks/QD.framework/Versions/A/QD
0x000000000cdf0000 	/System/Library/Frameworks/ApplicationServices.framework/Versions/A/Frameworks/SpeechSynthesis.framework/Versions/A/SpeechSynthesis
0x000000000cdf0000 	/System/Library/Frameworks/Accelerate.framework/Versions/A/Accelerate
0x000000000cdf0000 	/System/Library/Frameworks/Accelerate.framework/Versions/A/Frameworks/vImage.framework/Versions/A/vImage
0x000000000cdf0000 	/System/Library/Frameworks/Accelerate.framework/Versions/A/Frameworks/vecLib.framework/Versions/A/vecLib
0x000000000cdf0000 	/System/Library/Frameworks/Accelerate.framework/Versions/A/Frameworks/vecLib.framework/Versions/A/libvDSP.dylib
0x000000000cdf0000 	/System/Library/Frameworks/Accelerate.framework/Versions/A/Frameworks/vecLib.framework/Versions/A/libvMisc.dylib
0x000000000cdf0000 	/System/Library/Frameworks/Accelerate.framework/Versions/A/Frameworks/vecLib.framework/Versions/A/libLAPACK.dylib
0x000000000cdf0000 	/System/Library/Frameworks/Accelerate.framework/Versions/A/Frameworks/vecLib.framework/Versions/A/libBLAS.dylib
0x000000000cdf0000 	/System/Library/Frameworks/Accelerate.framework/Versions/A/Frameworks/vecLib.framework/Versions/A/libLinearAlgebra.dylib
0x000000000cdf0000 	/System/Library/Frameworks/ApplicationServices.framework/Versions/A/Frameworks/ATS.framework/Versions/A/Resources/libFontParser.dylib
0x000000000cdf0000 	/System/Library/Frameworks/ApplicationServices.framework/Versions/A/Frameworks/ATS.framework/Versions/A/Resources/libFontRegistry.dylib
0x000000000cdf0000 	/System/Library/PrivateFrameworks/AppleVPA.framework/Versions/A/AppleVPA
0x000000000cdf0000 	/System/Library/PrivateFrameworks/AppleJPEG.framework/Versions/A/AppleJPEG
0x000000000cdf0000 	/System/Library/Frameworks/ImageIO.framework/Versions/A/Resources/libJPEG.dylib
0x000000000cdf0000 	/System/Library/Frameworks/ImageIO.framework/Versions/A/Resources/libTIFF.dylib
0x000000000cdf0000 	/System/Library/Frameworks/ImageIO.framework/Versions/A/Resources/libPng.dylib
0x000000000cdf0000 	/System/Library/Frameworks/ImageIO.framework/Versions/A/Resources/libGIF.dylib
0x000000000cdf0000 	/System/Library/Frameworks/ImageIO.framework/Versions/A/Resources/libJP2.dylib
0x000000000cdf0000 	/System/Library/Frameworks/ImageIO.framework/Versions/A/Resources/libRadiance.dylib
0x000000000cdf0000 	/System/Library/Frameworks/CoreVideo.framework/Versions/A/CoreVideo
0x000000000cdf0000 	/System/Library/Frameworks/OpenGL.framework/Versions/A/Libraries/libGLU.dylib
0x000000000cdf0000 	/System/Library/Frameworks/OpenGL.framework/Versions/A/Libraries/libGFXShared.dylib
0x000000000cdf0000 	/System/Library/Frameworks/OpenGL.framework/Versions/A/Libraries/libGL.dylib
0x000000000cdf0000 	/System/Library/Frameworks/OpenGL.framework/Versions/A/Libraries/libGLImage.dylib
0x000000000cdf0000 	/System/Library/Frameworks/OpenGL.framework/Versions/A/Libraries/libCVMSPluginSupport.dylib
0x000000000cdf0000 	/System/Library/Frameworks/OpenGL.framework/Versions/A/Libraries/libCoreVMClient.dylib
0x000000000cdf0000 	/usr/lib/libcups.2.dylib
0x000000000cdf0000 	/System/Library/Frameworks/Kerberos.framework/Versions/A/Kerberos
0x000000000cdf0000 	/System/Library/Frameworks/GSS.framework/Versions/A/GSS
0x000000000cdf0000 	/usr/lib/libresolv.9.dylib
0x000000000cdf0000 	/usr/lib/libiconv.2.dylib
0x000000000cdf0000 	/System/Library/PrivateFrameworks/Heimdal.framework/Versions/A/Heimdal
0x000000000cdf0000 	/usr/lib/libheimdal-asn1.dylib
0x000000000cdf0000 	/System/Library/Frameworks/OpenDirectory.framework/Versions/A/OpenDirectory
0x000000000cdf0000 	/System/Library/PrivateFrameworks/CommonAuth.framework/Versions/A/CommonAuth
0x000000000cdf0000 	/System/Library/Frameworks/OpenDirectory.framework/Versions/A/Frameworks/CFOpenDirectory.framework/Versions/A/CFOpenDirectory
0x000000000cdf0000 	/System/Library/Frameworks/SecurityFoundation.framework/Versions/A/SecurityFoundation
0x000000000cdf0000 	/System/Library/PrivateFrameworks/LanguageModeling.framework/Versions/A/LanguageModeling
0x000000000cdf0000 	/usr/lib/libcmph.dylib
0x000000000cdf0000 	/System/Library/Frameworks/ServiceManagement.framework/Versions/A/ServiceManagement
0x000000000cdf0000 	/usr/lib/libxslt.1.dylib
0x000000000cdf0000 	/System/Library/Frameworks/Carbon.framework/Versions/A/Frameworks/Ink.framework/Versions/A/Ink
0x000000000cdf0000 	/System/Library/Frameworks/QuartzCore.framework/Versions/A/Frameworks/CoreImage.framework/Versions/A/CoreImage
0x000000000cdf0000 	/System/Library/PrivateFrameworks/CrashReporterSupport.framework/Versions/A/CrashReporterSupport
0x000000000cdf0000 	/System/Library/Frameworks/OpenCL.framework/Versions/A/OpenCL
0x000000000cdf0000 	/System/Library/PrivateFrameworks/FaceCore.framework/Versions/A/FaceCore
0x000000000cdf0000 	/System/Library/PrivateFrameworks/Ubiquity.framework/Versions/A/Ubiquity
0x000000000cdf0000 	/System/Library/PrivateFrameworks/IconServices.framework/Versions/A/IconServices
0x000000000cdf0000 	/System/Library/PrivateFrameworks/ChunkingLibrary.framework/Versions/A/ChunkingLibrary
0x000000000cdf0000 	/System/Library/PrivateFrameworks/Apple80211.framework/Versions/A/Apple80211
0x000000000cdf0000 	/System/Library/Frameworks/CoreWLAN.framework/Versions/A/CoreWLAN
0x000000000cdf0000 	/System/Library/Frameworks/IOBluetooth.framework/Versions/A/IOBluetooth
0x000000000cdf0000 	/System/Library/PrivateFrameworks/CoreWiFi.framework/Versions/A/CoreWiFi
0x000000000cdf0000 	/System/Library/Frameworks/CoreBluetooth.framework/Versions/A/CoreBluetooth
0x000000000cdf0000 	/System/Library/PrivateFrameworks/DebugSymbols.framework/Versions/A/DebugSymbols
0x000000000cdf0000 	/System/Library/PrivateFrameworks/CoreSymbolication.framework/Versions/A/CoreSymbolication
0x000000000cdf0000 	/System/Library/PrivateFrameworks/Symbolication.framework/Versions/A/Symbolication
0x000000000cdf0000 	/System/Library/PrivateFrameworks/SpeechRecognitionCore.framework/Versions/A/SpeechRecognitionCore
0x0000000108400000 	/Users/atsampikakis/Downloads/jMonkeyPlatform.app/Contents/Resources/jmonkeyplatform/jdk/jre/lib/server/libjvm.dylib
0x000000000cdf0000 	/usr/lib/libstdc++.6.dylib
0x0000000107b85000 	/Users/atsampikakis/Downloads/jMonkeyPlatform.app/Contents/Resources/jmonkeyplatform/jdk/jre/lib/libverify.dylib
0x0000000107b92000 	/Users/atsampikakis/Downloads/jMonkeyPlatform.app/Contents/Resources/jmonkeyplatform/jdk/jre/lib/libjava.dylib
0x0000000107bcc000 	/Users/atsampikakis/Downloads/jMonkeyPlatform.app/Contents/Resources/jmonkeyplatform/jdk/jre/lib/libzip.dylib
0x0000000112696000 	/System/Library/Frameworks/JavaVM.framework/Frameworks/JavaRuntimeSupport.framework/JavaRuntimeSupport
0x00000001126ae000 	/System/Library/Frameworks/JavaVM.framework/Versions/A/Frameworks/JavaNativeFoundation.framework/Versions/A/JavaNativeFoundation
0x00000001126c3000 	/System/Library/Frameworks/JavaVM.framework/Versions/A/JavaVM
0x000000000cdf0000 	/System/Library/Frameworks/Carbon.framework/Versions/A/Carbon
0x00000001126d0000 	/System/Library/PrivateFrameworks/JavaLaunching.framework/Versions/A/JavaLaunching
0x000000000cdf0000 	/System/Library/Frameworks/Carbon.framework/Versions/A/Frameworks/CommonPanels.framework/Versions/A/CommonPanels
0x000000000cdf0000 	/System/Library/Frameworks/Carbon.framework/Versions/A/Frameworks/Help.framework/Versions/A/Help
0x000000000cdf0000 	/System/Library/Frameworks/Carbon.framework/Versions/A/Frameworks/ImageCapture.framework/Versions/A/ImageCapture
0x000000000cdf0000 	/System/Library/Frameworks/Carbon.framework/Versions/A/Frameworks/OpenScripting.framework/Versions/A/OpenScripting
0x000000000cdf0000 	/System/Library/Frameworks/Carbon.framework/Versions/A/Frameworks/Print.framework/Versions/A/Print
0x000000000cdf0000 	/System/Library/Frameworks/Carbon.framework/Versions/A/Frameworks/SecurityHI.framework/Versions/A/SecurityHI
0x000000011449e000 	/Users/atsampikakis/Downloads/jMonkeyPlatform.app/Contents/Resources/jmonkeyplatform/jdk/jre/lib/libnio.dylib
0x00000001144ad000 	/Users/atsampikakis/Downloads/jMonkeyPlatform.app/Contents/Resources/jmonkeyplatform/jdk/jre/lib/./libnet.dylib
0x000000011460d000 	/Users/atsampikakis/Downloads/jMonkeyPlatform.app/Contents/Resources/jmonkeyplatform/jdk/jre/lib/libawt.dylib
0x00000001146bc000 	/Users/atsampikakis/Downloads/jMonkeyPlatform.app/Contents/Resources/jmonkeyplatform/jdk/jre/lib/./libmlib_image.dylib
0x0000000114788000 	/Users/atsampikakis/Downloads/jMonkeyPlatform.app/Contents/Resources/jmonkeyplatform/jdk/jre/lib/lwawt/liblwawt.dylib
0x000000011483c000 	/Users/atsampikakis/Downloads/jMonkeyPlatform.app/Contents/Resources/jmonkeyplatform/jdk/jre/lib/libosxapp.dylib
0x000000000cdf0000 	/System/Library/Frameworks/ExceptionHandling.framework/Versions/A/ExceptionHandling
0x000000000cdf0000 	/System/Library/PrivateFrameworks/CoreServicesInternal.framework/Versions/A/CoreServicesInternal
0x000000000cdf0000 	/System/Library/PrivateFrameworks/CloudDocs.framework/Versions/A/CloudDocs
0x000000000cdf0000 	/System/Library/PrivateFrameworks/CoreDuet.framework/Versions/A/CoreDuet
0x000000000cdf0000 	/System/Library/Frameworks/CloudKit.framework/Versions/A/CloudKit
0x000000000cdf0000 	/System/Library/PrivateFrameworks/ProtocolBuffer.framework/Versions/A/ProtocolBuffer
0x000000000cdf0000 	/System/Library/PrivateFrameworks/CoreDuetDaemonProtocol.framework/Versions/A/CoreDuetDaemonProtocol
0x000000000cdf0000 	/System/Library/PrivateFrameworks/CoreDuetDebugLogging.framework/Versions/A/CoreDuetDebugLogging
0x000000000cdf0000 	/System/Library/Frameworks/CoreLocation.framework/Versions/A/CoreLocation
0x000000000cdf0000 	/System/Library/Frameworks/Accounts.framework/Versions/A/Accounts
0x000000000cdf0000 	/System/Library/PrivateFrameworks/ApplePushService.framework/Versions/A/ApplePushService
0x000000000cdf0000 	/System/Library/PrivateFrameworks/GeoServices.framework/Versions/A/GeoServices
0x000000000cdf0000 	/System/Library/PrivateFrameworks/OAuth.framework/Versions/A/OAuth
0x000000000cdf0000 	/System/Library/PrivateFrameworks/CoreDaemon.framework/Versions/B/CoreDaemon
0x000000000cdf0000 	/usr/lib/libcrypto.0.9.8.dylib
0x000000000cdf0000 	/System/Library/PrivateFrameworks/AppleSRP.framework/Versions/A/AppleSRP
0x000000000cdf0000 	/System/Library/PrivateFrameworks/TrustEvaluationAgent.framework/Versions/A/TrustEvaluationAgent
0x000000000cdf0000 	/System/Library/Frameworks/CoreGraphics.framework/Versions/A/Resources/libCGCMS.A.dylib
0x000000000cdf0000 	/System/Library/Frameworks/CoreGraphics.framework/Versions/A/Resources/libRIP.A.dylib
0x000000000cdf0000 	/System/Library/Frameworks/CoreGraphics.framework/Versions/A/Resources/libCGXType.A.dylib
0x000000000cdf0000 	/System/Library/Frameworks/OpenCL.framework/Versions/A/Libraries/libcldcpuengine.dylib
0x000000000cdf0000 	/System/Library/PrivateFrameworks/DiskImages.framework/Versions/A/DiskImages
0x000000000cdf0000 	/System/Library/Frameworks/DiscRecording.framework/Versions/A/DiscRecording
0x000000000cdf0000 	/usr/lib/libcsfde.dylib
0x000000000cdf0000 	/usr/lib/libcurl.4.dylib
0x000000000cdf0000 	/System/Library/PrivateFrameworks/MediaKit.framework/Versions/A/MediaKit
0x000000000cdf0000 	/System/Library/PrivateFrameworks/ProtectedCloudStorage.framework/Versions/A/ProtectedCloudStorage
0x000000000cdf0000 	/usr/lib/libCoreStorage.dylib
0x000000000cdf0000 	/System/Library/PrivateFrameworks/EFILogin.framework/Versions/A/EFILogin
0x000000000cdf0000 	/usr/lib/libutil.dylib
0x000000000cdf0000 	/System/Library/PrivateFrameworks/FindMyDevice.framework/Versions/A/FindMyDevice
0x000000000cdf0000 	/System/Library/Frameworks/LDAP.framework/Versions/A/LDAP
0x000000000cdf0000 	/usr/lib/libsasl2.2.dylib
0x000000011770f000 	cl_kernels
0x0000000117711000 	/System/Library/Frameworks/OpenCL.framework/Versions/A/Libraries/ImageFormats/unorm8_bgra.dylib
0x0000000117701000 	cl_kernels
0x000000000cdf0000 	/System/Library/PrivateFrameworks/FamilyControls.framework/Versions/A/FamilyControls
0x000000000cdf0000 	/System/Library/PrivateFrameworks/CommerceKit.framework/Versions/A/Frameworks/CommerceCore.framework/Versions/A/CommerceCore
0x000000000cdf0000 	/System/Library/PrivateFrameworks/SystemAdministration.framework/Versions/A/SystemAdministration
0x000000000cdf0000 	/System/Library/PrivateFrameworks/AppContainer.framework/Versions/A/AppContainer
0x000000000cdf0000 	/System/Library/PrivateFrameworks/SecCodeWrapper.framework/Versions/A/SecCodeWrapper
0x000000000cdf0000 	/System/Library/Frameworks/DirectoryService.framework/Versions/A/DirectoryService
0x000000000cdf0000 	/System/Library/PrivateFrameworks/LoginUIKit.framework/Versions/A/Frameworks/LoginUICore.framework/Versions/A/LoginUICore
0x000000000cdf0000 	/usr/lib/libodfde.dylib
0x0000000118a18000 	/Users/atsampikakis/Downloads/jMonkeyPlatform.app/Contents/Resources/jmonkeyplatform/jdk/jre/lib/libfontmanager.dylib
0x0000000118a7f000 	/Users/atsampikakis/Developer/jmonkeyengine/mitv/liblwjgl.dylib
0x0000000116b7a000 	/Users/atsampikakis/Downloads/jMonkeyPlatform.app/Contents/Resources/jmonkeyplatform/jdk/jre/lib/libjawt.dylib
0x000000000cdf0000 	/System/Library/Frameworks/OpenGL.framework/Versions/A/Resources/GLEngine.bundle/GLEngine
0x000000000cdf0000 	/System/Library/Frameworks/OpenGL.framework/Versions/A/Libraries/libGLProgrammability.dylib
0x0000000000000000 	/System/Library/Extensions/AppleIntelHD5000GraphicsGLDriver.bundle/Contents/MacOS/AppleIntelHD5000GraphicsGLDriver
0x000000000cdf0000 	/System/Library/PrivateFrameworks/IOAccelerator.framework/Versions/A/IOAccelerator
0x000000000cdf0000 	/System/Library/PrivateFrameworks/GPUSupport.framework/Versions/A/Libraries/libGPUSupportMercury.dylib
0x000000000cdf0000 	/System/Library/Frameworks/OpenGL.framework/Versions/A/Resources/GLRendererFloat.bundle/GLRendererFloat
0x000000011974f000 	/Users/atsampikakis/Developer/jmonkeyengine/mitv/openal.dylib
0x00000001197d2000 	/System/Library/Components/CoreAudio.component/Contents/MacOS/CoreAudio
0x0000000119aa7000 	/System/Library/Extensions/AppleHDA.kext/Contents/PlugIns/AppleHDAHALPlugIn.bundle/Contents/MacOS/AppleHDAHALPlugIn
0x000000011a2ea000 	/Users/atsampikakis/Downloads/jMonkeyPlatform.app/Contents/Resources/jmonkeyplatform/jdk/jre/lib/libjpeg.dylib
0x000000011a9e0000 	/Users/atsampikakis/Downloads/jMonkeyPlatform.app/Contents/Resources/jmonkeyplatform/jdk/jre/lib/libkcms.dylib
0x000000011f916000 	/Users/atsampikakis/Downloads/jMonkeyPlatform.app/Contents/Resources/jmonkeyplatform/jdk/jre/lib/libosxui.dylib
0x00000001258ef000 	/Users/atsampikakis/Downloads/jMonkeyPlatform.app/Contents/Resources/jmonkeyplatform/jdk/jre/lib/libosx.dylib
0x000000000cdf0000 	/System/Library/Frameworks/Accelerate.framework/Versions/A/Frameworks/vImage.framework/Versions/A/Libraries/libCGInterfaces.dylib

VM Arguments:
jvm_args: -Dfile.encoding=UTF-8 
java_command: presentation.Main
Launcher Type: SUN_STANDARD

Environment Variables:
PATH=/usr/bin:/bin:/usr/sbin:/sbin
LD_LIBRARY_PATH=/Users/atsampikakis/Downloads/jMonkeyPlatform.app/Contents/MacOS/../Resources/jmonkeyplatform/bin/../jdk/jre/lib/amd64:/Users/atsampikakis/Downloads/jMonkeyPlatform.app/Contents/MacOS/../Resources/jmonkeyplatform/bin/../jdk/jre/lib/i386:
SHELL=/bin/zsh

Signal Handlers:
SIGSEGV: [libjvm.dylib+0x525425], sa_mask[0]=0xfffefeff, sa_flags=0x00000043
SIGBUS: [libjvm.dylib+0x525425], sa_mask[0]=0xfffefeff, sa_flags=0x00000042
SIGFPE: [libjvm.dylib+0x41892a], sa_mask[0]=0xfffefeff, sa_flags=0x00000042
SIGPIPE: [libjvm.dylib+0x41892a], sa_mask[0]=0xfffefeff, sa_flags=0x00000042
SIGXFSZ: [libjvm.dylib+0x41892a], sa_mask[0]=0xfffefeff, sa_flags=0x00000042
SIGILL: [libjvm.dylib+0x41892a], sa_mask[0]=0xfffefeff, sa_flags=0x00000042
SIGUSR1: SIG_DFL, sa_mask[0]=0x00000000, sa_flags=0x00000000
SIGUSR2: [libjvm.dylib+0x41841c], sa_mask[0]=0x00000004, sa_flags=0x00000042
SIGHUP: [libjvm.dylib+0x4166ab], sa_mask[0]=0xfffefeff, sa_flags=0x00000042
SIGINT: SIG_IGN, sa_mask[0]=0x00000000, sa_flags=0x00000000
SIGTERM: [libjvm.dylib+0x4166ab], sa_mask[0]=0xfffefeff, sa_flags=0x00000042
SIGQUIT: [libjvm.dylib+0x4166ab], sa_mask[0]=0xfffefeff, sa_flags=0x00000042


---------------  S Y S T E M  ---------------

OS:Bsduname:Darwin 14.1.0 Darwin Kernel Version 14.1.0: Mon Dec 22 23:10:38 PST 2014; root:xnu-2782.10.72~2/RELEASE_X86_64 x86_64
rlimit: STACK 8192k, CORE 0k, NPROC 709, NOFILE 10240, AS infinity
load average:2.43 2.87 2.59

CPU:total 4 (2 cores per cpu, 2 threads per core) family 6 model 69 stepping 1, cmov, cx8, fxsr, mmx, sse, sse2, sse3, ssse3, sse4.1, sse4.2, popcnt, avx, avx2, aes, erms, ht, tsc, tscinvbit

Memory: 4k page, physical 8388608k(2097152k free)

/proc/meminfo:


vm_info: Java HotSpot(TM) 64-Bit Server VM (24.51-b03) for bsd-amd64 JRE (1.7.0_51-b13), built on Dec 18 2013 18:45:56 by "java_re" with gcc 4.2.1 (Based on Apple Inc. build 5658) (LLVM build 2336.11.00)

time: Fri May  8 09:58:17 2015
elapsed time: 22 seconds

