#
# A fatal error has been detected by the Java Runtime Environment:
#
#  SIGSEGV (0xb) at pc=0x00007fff952e2e65, pid=1077, tid=72123
#
# JRE version: Java(TM) SE Runtime Environment (7.0_51-b13) (build 1.7.0_51-b13)
# Java VM: Java HotSpot(TM) 64-Bit Server VM (24.51-b03 mixed mode bsd-amd64 compressed oops)
# Problematic frame:
# C  [libobjc.A.dylib+0x7e65]  _ZN12_GLOBAL__N_119AutoreleasePoolPage3popEPv+0x215
#
# Failed to write core dump. Core dumps have been disabled. To enable core dumping, try "ulimit -c unlimited" before starting Java again
#
# If you would like to submit a bug report, please visit:
#   http://bugreport.sun.com/bugreport/crash.jsp
# The crash happened outside the Java Virtual Machine in native code.
# See problematic frame for where to report the bug.
#

---------------  T H R E A D  ---------------

Current thread (0x00007fd48f32a000):  JavaThread "LWJGL Renderer Thread" [_thread_in_native, id=72123, stack(0x000000012c032000,0x000000012c132000)]

siginfo:si_signo=SIGSEGV: si_errno=0, si_code=1 (SEGV_MAPERR), si_addr=0x0000000000000010

Registers:
RAX=0x00007fd48a310038, RBX=0x0000000000000000, RCX=0x00007fd48a310038, RDX=0x00000000000d2cd0
RSP=0x000000012c1311b0, RBP=0x000000012c1315f0, RSI=0x00007fff945f134e, RDI=0x00007fd4888e3038
R8 =0x0000000000000008, R9 =0x00007fd488700000, R10=0x00007fd488613df0, R11=0x00007fff7ea4c188
R12=0xa3a3a3a3a3a3a3a3, R13=0x00007fff7f221070, R14=0x00007fd4888e3038, R15=0x00007fd4888e3000
RIP=0x00007fff952e2e65, EFLAGS=0x0000000000010246, ERR=0x0000000000000004
  TRAPNO=0x000000000000000e

Top of Stack: (sp=0x000000012c1311b0)
0x000000012c1311b0:   0000000010000004 00007fd4888e3038
0x000000012c1311c0:   0020440000204400 0000000010000004
0x000000012c1311d0:   000000012c131200 00007fd4884007e0
0x000000012c1311e0:   000000012c131330 00007fff9993c24f
0x000000012c1311f0:   0000000100000000 0000000000000000
0x000000012c131200:   0000001800000011 0000000000000b03
0x000000012c131210:   0000000000000004 0000000108b4ce00
0x000000012c131220:   000000012c131310 00007fff91730289
0x000000012c131230:   0000000108b4ba00 000000012c131498
0x000000012c131240:   000000000000000b 00007fff91199dd4
0x000000012c131250:   0000000108b4ba00 0000000000000000
0x000000012c131260:   000000012c1312dc 00007fff91199dd4
0x000000012c131270:   000000012c1312e4 0000000000000000
0x000000012c131280:   000000012c1312fc 000000012c131300
0x000000012c131290:   000000012c131304 00007fd488544ec0
0x000000012c1312a0:   ffffffffffffffff 0001206800000040
0x000000012c1312b0:   00007fd488544ed8 00007fd488544ec0
0x000000012c1312c0:   00007fff7f221070 0000000000000001
0x000000012c1312d0:   00007fff7edaaf80 00007fd4885447a0
0x000000012c1312e0:   000000012c131320 00007fff91199b4e
0x000000012c1312f0:   00007fff7e079990 00007fd4887bb0e0
0x000000012c131300:   0000000108b4ce00 00007fd48ac1d230
0x000000012c131310:   0000000000000040 0000000000000002
0x000000012c131320:   00000000000001d2 0000000108b48000
0x000000012c131330:   000000012c1313d0 00007fff917334ff
0x000000012c131340:   000000012c1313a0 00007fff952fc97a
0x000000012c131350:   00007fd4887bb108 00000000000001d3
0x000000012c131360:   00007fd48ac00000 00007fd400000008
0x000000012c131370:   00007fd48acfc080 00007fd48ac1d1f0
0x000000012c131380:   0000000000000002 00007fd48ac1d1f0
0x000000012c131390:   00007fd48ac00000 0000000008b40006
0x000000012c1313a0:   0000000108b48000 00007fd4887bb0e0 

Instructions: (pc=0x00007fff952e2e65)
0x00007fff952e2e45:   74 15 81 3b a1 a1 a1 a1 74 0d be 01 00 00 00 48
0x00007fff952e2e55:   89 df e8 64 a1 01 00 65 48 89 1c 25 58 01 00 00
0x00007fff952e2e65:   48 8b 43 10 48 8d 4b 38 48 39 c8 74 cc 48 83 c3
0x00007fff952e2e75:   10 48 8d 48 f8 48 89 0b 48 8b 78 f8 4c 89 60 f8 

Register to memory mapping:

RAX=0x00007fd48a310038 is an unknown value
RBX=0x0000000000000000 is an unknown value
RCX=0x00007fd48a310038 is an unknown value
RDX=0x00000000000d2cd0 is an unknown value
RSP=0x000000012c1311b0 is pointing into the stack for thread: 0x00007fd48f32a000
RBP=0x000000012c1315f0 is pointing into the stack for thread: 0x00007fd48f32a000
RSI=0x00007fff945f134e is an unknown value
RDI=0x00007fd4888e3038 is an unknown value
R8 =0x0000000000000008 is an unknown value
R9 =0x00007fd488700000 is an unknown value
R10=0x00007fd488613df0 is an unknown value
R11=0x00007fff7ea4c188: OBJC_CLASS_$_NSAutoreleasePool+0 in /System/Library/Frameworks/Foundation.framework/Versions/C/Foundation at 0x00007fff98de8000
R12=0xa3a3a3a3a3a3a3a3 is an unknown value
R13=0x00007fff7f221070: __stack_chk_guard+0 in /usr/lib/system/libsystem_c.dylib at 0x00007fff9b27c000
R14=0x00007fd4888e3038 is an unknown value
R15=0x00007fd4888e3000 is an unknown value


Stack: [0x000000012c032000,0x000000012c132000],  sp=0x000000012c1311b0,  free space=1020k
Native frames: (J=compiled Java code, j=interpreted, Vv=VM code, C=native code)
C  [libobjc.A.dylib+0x7e65]  _ZN12_GLOBAL__N_119AutoreleasePoolPage3popEPv+0x215
C  [CoreFoundation+0x3a302]  _CFAutoreleasePoolPop+0x32
C  [Foundation+0x1bedf]  -[NSAutoreleasePool drain]+0x99
j  org.lwjgl.opengl.MacOSXDisplay.nDestroyWindow(Ljava/nio/ByteBuffer;)V+0
j  org.lwjgl.opengl.MacOSXDisplay.destroyWindow()V+43
j  org.lwjgl.opengl.Display.destroyWindow()V+46
j  org.lwjgl.opengl.Display.setDisplayModeAndFullscreenInternal(ZLorg/lwjgl/opengl/DisplayMode;)V+62
j  org.lwjgl.opengl.Display.setDisplayModeAndFullscreen(Lorg/lwjgl/opengl/DisplayMode;)V+5
j  com.jme3.system.lwjgl.LwjglDisplay.createContext(Lcom/jme3/system/AppSettings;)V+259
j  com.jme3.system.lwjgl.LwjglAbstractDisplay.initInThread()Z+25
j  com.jme3.system.lwjgl.LwjglAbstractDisplay.run()V+32
j  java.lang.Thread.run()V+11
v  ~StubRoutines::call_stub
V  [libjvm.dylib+0x2d6bb0]
V  [libjvm.dylib+0x2d70c7]
V  [libjvm.dylib+0x2d7204]
V  [libjvm.dylib+0x3261ea]
V  [libjvm.dylib+0x4efb57]
V  [libjvm.dylib+0x4f125f]
V  [libjvm.dylib+0x41b1d6]
C  [libsystem_pthread.dylib+0x3268]  _pthread_body+0x83
C  [libsystem_pthread.dylib+0x31e5]  _pthread_body+0x0
C  [libsystem_pthread.dylib+0x141d]  thread_start+0xd

Java frames: (J=compiled Java code, j=interpreted, Vv=VM code)
j  org.lwjgl.opengl.MacOSXDisplay.nDestroyWindow(Ljava/nio/ByteBuffer;)V+0
j  org.lwjgl.opengl.MacOSXDisplay.destroyWindow()V+43
j  org.lwjgl.opengl.Display.destroyWindow()V+46
j  org.lwjgl.opengl.Display.setDisplayModeAndFullscreenInternal(ZLorg/lwjgl/opengl/DisplayMode;)V+62
j  org.lwjgl.opengl.Display.setDisplayModeAndFullscreen(Lorg/lwjgl/opengl/DisplayMode;)V+5
j  com.jme3.system.lwjgl.LwjglDisplay.createContext(Lcom/jme3/system/AppSettings;)V+259
j  com.jme3.system.lwjgl.LwjglAbstractDisplay.initInThread()Z+25
j  com.jme3.system.lwjgl.LwjglAbstractDisplay.run()V+32
j  java.lang.Thread.run()V+11
v  ~StubRoutines::call_stub

---------------  P R O C E S S  ---------------

Java Threads: ( => current thread )
=>0x00007fd48f32a000 JavaThread "LWJGL Renderer Thread" [_thread_in_native, id=72123, stack(0x000000012c032000,0x000000012c132000)]
  0x00007fd488a2f000 JavaThread "TimerQueue" daemon [_thread_blocked, id=71435, stack(0x000000012afcb000,0x000000012b0cb000)]
  0x00007fd48a09f000 JavaThread "Image Fetcher 0" daemon [_thread_blocked, id=66351, stack(0x0000000123e5a000,0x0000000123f5a000)]
  0x00007fd4891e5800 JavaThread "Timer-0" daemon [_thread_blocked, id=64011, stack(0x00000001224ed000,0x00000001225ed000)]
  0x00007fd48a3ef000 JavaThread "Java2D Queue Flusher" daemon [_thread_blocked, id=49195, stack(0x000000011a78b000,0x000000011a88b000)]
  0x00007fd48a08f000 JavaThread "AWT-EventQueue-0" [_thread_in_native, id=64775, stack(0x000000011ae85000,0x000000011af85000)]
  0x00007fd48a63f800 JavaThread "AWT-Shutdown" [_thread_blocked, id=65299, stack(0x00000001207a8000,0x00000001208a8000)]
  0x00007fd4892a3800 JavaThread "jME Terrain Thread" daemon [_thread_blocked, id=29011, stack(0x00000001206a5000,0x00000001207a5000)]
  0x00007fd4898b1800 JavaThread "Java2D Disposer" daemon [_thread_blocked, id=64259, stack(0x000000011ac87000,0x000000011ad87000)]
  0x00007fd489098000 JavaThread "AppKit Thread" daemon [_thread_in_native, id=1299, stack(0x00007fff57052000,0x00007fff570d2000)]
  0x00007fd489010800 JavaThread "DestroyJavaVM" [_thread_blocked, id=4867, stack(0x0000000108c44000,0x0000000108d44000)]
  0x00007fd48a00e000 JavaThread "LWJGL Renderer Thread" [_thread_blocked, id=18691, stack(0x00000001156cc000,0x00000001157cc000)]
  0x00007fd489809800 JavaThread "Service Thread" daemon [_thread_blocked, id=17667, stack(0x00000001153a8000,0x00000001154a8000)]
  0x00007fd489031800 JavaThread "C2 CompilerThread1" daemon [_thread_blocked, id=17155, stack(0x00000001152a5000,0x00000001153a5000)]
  0x00007fd489028800 JavaThread "C2 CompilerThread0" daemon [_thread_in_native, id=16643, stack(0x00000001151a2000,0x00000001152a2000)]
  0x00007fd48a00d000 JavaThread "Signal Dispatcher" daemon [_thread_blocked, id=13335, stack(0x000000011509f000,0x000000011519f000)]
  0x00007fd489024000 JavaThread "Finalizer" daemon [_thread_blocked, id=11523, stack(0x000000011376a000,0x000000011386a000)]
  0x00007fd489021800 JavaThread "Reference Handler" daemon [_thread_blocked, id=11011, stack(0x0000000113667000,0x0000000113767000)]

Other Threads:
  0x00007fd489021000 VMThread [stack: 0x0000000113564000,0x0000000113664000] [id=10499]
  0x00007fd488805800 WatcherThread [stack: 0x00000001154ab000,0x00000001155ab000] [id=18179]

VM state:not at safepoint (normal execution)

VM Mutex/Monitor currently owned by a thread: None

Heap
 PSYoungGen      total 163328K, used 126022K [0x00000007d5500000, 0x00000007e1400000, 0x0000000800000000)
  eden space 135168K, 89% used [0x00000007d5500000,0x00000007dcae8718,0x00000007dd900000)
  from space 28160K, 18% used [0x00000007df880000,0x00000007dfda92f0,0x00000007e1400000)
  to   space 30208K, 0% used [0x00000007dd900000,0x00000007dd900000,0x00000007df680000)
 ParOldGen       total 87040K, used 32239K [0x0000000780000000, 0x0000000785500000, 0x00000007d5500000)
  object space 87040K, 37% used [0x0000000780000000,0x0000000781f7bf18,0x0000000785500000)
 PSPermGen       total 21504K, used 18946K [0x000000077ae00000, 0x000000077c300000, 0x0000000780000000)
  object space 21504K, 88% used [0x000000077ae00000,0x000000077c080800,0x000000077c300000)

Card table byte_map: [0x000000010d113000,0x000000010d53d000] byte_map_base: 0x000000010953c000

Polling page: 0x0000000108d83000

Code Cache  [0x000000010a053000, 0x000000010a2f3000, 0x000000010d053000)
 total_blobs=1369 nmethods=749 adapters=574 free_code_cache=46562Kb largest_free_block=47643264

Compilation events (10 events):
Event: 14.088 Thread 0x00007fd489028800  756             sun.font.Font2D::setStyle (114 bytes)
Event: 14.089 Thread 0x00007fd489031800 nmethod 751 0x000000010a2dfa10 code [0x000000010a2dfc40, 0x000000010a2e0c20]
Event: 14.091 Thread 0x00007fd489028800 nmethod 756 0x000000010a2d7350 code [0x000000010a2d74c0, 0x000000010a2d7a98]
Event: 14.354 Thread 0x00007fd489031800  757             java.util.LinkedList::add (7 bytes)
Event: 14.355 Thread 0x00007fd489028800  758             java.util.LinkedList::linkLast (59 bytes)
Event: 14.357 Thread 0x00007fd489031800 nmethod 757 0x000000010a2d8110 code [0x000000010a2d8260, 0x000000010a2d8398]
Event: 14.357 Thread 0x00007fd489028800 nmethod 758 0x000000010a2d7dd0 code [0x000000010a2d7f20, 0x000000010a2d8058]
Event: 17.686 Thread 0x00007fd489031800  762             java.util.concurrent.locks.ReentrantLock$Sync::tryRelease (45 bytes)
Event: 17.688 Thread 0x00007fd489031800 nmethod 762 0x000000010a2e3310 code [0x000000010a2e3440, 0x000000010a2e34f8]
Event: 17.768 Thread 0x00007fd489028800  763             java.util.regex.Pattern$Curly::match0 (174 bytes)

GC Heap History (10 events):
Event: 3.266 GC heap before
{Heap before GC invocations=2 (full 0):
 PSYoungGen      total 38912K, used 37978K [0x00000007d5500000, 0x00000007d8000000, 0x0000000800000000)
  eden space 33792K, 97% used [0x00000007d5500000,0x00000007d751b7b8,0x00000007d7600000)
  from space 5120K, 99% used [0x00000007d7600000,0x00000007d7afb1e0,0x00000007d7b00000)
  to   space 5120K, 0% used [0x00000007d7b00000,0x00000007d7b00000,0x00000007d8000000)
 ParOldGen       total 87040K, used 485K [0x0000000780000000, 0x0000000785500000, 0x00000007d5500000)
  object space 87040K, 0% used [0x0000000780000000,0x0000000780079648,0x0000000785500000)
 PSPermGen       total 21504K, used 11156K [0x000000077ae00000, 0x000000077c300000, 0x0000000780000000)
  object space 21504K, 51% used [0x000000077ae00000,0x000000077b8e5020,0x000000077c300000)
Event: 3.272 GC heap after
Heap after GC invocations=2 (full 0):
 PSYoungGen      total 38912K, used 4714K [0x00000007d5500000, 0x00000007d8000000, 0x0000000800000000)
  eden space 33792K, 0% used [0x00000007d5500000,0x00000007d5500000,0x00000007d7600000)
  from space 5120K, 92% used [0x00000007d7b00000,0x00000007d7f9aaf8,0x00000007d8000000)
  to   space 5120K, 0% used [0x00000007d7600000,0x00000007d7600000,0x00000007d7b00000)
 ParOldGen       total 87040K, used 485K [0x0000000780000000, 0x0000000785500000, 0x00000007d5500000)
  object space 87040K, 0% used [0x0000000780000000,0x0000000780079648,0x0000000785500000)
 PSPermGen       total 21504K, used 11156K [0x000000077ae00000, 0x000000077c300000, 0x0000000780000000)
  object space 21504K, 51% used [0x000000077ae00000,0x000000077b8e5020,0x000000077c300000)
}
Event: 4.303 GC heap before
{Heap before GC invocations=3 (full 0):
 PSYoungGen      total 38912K, used 38506K [0x00000007d5500000, 0x00000007d8000000, 0x0000000800000000)
  eden space 33792K, 100% used [0x00000007d5500000,0x00000007d7600000,0x00000007d7600000)
  from space 5120K, 92% used [0x00000007d7b00000,0x00000007d7f9aaf8,0x00000007d8000000)
  to   space 5120K, 0% used [0x00000007d7600000,0x00000007d7600000,0x00000007d7b00000)
 ParOldGen       total 87040K, used 485K [0x0000000780000000, 0x0000000785500000, 0x00000007d5500000)
  object space 87040K, 0% used [0x0000000780000000,0x0000000780079648,0x0000000785500000)
 PSPermGen       total 21504K, used 11395K [0x000000077ae00000, 0x000000077c300000, 0x0000000780000000)
  object space 21504K, 52% used [0x000000077ae00000,0x000000077b920c48,0x000000077c300000)
Event: 4.349 GC heap after
Heap after GC invocations=3 (full 0):
 PSYoungGen      total 38912K, used 5106K [0x00000007d5500000, 0x00000007da100000, 0x0000000800000000)
  eden space 33792K, 0% used [0x00000007d5500000,0x00000007d5500000,0x00000007d7600000)
  from space 5120K, 99% used [0x00000007d7600000,0x00000007d7afc930,0x00000007d7b00000)
  to   space 5120K, 0% used [0x00000007d9c00000,0x00000007d9c00000,0x00000007da100000)
 ParOldGen       total 87040K, used 31142K [0x0000000780000000, 0x0000000785500000, 0x00000007d5500000)
  object space 87040K, 35% used [0x0000000780000000,0x0000000781e69870,0x0000000785500000)
 PSPermGen       total 21504K, used 11395K [0x000000077ae00000, 0x000000077c300000, 0x0000000780000000)
  object space 21504K, 52% used [0x000000077ae00000,0x000000077b920c48,0x000000077c300000)
}
Event: 5.141 GC heap before
{Heap before GC invocations=4 (full 0):
 PSYoungGen      total 38912K, used 38898K [0x00000007d5500000, 0x00000007da100000, 0x0000000800000000)
  eden space 33792K, 100% used [0x00000007d5500000,0x00000007d7600000,0x00000007d7600000)
  from space 5120K, 99% used [0x00000007d7600000,0x00000007d7afc930,0x00000007d7b00000)
  to   space 5120K, 0% used [0x00000007d9c00000,0x00000007d9c00000,0x00000007da100000)
 ParOldGen       total 87040K, used 31142K [0x0000000780000000, 0x0000000785500000, 0x00000007d5500000)
  object space 87040K, 35% used [0x0000000780000000,0x0000000781e698e0,0x0000000785500000)
 PSPermGen       total 21504K, used 11400K [0x000000077ae00000, 0x000000077c300000, 0x0000000780000000)
  object space 21504K, 53% used [0x000000077ae00000,0x000000077b9220b8,0x000000077c300000)
Event: 5.151 GC heap after
Heap after GC invocations=4 (full 0):
 PSYoungGen      total 72704K, used 5088K [0x00000007d5500000, 0x00000007da100000, 0x0000000800000000)
  eden space 67584K, 0% used [0x00000007d5500000,0x00000007d5500000,0x00000007d9700000)
  from space 5120K, 99% used [0x00000007d9c00000,0x00000007da0f82e8,0x00000007da100000)
  to   space 5120K, 0% used [0x00000007d9700000,0x00000007d9700000,0x00000007d9c00000)
 ParOldGen       total 87040K, used 31191K [0x0000000780000000, 0x0000000785500000, 0x00000007d5500000)
  object space 87040K, 35% used [0x0000000780000000,0x0000000781e75d10,0x0000000785500000)
 PSPermGen       total 21504K, used 11400K [0x000000077ae00000, 0x000000077c300000, 0x0000000780000000)
  object space 21504K, 53% used [0x000000077ae00000,0x000000077b9220b8,0x000000077c300000)
}
Event: 6.566 GC heap before
{Heap before GC invocations=5 (full 0):
 PSYoungGen      total 72704K, used 72672K [0x00000007d5500000, 0x00000007da100000, 0x0000000800000000)
  eden space 67584K, 100% used [0x00000007d5500000,0x00000007d9700000,0x00000007d9700000)
  from space 5120K, 99% used [0x00000007d9c00000,0x00000007da0f82e8,0x00000007da100000)
  to   space 5120K, 0% used [0x00000007d9700000,0x00000007d9700000,0x00000007d9c00000)
 ParOldGen       total 87040K, used 31215K [0x0000000780000000, 0x0000000785500000, 0x00000007d5500000)
  object space 87040K, 35% used [0x0000000780000000,0x0000000781e7bf08,0x0000000785500000)
 PSPermGen       total 21504K, used 11400K [0x000000077ae00000, 0x000000077c300000, 0x0000000780000000)
  object space 21504K, 53% used [0x000000077ae00000,0x000000077b9223b0,0x000000077c300000)
Event: 6.570 GC heap after
Heap after GC invocations=5 (full 0):
 PSYoungGen      total 72704K, used 4321K [0x00000007d5500000, 0x00000007e1800000, 0x0000000800000000)
  eden space 67584K, 0% used [0x00000007d5500000,0x00000007d5500000,0x00000007d9700000)
  from space 5120K, 84% used [0x00000007d9700000,0x00000007d9b384e0,0x00000007d9c00000)
  to   space 32256K, 0% used [0x00000007df880000,0x00000007df880000,0x00000007e1800000)
 ParOldGen       total 87040K, used 32239K [0x0000000780000000, 0x0000000785500000, 0x00000007d5500000)
  object space 87040K, 37% used [0x0000000780000000,0x0000000781f7bf18,0x0000000785500000)
 PSPermGen       total 21504K, used 11400K [0x000000077ae00000, 0x000000077c300000, 0x0000000780000000)
  object space 21504K, 53% used [0x000000077ae00000,0x000000077b9223b0,0x000000077c300000)
}
Event: 7.194 GC heap before
{Heap before GC invocations=6 (full 0):
 PSYoungGen      total 72704K, used 56222K [0x00000007d5500000, 0x00000007e1800000, 0x0000000800000000)
  eden space 67584K, 76% used [0x00000007d5500000,0x00000007d87af658,0x00000007d9700000)
  from space 5120K, 84% used [0x00000007d9700000,0x00000007d9b384e0,0x00000007d9c00000)
  to   space 32256K, 0% used [0x00000007df880000,0x00000007df880000,0x00000007e1800000)
 ParOldGen       total 87040K, used 32239K [0x0000000780000000, 0x0000000785500000, 0x00000007d5500000)
  object space 87040K, 37% used [0x0000000780000000,0x0000000781f7bf18,0x0000000785500000)
 PSPermGen       total 21504K, used 11414K [0x000000077ae00000, 0x000000077c300000, 0x0000000780000000)
  object space 21504K, 53% used [0x000000077ae00000,0x000000077b925858,0x000000077c300000)
Event: 7.198 GC heap after
Heap after GC invocations=6 (full 0):
 PSYoungGen      total 163328K, used 5284K [0x00000007d5500000, 0x00000007e1400000, 0x0000000800000000)
  eden space 135168K, 0% used [0x00000007d5500000,0x00000007d5500000,0x00000007dd900000)
  from space 28160K, 18% used [0x00000007df880000,0x00000007dfda92f0,0x00000007e1400000)
  to   space 30208K, 0% used [0x00000007dd900000,0x00000007dd900000,0x00000007df680000)
 ParOldGen       total 87040K, used 32239K [0x0000000780000000, 0x0000000785500000, 0x00000007d5500000)
  object space 87040K, 37% used [0x0000000780000000,0x0000000781f7bf18,0x0000000785500000)
 PSPermGen       total 21504K, used 11414K [0x000000077ae00000, 0x000000077c300000, 0x0000000780000000)
  object space 21504K, 53% used [0x000000077ae00000,0x000000077b925858,0x000000077c300000)
}

Deoptimization events (10 events):
Event: 17.768 Thread 0x00007fd48a00e000 Uncommon trap: reason=class_check action=maybe_recompile pc=0x000000010a0e1130 method=java.util.regex.Pattern$5.isSatisfiedBy(I)Z @ 5
Event: 17.768 Thread 0x00007fd48a00e000 Uncommon trap: reason=class_check action=maybe_recompile pc=0x000000010a0d7c18 method=java.util.regex.Pattern$5.isSatisfiedBy(I)Z @ 5
Event: 17.768 Thread 0x00007fd48a00e000 Uncommon trap: reason=bimorphic action=maybe_recompile pc=0x000000010a0e7858 method=java.util.regex.Pattern$Curly.match(Ljava/util/regex/Matcher;ILjava/lang/CharSequence;)Z @ 19
Event: 17.768 Thread 0x00007fd48a00e000 Uncommon trap: reason=class_check action=maybe_recompile pc=0x000000010a0e28cc method=java.util.regex.Pattern$Curly.match0(Ljava/util/regex/Matcher;IILjava/lang/CharSequence;)Z @ 31
Event: 17.768 Thread 0x00007fd48a00e000 Uncommon trap: reason=bimorphic action=maybe_recompile pc=0x000000010a0e7858 method=java.util.regex.Pattern$Curly.match(Ljava/util/regex/Matcher;ILjava/lang/CharSequence;)Z @ 19
Event: 17.768 Thread 0x00007fd48a00e000 Uncommon trap: reason=class_check action=maybe_recompile pc=0x000000010a0e1130 method=java.util.regex.Pattern$5.isSatisfiedBy(I)Z @ 5
Event: 17.768 Thread 0x00007fd48a00e000 Uncommon trap: reason=class_check action=maybe_recompile pc=0x000000010a0d7c18 method=java.util.regex.Pattern$5.isSatisfiedBy(I)Z @ 5
Event: 17.768 Thread 0x00007fd48a00e000 Uncommon trap: reason=class_check action=maybe_recompile pc=0x000000010a0e28cc method=java.util.regex.Pattern$Curly.match0(Ljava/util/regex/Matcher;IILjava/lang/CharSequence;)Z @ 31
Event: 17.768 Thread 0x00007fd48a00e000 Uncommon trap: reason=class_check action=maybe_recompile pc=0x000000010a0e28cc method=java.util.regex.Pattern$Curly.match0(Ljava/util/regex/Matcher;IILjava/lang/CharSequence;)Z @ 31
Event: 17.768 Thread 0x00007fd48a00e000 Uncommon trap: reason=class_check action=maybe_recompile pc=0x000000010a0e1130 method=java.util.regex.Pattern$5.isSatisfiedBy(I)Z @ 5

Internal exceptions (10 events):
Event: 12.688 Thread 0x00007fd48a08f000 Threw 0x00000007dbbd8430 at /HUDSON/workspace/7u-2-build-macosx-x86_64/jdk7u51/527/hotspot/src/share/vm/prims/jvm.cpp:1244
Event: 12.688 Thread 0x00007fd48a08f000 Threw 0x00000007dbbdcdb0 at /HUDSON/workspace/7u-2-build-macosx-x86_64/jdk7u51/527/hotspot/src/share/vm/prims/jvm.cpp:1244
Event: 12.689 Thread 0x00007fd48a08f000 Threw 0x00000007dbbe2228 at /HUDSON/workspace/7u-2-build-macosx-x86_64/jdk7u51/527/hotspot/src/share/vm/prims/jvm.cpp:1244
Event: 12.823 Thread 0x00007fd48a08f000 Threw 0x00000007dbbf5d38 at /HUDSON/workspace/7u-2-build-macosx-x86_64/jdk7u51/527/hotspot/src/share/vm/prims/jvm.cpp:1244
Event: 12.918 Thread 0x00007fd48a08f000 Threw 0x00000007dc032b40 at /HUDSON/workspace/7u-2-build-macosx-x86_64/jdk7u51/527/hotspot/src/share/vm/prims/jvm.cpp:1244
Event: 12.951 Thread 0x00007fd48a08f000 Threw 0x00000007dc05d300 at /HUDSON/workspace/7u-2-build-macosx-x86_64/jdk7u51/527/hotspot/src/share/vm/prims/jvm.cpp:1244
Event: 12.952 Thread 0x00007fd48a08f000 Threw 0x00000007dc063c90 at /HUDSON/workspace/7u-2-build-macosx-x86_64/jdk7u51/527/hotspot/src/share/vm/prims/jvm.cpp:1244
Event: 12.953 Thread 0x00007fd48a08f000 Threw 0x00000007dc066e38 at /HUDSON/workspace/7u-2-build-macosx-x86_64/jdk7u51/527/hotspot/src/share/vm/prims/jvm.cpp:1244
Event: 14.109 Thread 0x00007fd48a08f000 Threw 0x00000007dc1e0370 at /HUDSON/workspace/7u-2-build-macosx-x86_64/jdk7u51/527/hotspot/src/share/vm/prims/jvm.cpp:1244
Event: 17.769 Thread 0x00007fd48a00e000 Threw 0x00000007dba789a8 at /HUDSON/workspace/7u-2-build-macosx-x86_64/jdk7u51/527/hotspot/src/share/vm/prims/jvm.cpp:1244

Events (10 events):
Event: 17.768 Thread 0x00007fd48a00e000 DEOPT UNPACKING pc=0x000000010a08c045 sp=0x00000001157cabc0 mode 2
Event: 17.768 Thread 0x00007fd48a00e000 Uncommon trap: trap_request=0xffffffde fr.pc=0x000000010a0e1130
Event: 17.768 Thread 0x00007fd48a00e000 DEOPT PACKING pc=0x000000010a0e1130 sp=0x00000001157ca6a0
Event: 17.768 Thread 0x00007fd48a00e000 DEOPT UNPACKING pc=0x000000010a08c045 sp=0x00000001157ca628 mode 2
Event: 17.769 loading class 0x00007fd48841f160
Event: 17.769 loading class 0x00007fd48841f160 done
Event: 17.783 loading class 0x00007fd49086ac20
Event: 17.784 loading class 0x00007fd49086ac20 done
Event: 17.784 loading class 0x00007fd4890894b0
Event: 17.784 loading class 0x00007fd4890894b0 done


Dynamic libraries:
0x000000000cdf0000 	/System/Library/Frameworks/Cocoa.framework/Versions/A/Cocoa
0x000000000cdf0000 	/System/Library/Frameworks/Security.framework/Versions/A/Security
0x000000000cdf0000 	/System/Library/Frameworks/ApplicationServices.framework/Versions/A/ApplicationServices
0x000000000cdf0000 	/usr/lib/libz.1.dylib
0x000000000cdf0000 	/usr/lib/libSystem.B.dylib
0x000000000cdf0000 	/usr/lib/libobjc.A.dylib
0x000000000cdf0000 	/System/Library/Frameworks/CoreFoundation.framework/Versions/A/CoreFoundation
0x000000000cdf0000 	/System/Library/Frameworks/Foundation.framework/Versions/C/Foundation
0x000000000cdf0000 	/System/Library/Frameworks/AppKit.framework/Versions/C/AppKit
0x000000000cdf0000 	/System/Library/Frameworks/CoreData.framework/Versions/A/CoreData
0x000000000cdf0000 	/System/Library/PrivateFrameworks/RemoteViewServices.framework/Versions/A/RemoteViewServices
0x000000000cdf0000 	/System/Library/PrivateFrameworks/UIFoundation.framework/Versions/A/UIFoundation
0x000000000cdf0000 	/System/Library/Frameworks/IOSurface.framework/Versions/A/IOSurface
0x000000000cdf0000 	/System/Library/Frameworks/AudioToolbox.framework/Versions/A/AudioToolbox
0x000000000cdf0000 	/System/Library/Frameworks/AudioUnit.framework/Versions/A/AudioUnit
0x000000000cdf0000 	/System/Library/PrivateFrameworks/DataDetectorsCore.framework/Versions/A/DataDetectorsCore
0x000000000cdf0000 	/System/Library/PrivateFrameworks/DesktopServicesPriv.framework/Versions/A/DesktopServicesPriv
0x000000000cdf0000 	/System/Library/Frameworks/Carbon.framework/Versions/A/Frameworks/HIToolbox.framework/Versions/A/HIToolbox
0x000000000cdf0000 	/System/Library/Frameworks/QuartzCore.framework/Versions/A/QuartzCore
0x000000000cdf0000 	/System/Library/Frameworks/Carbon.framework/Versions/A/Frameworks/SpeechRecognition.framework/Versions/A/SpeechRecognition
0x000000000cdf0000 	/usr/lib/libauto.dylib
0x000000000cdf0000 	/usr/lib/libicucore.A.dylib
0x000000000cdf0000 	/usr/lib/libxml2.2.dylib
0x000000000cdf0000 	/System/Library/PrivateFrameworks/CoreUI.framework/Versions/A/CoreUI
0x000000000cdf0000 	/System/Library/Frameworks/CoreAudio.framework/Versions/A/CoreAudio
0x000000000cdf0000 	/System/Library/Frameworks/DiskArbitration.framework/Versions/A/DiskArbitration
0x000000000cdf0000 	/usr/lib/liblangid.dylib
0x000000000cdf0000 	/System/Library/PrivateFrameworks/MultitouchSupport.framework/Versions/A/MultitouchSupport
0x000000000cdf0000 	/System/Library/Frameworks/IOKit.framework/Versions/A/IOKit
0x000000000cdf0000 	/usr/lib/libDiagnosticMessagesClient.dylib
0x000000000cdf0000 	/System/Library/Frameworks/CoreServices.framework/Versions/A/CoreServices
0x000000000cdf0000 	/System/Library/PrivateFrameworks/PerformanceAnalysis.framework/Versions/A/PerformanceAnalysis
0x000000000cdf0000 	/System/Library/PrivateFrameworks/GenerationalStorage.framework/Versions/A/GenerationalStorage
0x000000000cdf0000 	/System/Library/Frameworks/OpenGL.framework/Versions/A/OpenGL
0x000000000cdf0000 	/System/Library/PrivateFrameworks/Sharing.framework/Versions/A/Sharing
0x000000000cdf0000 	/System/Library/Frameworks/CoreGraphics.framework/Versions/A/CoreGraphics
0x000000000cdf0000 	/System/Library/Frameworks/CoreText.framework/Versions/A/CoreText
0x000000000cdf0000 	/System/Library/Frameworks/ImageIO.framework/Versions/A/ImageIO
0x000000000cdf0000 	/usr/lib/libextension.dylib
0x000000000cdf0000 	/System/Library/PrivateFrameworks/Backup.framework/Versions/A/Backup
0x000000000cdf0000 	/usr/lib/libarchive.2.dylib
0x000000000cdf0000 	/System/Library/Frameworks/CFNetwork.framework/Versions/A/CFNetwork
0x000000000cdf0000 	/System/Library/Frameworks/SystemConfiguration.framework/Versions/A/SystemConfiguration
0x000000000cdf0000 	/usr/lib/libCRFSuite.dylib
0x000000000cdf0000 	/usr/lib/libc++.1.dylib
0x000000000cdf0000 	/usr/lib/libc++abi.dylib
0x000000000cdf0000 	/usr/lib/system/libcache.dylib
0x000000000cdf0000 	/usr/lib/system/libcommonCrypto.dylib
0x000000000cdf0000 	/usr/lib/system/libcompiler_rt.dylib
0x000000000cdf0000 	/usr/lib/system/libcopyfile.dylib
0x000000000cdf0000 	/usr/lib/system/libcorecrypto.dylib
0x000000000cdf0000 	/usr/lib/system/libdispatch.dylib
0x000000000cdf0000 	/usr/lib/system/libdyld.dylib
0x000000000cdf0000 	/usr/lib/system/libkeymgr.dylib
0x000000000cdf0000 	/usr/lib/system/liblaunch.dylib
0x000000000cdf0000 	/usr/lib/system/libmacho.dylib
0x000000000cdf0000 	/usr/lib/system/libquarantine.dylib
0x000000000cdf0000 	/usr/lib/system/libremovefile.dylib
0x000000000cdf0000 	/usr/lib/system/libsystem_asl.dylib
0x000000000cdf0000 	/usr/lib/system/libsystem_blocks.dylib
0x000000000cdf0000 	/usr/lib/system/libsystem_c.dylib
0x000000000cdf0000 	/usr/lib/system/libsystem_configuration.dylib
0x000000000cdf0000 	/usr/lib/system/libsystem_coreservices.dylib
0x000000000cdf0000 	/usr/lib/system/libsystem_coretls.dylib
0x000000000cdf0000 	/usr/lib/system/libsystem_dnssd.dylib
0x000000000cdf0000 	/usr/lib/system/libsystem_info.dylib
0x000000000cdf0000 	/usr/lib/system/libsystem_kernel.dylib
0x000000000cdf0000 	/usr/lib/system/libsystem_m.dylib
0x000000000cdf0000 	/usr/lib/system/libsystem_malloc.dylib
0x000000000cdf0000 	/usr/lib/system/libsystem_network.dylib
0x000000000cdf0000 	/usr/lib/system/libsystem_networkextension.dylib
0x000000000cdf0000 	/usr/lib/system/libsystem_notify.dylib
0x000000000cdf0000 	/usr/lib/system/libsystem_platform.dylib
0x000000000cdf0000 	/usr/lib/system/libsystem_pthread.dylib
0x000000000cdf0000 	/usr/lib/system/libsystem_sandbox.dylib
0x000000000cdf0000 	/usr/lib/system/libsystem_secinit.dylib
0x000000000cdf0000 	/usr/lib/system/libsystem_stats.dylib
0x000000000cdf0000 	/usr/lib/system/libsystem_trace.dylib
0x000000000cdf0000 	/usr/lib/system/libunc.dylib
0x000000000cdf0000 	/usr/lib/system/libunwind.dylib
0x000000000cdf0000 	/usr/lib/system/libxpc.dylib
0x000000000cdf0000 	/usr/lib/libbz2.1.0.dylib
0x000000000cdf0000 	/usr/lib/liblzma.5.dylib
0x000000000cdf0000 	/usr/lib/libbsm.0.dylib
0x000000000cdf0000 	/usr/lib/libsqlite3.dylib
0x000000000cdf0000 	/usr/lib/system/libkxld.dylib
0x000000000cdf0000 	/usr/lib/libxar.1.dylib
0x000000000cdf0000 	/usr/lib/libpam.2.dylib
0x000000000cdf0000 	/usr/lib/libOpenScriptingUtil.dylib
0x000000000cdf0000 	/System/Library/Frameworks/CoreServices.framework/Versions/A/Frameworks/FSEvents.framework/Versions/A/FSEvents
0x000000000cdf0000 	/System/Library/Frameworks/CoreServices.framework/Versions/A/Frameworks/CarbonCore.framework/Versions/A/CarbonCore
0x000000000cdf0000 	/System/Library/Frameworks/CoreServices.framework/Versions/A/Frameworks/Metadata.framework/Versions/A/Metadata
0x000000000cdf0000 	/System/Library/Frameworks/CoreServices.framework/Versions/A/Frameworks/OSServices.framework/Versions/A/OSServices
0x000000000cdf0000 	/System/Library/Frameworks/CoreServices.framework/Versions/A/Frameworks/SearchKit.framework/Versions/A/SearchKit
0x000000000cdf0000 	/System/Library/Frameworks/CoreServices.framework/Versions/A/Frameworks/AE.framework/Versions/A/AE
0x000000000cdf0000 	/System/Library/Frameworks/CoreServices.framework/Versions/A/Frameworks/LaunchServices.framework/Versions/A/LaunchServices
0x000000000cdf0000 	/System/Library/Frameworks/CoreServices.framework/Versions/A/Frameworks/DictionaryServices.framework/Versions/A/DictionaryServices
0x000000000cdf0000 	/System/Library/Frameworks/NetFS.framework/Versions/A/NetFS
0x000000000cdf0000 	/System/Library/PrivateFrameworks/NetAuth.framework/Versions/A/NetAuth
0x000000000cdf0000 	/System/Library/PrivateFrameworks/login.framework/Versions/A/Frameworks/loginsupport.framework/Versions/A/loginsupport
0x000000000cdf0000 	/System/Library/PrivateFrameworks/TCC.framework/Versions/A/TCC
0x000000000cdf0000 	/usr/lib/libmecabra.dylib
0x000000000cdf0000 	/System/Library/Frameworks/ApplicationServices.framework/Versions/A/Frameworks/ATS.framework/Versions/A/ATS
0x000000000cdf0000 	/System/Library/Frameworks/ApplicationServices.framework/Versions/A/Frameworks/ColorSync.framework/Versions/A/ColorSync
0x000000000cdf0000 	/System/Library/Frameworks/ApplicationServices.framework/Versions/A/Frameworks/HIServices.framework/Versions/A/HIServices
0x000000000cdf0000 	/System/Library/Frameworks/ApplicationServices.framework/Versions/A/Frameworks/LangAnalysis.framework/Versions/A/LangAnalysis
0x000000000cdf0000 	/System/Library/Frameworks/ApplicationServices.framework/Versions/A/Frameworks/PrintCore.framework/Versions/A/PrintCore
0x000000000cdf0000 	/System/Library/Frameworks/ApplicationServices.framework/Versions/A/Frameworks/QD.framework/Versions/A/QD
0x000000000cdf0000 	/System/Library/Frameworks/ApplicationServices.framework/Versions/A/Frameworks/SpeechSynthesis.framework/Versions/A/SpeechSynthesis
0x000000000cdf0000 	/System/Library/Frameworks/Accelerate.framework/Versions/A/Accelerate
0x000000000cdf0000 	/System/Library/Frameworks/Accelerate.framework/Versions/A/Frameworks/vImage.framework/Versions/A/vImage
0x000000000cdf0000 	/System/Library/Frameworks/Accelerate.framework/Versions/A/Frameworks/vecLib.framework/Versions/A/vecLib
0x000000000cdf0000 	/System/Library/Frameworks/Accelerate.framework/Versions/A/Frameworks/vecLib.framework/Versions/A/libvDSP.dylib
0x000000000cdf0000 	/System/Library/Frameworks/Accelerate.framework/Versions/A/Frameworks/vecLib.framework/Versions/A/libvMisc.dylib
0x000000000cdf0000 	/System/Library/Frameworks/Accelerate.framework/Versions/A/Frameworks/vecLib.framework/Versions/A/libLAPACK.dylib
0x000000000cdf0000 	/System/Library/Frameworks/Accelerate.framework/Versions/A/Frameworks/vecLib.framework/Versions/A/libBLAS.dylib
0x000000000cdf0000 	/System/Library/Frameworks/Accelerate.framework/Versions/A/Frameworks/vecLib.framework/Versions/A/libLinearAlgebra.dylib
0x000000000cdf0000 	/System/Library/Frameworks/ApplicationServices.framework/Versions/A/Frameworks/ATS.framework/Versions/A/Resources/libFontParser.dylib
0x000000000cdf0000 	/System/Library/Frameworks/ApplicationServices.framework/Versions/A/Frameworks/ATS.framework/Versions/A/Resources/libFontRegistry.dylib
0x000000000cdf0000 	/System/Library/PrivateFrameworks/AppleVPA.framework/Versions/A/AppleVPA
0x000000000cdf0000 	/System/Library/PrivateFrameworks/AppleJPEG.framework/Versions/A/AppleJPEG
0x000000000cdf0000 	/System/Library/Frameworks/ImageIO.framework/Versions/A/Resources/libJPEG.dylib
0x000000000cdf0000 	/System/Library/Frameworks/ImageIO.framework/Versions/A/Resources/libTIFF.dylib
0x000000000cdf0000 	/System/Library/Frameworks/ImageIO.framework/Versions/A/Resources/libPng.dylib
0x000000000cdf0000 	/System/Library/Frameworks/ImageIO.framework/Versions/A/Resources/libGIF.dylib
0x000000000cdf0000 	/System/Library/Frameworks/ImageIO.framework/Versions/A/Resources/libJP2.dylib
0x000000000cdf0000 	/System/Library/Frameworks/ImageIO.framework/Versions/A/Resources/libRadiance.dylib
0x000000000cdf0000 	/System/Library/Frameworks/CoreVideo.framework/Versions/A/CoreVideo
0x000000000cdf0000 	/System/Library/Frameworks/OpenGL.framework/Versions/A/Libraries/libGLU.dylib
0x000000000cdf0000 	/System/Library/Frameworks/OpenGL.framework/Versions/A/Libraries/libGFXShared.dylib
0x000000000cdf0000 	/System/Library/Frameworks/OpenGL.framework/Versions/A/Libraries/libGL.dylib
0x000000000cdf0000 	/System/Library/Frameworks/OpenGL.framework/Versions/A/Libraries/libGLImage.dylib
0x000000000cdf0000 	/System/Library/Frameworks/OpenGL.framework/Versions/A/Libraries/libCVMSPluginSupport.dylib
0x000000000cdf0000 	/System/Library/Frameworks/OpenGL.framework/Versions/A/Libraries/libCoreVMClient.dylib
0x000000000cdf0000 	/usr/lib/libcups.2.dylib
0x000000000cdf0000 	/System/Library/Frameworks/Kerberos.framework/Versions/A/Kerberos
0x000000000cdf0000 	/System/Library/Frameworks/GSS.framework/Versions/A/GSS
0x000000000cdf0000 	/usr/lib/libresolv.9.dylib
0x000000000cdf0000 	/usr/lib/libiconv.2.dylib
0x000000000cdf0000 	/System/Library/PrivateFrameworks/Heimdal.framework/Versions/A/Heimdal
0x000000000cdf0000 	/usr/lib/libheimdal-asn1.dylib
0x000000000cdf0000 	/System/Library/Frameworks/OpenDirectory.framework/Versions/A/OpenDirectory
0x000000000cdf0000 	/System/Library/PrivateFrameworks/CommonAuth.framework/Versions/A/CommonAuth
0x000000000cdf0000 	/System/Library/Frameworks/OpenDirectory.framework/Versions/A/Frameworks/CFOpenDirectory.framework/Versions/A/CFOpenDirectory
0x000000000cdf0000 	/System/Library/Frameworks/SecurityFoundation.framework/Versions/A/SecurityFoundation
0x000000000cdf0000 	/System/Library/PrivateFrameworks/LanguageModeling.framework/Versions/A/LanguageModeling
0x000000000cdf0000 	/usr/lib/libcmph.dylib
0x000000000cdf0000 	/System/Library/Frameworks/ServiceManagement.framework/Versions/A/ServiceManagement
0x000000000cdf0000 	/usr/lib/libxslt.1.dylib
0x000000000cdf0000 	/System/Library/Frameworks/Carbon.framework/Versions/A/Frameworks/Ink.framework/Versions/A/Ink
0x000000000cdf0000 	/System/Library/Frameworks/QuartzCore.framework/Versions/A/Frameworks/CoreImage.framework/Versions/A/CoreImage
0x000000000cdf0000 	/System/Library/PrivateFrameworks/CrashReporterSupport.framework/Versions/A/CrashReporterSupport
0x000000000cdf0000 	/System/Library/Frameworks/OpenCL.framework/Versions/A/OpenCL
0x000000000cdf0000 	/System/Library/PrivateFrameworks/FaceCore.framework/Versions/A/FaceCore
0x000000000cdf0000 	/System/Library/PrivateFrameworks/Ubiquity.framework/Versions/A/Ubiquity
0x000000000cdf0000 	/System/Library/PrivateFrameworks/IconServices.framework/Versions/A/IconServices
0x000000000cdf0000 	/System/Library/PrivateFrameworks/ChunkingLibrary.framework/Versions/A/ChunkingLibrary
0x000000000cdf0000 	/System/Library/PrivateFrameworks/Apple80211.framework/Versions/A/Apple80211
0x000000000cdf0000 	/System/Library/Frameworks/CoreWLAN.framework/Versions/A/CoreWLAN
0x000000000cdf0000 	/System/Library/Frameworks/IOBluetooth.framework/Versions/A/IOBluetooth
0x000000000cdf0000 	/System/Library/PrivateFrameworks/CoreWiFi.framework/Versions/A/CoreWiFi
0x000000000cdf0000 	/System/Library/Frameworks/CoreBluetooth.framework/Versions/A/CoreBluetooth
0x000000000cdf0000 	/System/Library/PrivateFrameworks/DebugSymbols.framework/Versions/A/DebugSymbols
0x000000000cdf0000 	/System/Library/PrivateFrameworks/CoreSymbolication.framework/Versions/A/CoreSymbolication
0x000000000cdf0000 	/System/Library/PrivateFrameworks/Symbolication.framework/Versions/A/Symbolication
0x000000000cdf0000 	/System/Library/PrivateFrameworks/SpeechRecognitionCore.framework/Versions/A/SpeechRecognitionCore
0x0000000109600000 	/Users/atsampikakis/Downloads/jMonkeyPlatform.app/Contents/Resources/jmonkeyplatform/jdk/jre/lib/server/libjvm.dylib
0x000000000cdf0000 	/usr/lib/libstdc++.6.dylib
0x0000000108d46000 	/Users/atsampikakis/Downloads/jMonkeyPlatform.app/Contents/Resources/jmonkeyplatform/jdk/jre/lib/libverify.dylib
0x0000000108d53000 	/Users/atsampikakis/Downloads/jMonkeyPlatform.app/Contents/Resources/jmonkeyplatform/jdk/jre/lib/libjava.dylib
0x0000000108d8d000 	/Users/atsampikakis/Downloads/jMonkeyPlatform.app/Contents/Resources/jmonkeyplatform/jdk/jre/lib/libzip.dylib
0x000000011386c000 	/System/Library/Frameworks/JavaVM.framework/Frameworks/JavaRuntimeSupport.framework/JavaRuntimeSupport
0x0000000108dea000 	/System/Library/Frameworks/JavaVM.framework/Versions/A/Frameworks/JavaNativeFoundation.framework/Versions/A/JavaNativeFoundation
0x0000000113884000 	/System/Library/Frameworks/JavaVM.framework/Versions/A/JavaVM
0x000000000cdf0000 	/System/Library/Frameworks/Carbon.framework/Versions/A/Carbon
0x0000000113891000 	/System/Library/PrivateFrameworks/JavaLaunching.framework/Versions/A/JavaLaunching
0x000000000cdf0000 	/System/Library/Frameworks/Carbon.framework/Versions/A/Frameworks/CommonPanels.framework/Versions/A/CommonPanels
0x000000000cdf0000 	/System/Library/Frameworks/Carbon.framework/Versions/A/Frameworks/Help.framework/Versions/A/Help
0x000000000cdf0000 	/System/Library/Frameworks/Carbon.framework/Versions/A/Frameworks/ImageCapture.framework/Versions/A/ImageCapture
0x000000000cdf0000 	/System/Library/Frameworks/Carbon.framework/Versions/A/Frameworks/OpenScripting.framework/Versions/A/OpenScripting
0x000000000cdf0000 	/System/Library/Frameworks/Carbon.framework/Versions/A/Frameworks/Print.framework/Versions/A/Print
0x000000000cdf0000 	/System/Library/Frameworks/Carbon.framework/Versions/A/Frameworks/SecurityHI.framework/Versions/A/SecurityHI
0x000000011565f000 	/Users/atsampikakis/Downloads/jMonkeyPlatform.app/Contents/Resources/jmonkeyplatform/jdk/jre/lib/libnio.dylib
0x000000011566e000 	/Users/atsampikakis/Downloads/jMonkeyPlatform.app/Contents/Resources/jmonkeyplatform/jdk/jre/lib/./libnet.dylib
0x00000001157ce000 	/Users/atsampikakis/Downloads/jMonkeyPlatform.app/Contents/Resources/jmonkeyplatform/jdk/jre/lib/libawt.dylib
0x000000011587d000 	/Users/atsampikakis/Downloads/jMonkeyPlatform.app/Contents/Resources/jmonkeyplatform/jdk/jre/lib/./libmlib_image.dylib
0x0000000115949000 	/Users/atsampikakis/Downloads/jMonkeyPlatform.app/Contents/Resources/jmonkeyplatform/jdk/jre/lib/lwawt/liblwawt.dylib
0x00000001159fd000 	/Users/atsampikakis/Downloads/jMonkeyPlatform.app/Contents/Resources/jmonkeyplatform/jdk/jre/lib/libosxapp.dylib
0x000000000cdf0000 	/System/Library/Frameworks/ExceptionHandling.framework/Versions/A/ExceptionHandling
0x000000000cdf0000 	/System/Library/PrivateFrameworks/CoreServicesInternal.framework/Versions/A/CoreServicesInternal
0x000000000cdf0000 	/System/Library/PrivateFrameworks/CloudDocs.framework/Versions/A/CloudDocs
0x000000000cdf0000 	/System/Library/PrivateFrameworks/CoreDuet.framework/Versions/A/CoreDuet
0x000000000cdf0000 	/System/Library/Frameworks/CloudKit.framework/Versions/A/CloudKit
0x000000000cdf0000 	/System/Library/PrivateFrameworks/ProtocolBuffer.framework/Versions/A/ProtocolBuffer
0x000000000cdf0000 	/System/Library/PrivateFrameworks/CoreDuetDaemonProtocol.framework/Versions/A/CoreDuetDaemonProtocol
0x000000000cdf0000 	/System/Library/PrivateFrameworks/CoreDuetDebugLogging.framework/Versions/A/CoreDuetDebugLogging
0x000000000cdf0000 	/System/Library/Frameworks/CoreLocation.framework/Versions/A/CoreLocation
0x000000000cdf0000 	/System/Library/Frameworks/Accounts.framework/Versions/A/Accounts
0x000000000cdf0000 	/System/Library/PrivateFrameworks/ApplePushService.framework/Versions/A/ApplePushService
0x000000000cdf0000 	/System/Library/PrivateFrameworks/GeoServices.framework/Versions/A/GeoServices
0x000000000cdf0000 	/System/Library/PrivateFrameworks/OAuth.framework/Versions/A/OAuth
0x000000000cdf0000 	/System/Library/PrivateFrameworks/CoreDaemon.framework/Versions/B/CoreDaemon
0x000000000cdf0000 	/usr/lib/libcrypto.0.9.8.dylib
0x000000000cdf0000 	/System/Library/PrivateFrameworks/AppleSRP.framework/Versions/A/AppleSRP
0x000000000cdf0000 	/System/Library/PrivateFrameworks/TrustEvaluationAgent.framework/Versions/A/TrustEvaluationAgent
0x000000000cdf0000 	/System/Library/Frameworks/CoreGraphics.framework/Versions/A/Resources/libCGCMS.A.dylib
0x000000000cdf0000 	/System/Library/Frameworks/CoreGraphics.framework/Versions/A/Resources/libRIP.A.dylib
0x000000000cdf0000 	/System/Library/Frameworks/CoreGraphics.framework/Versions/A/Resources/libCGXType.A.dylib
0x000000000cdf0000 	/System/Library/Frameworks/OpenCL.framework/Versions/A/Libraries/libcldcpuengine.dylib
0x000000000cdf0000 	/System/Library/PrivateFrameworks/DiskImages.framework/Versions/A/DiskImages
0x000000000cdf0000 	/System/Library/Frameworks/DiscRecording.framework/Versions/A/DiscRecording
0x000000000cdf0000 	/usr/lib/libcsfde.dylib
0x000000000cdf0000 	/usr/lib/libcurl.4.dylib
0x000000000cdf0000 	/System/Library/PrivateFrameworks/MediaKit.framework/Versions/A/MediaKit
0x000000000cdf0000 	/System/Library/PrivateFrameworks/ProtectedCloudStorage.framework/Versions/A/ProtectedCloudStorage
0x000000000cdf0000 	/usr/lib/libCoreStorage.dylib
0x000000000cdf0000 	/System/Library/PrivateFrameworks/EFILogin.framework/Versions/A/EFILogin
0x000000000cdf0000 	/usr/lib/libutil.dylib
0x000000000cdf0000 	/System/Library/PrivateFrameworks/FindMyDevice.framework/Versions/A/FindMyDevice
0x000000000cdf0000 	/System/Library/Frameworks/LDAP.framework/Versions/A/LDAP
0x000000000cdf0000 	/usr/lib/libsasl2.2.dylib
0x00000001188d0000 	cl_kernels
0x00000001188d2000 	/System/Library/Frameworks/OpenCL.framework/Versions/A/Libraries/ImageFormats/unorm8_bgra.dylib
0x00000001188c2000 	cl_kernels
0x000000000cdf0000 	/System/Library/PrivateFrameworks/FamilyControls.framework/Versions/A/FamilyControls
0x000000000cdf0000 	/System/Library/PrivateFrameworks/CommerceKit.framework/Versions/A/Frameworks/CommerceCore.framework/Versions/A/CommerceCore
0x000000000cdf0000 	/System/Library/PrivateFrameworks/SystemAdministration.framework/Versions/A/SystemAdministration
0x000000000cdf0000 	/System/Library/PrivateFrameworks/AppContainer.framework/Versions/A/AppContainer
0x000000000cdf0000 	/System/Library/PrivateFrameworks/SecCodeWrapper.framework/Versions/A/SecCodeWrapper
0x000000000cdf0000 	/System/Library/Frameworks/DirectoryService.framework/Versions/A/DirectoryService
0x000000000cdf0000 	/System/Library/PrivateFrameworks/LoginUIKit.framework/Versions/A/Frameworks/LoginUICore.framework/Versions/A/LoginUICore
0x000000000cdf0000 	/usr/lib/libodfde.dylib
0x0000000119b56000 	/Users/atsampikakis/Downloads/jMonkeyPlatform.app/Contents/Resources/jmonkeyplatform/jdk/jre/lib/libfontmanager.dylib
0x0000000119bbd000 	/Users/atsampikakis/Developer/jmonkeyengine/mitv/liblwjgl.dylib
0x0000000117d3d000 	/Users/atsampikakis/Downloads/jMonkeyPlatform.app/Contents/Resources/jmonkeyplatform/jdk/jre/lib/libjawt.dylib
0x000000000cdf0000 	/System/Library/Frameworks/OpenGL.framework/Versions/A/Resources/GLEngine.bundle/GLEngine
0x000000000cdf0000 	/System/Library/Frameworks/OpenGL.framework/Versions/A/Libraries/libGLProgrammability.dylib
0x0000000000000000 	/System/Library/Extensions/AppleIntelHD5000GraphicsGLDriver.bundle/Contents/MacOS/AppleIntelHD5000GraphicsGLDriver
0x000000000cdf0000 	/System/Library/PrivateFrameworks/IOAccelerator.framework/Versions/A/IOAccelerator
0x000000000cdf0000 	/System/Library/PrivateFrameworks/GPUSupport.framework/Versions/A/Libraries/libGPUSupportMercury.dylib
0x000000000cdf0000 	/System/Library/Frameworks/OpenGL.framework/Versions/A/Resources/GLRendererFloat.bundle/GLRendererFloat
0x000000011a88d000 	/Users/atsampikakis/Developer/jmonkeyengine/mitv/openal.dylib
0x000000011a910000 	/System/Library/Components/CoreAudio.component/Contents/MacOS/CoreAudio
0x000000011abe5000 	/System/Library/Extensions/AppleHDA.kext/Contents/PlugIns/AppleHDAHALPlugIn.bundle/Contents/MacOS/AppleHDAHALPlugIn
0x000000011b410000 	/Users/atsampikakis/Downloads/jMonkeyPlatform.app/Contents/Resources/jmonkeyplatform/jdk/jre/lib/libjpeg.dylib
0x000000011b9ac000 	/Users/atsampikakis/Downloads/jMonkeyPlatform.app/Contents/Resources/jmonkeyplatform/jdk/jre/lib/libkcms.dylib
0x000000011b05b000 	/Users/atsampikakis/Downloads/jMonkeyPlatform.app/Contents/Resources/jmonkeyplatform/jdk/jre/lib/libosxui.dylib
0x000000011b064000 	/Users/atsampikakis/Downloads/jMonkeyPlatform.app/Contents/Resources/jmonkeyplatform/jdk/jre/lib/libosx.dylib
0x000000000cdf0000 	/System/Library/Frameworks/Accelerate.framework/Versions/A/Frameworks/vImage.framework/Versions/A/Libraries/libCGInterfaces.dylib

VM Arguments:
jvm_args: -Dfile.encoding=UTF-8 
java_command: presentation.Main
Launcher Type: SUN_STANDARD

Environment Variables:
PATH=/usr/bin:/bin:/usr/sbin:/sbin
LD_LIBRARY_PATH=/Users/atsampikakis/Downloads/jMonkeyPlatform.app/Contents/MacOS/../Resources/jmonkeyplatform/bin/../jdk/jre/lib/amd64:/Users/atsampikakis/Downloads/jMonkeyPlatform.app/Contents/MacOS/../Resources/jmonkeyplatform/bin/../jdk/jre/lib/i386:
SHELL=/bin/zsh

Signal Handlers:
SIGSEGV: [libjvm.dylib+0x525425], sa_mask[0]=0xfffefeff, sa_flags=0x00000043
SIGBUS: [libjvm.dylib+0x525425], sa_mask[0]=0xfffefeff, sa_flags=0x00000042
SIGFPE: [libjvm.dylib+0x41892a], sa_mask[0]=0xfffefeff, sa_flags=0x00000042
SIGPIPE: [libjvm.dylib+0x41892a], sa_mask[0]=0xfffefeff, sa_flags=0x00000042
SIGXFSZ: [libjvm.dylib+0x41892a], sa_mask[0]=0xfffefeff, sa_flags=0x00000042
SIGILL: [libjvm.dylib+0x41892a], sa_mask[0]=0xfffefeff, sa_flags=0x00000042
SIGUSR1: SIG_DFL, sa_mask[0]=0x00000000, sa_flags=0x00000000
SIGUSR2: [libjvm.dylib+0x41841c], sa_mask[0]=0x00000004, sa_flags=0x00000042
SIGHUP: [libjvm.dylib+0x4166ab], sa_mask[0]=0xfffefeff, sa_flags=0x00000042
SIGINT: SIG_IGN, sa_mask[0]=0x00000000, sa_flags=0x00000000
SIGTERM: [libjvm.dylib+0x4166ab], sa_mask[0]=0xfffefeff, sa_flags=0x00000042
SIGQUIT: [libjvm.dylib+0x4166ab], sa_mask[0]=0xfffefeff, sa_flags=0x00000042


---------------  S Y S T E M  ---------------

OS:Bsduname:Darwin 14.1.0 Darwin Kernel Version 14.1.0: Mon Dec 22 23:10:38 PST 2014; root:xnu-2782.10.72~2/RELEASE_X86_64 x86_64
rlimit: STACK 8192k, CORE 0k, NPROC 709, NOFILE 10240, AS infinity
load average:2.08 2.72 2.54

CPU:total 4 (2 cores per cpu, 2 threads per core) family 6 model 69 stepping 1, cmov, cx8, fxsr, mmx, sse, sse2, sse3, ssse3, sse4.1, sse4.2, popcnt, avx, avx2, aes, erms, ht, tsc, tscinvbit

Memory: 4k page, physical 8388608k(2097152k free)

/proc/meminfo:


vm_info: Java HotSpot(TM) 64-Bit Server VM (24.51-b03) for bsd-amd64 JRE (1.7.0_51-b13), built on Dec 18 2013 18:45:56 by "java_re" with gcc 4.2.1 (Based on Apple Inc. build 5658) (LLVM build 2336.11.00)

time: Fri May  8 09:59:05 2015
elapsed time: 17 seconds

