#
# A fatal error has been detected by the Java Runtime Environment:
#
#  SIGSEGV (0xb) at pc=0x00007fff952e2e65, pid=1222, tid=74215
#
# JRE version: Java(TM) SE Runtime Environment (7.0_51-b13) (build 1.7.0_51-b13)
# Java VM: Java HotSpot(TM) 64-Bit Server VM (24.51-b03 mixed mode bsd-amd64 compressed oops)
# Problematic frame:
# C  [libobjc.A.dylib+0x7e65]  _ZN12_GLOBAL__N_119AutoreleasePoolPage3popEPv+0x215
#
# Failed to write core dump. Core dumps have been disabled. To enable core dumping, try "ulimit -c unlimited" before starting Java again
#
# If you would like to submit a bug report, please visit:
#   http://bugreport.sun.com/bugreport/crash.jsp
# The crash happened outside the Java Virtual Machine in native code.
# See problematic frame for where to report the bug.
#

---------------  T H R E A D  ---------------

Current thread (0x00007f873b11b000):  JavaThread "LWJGL Renderer Thread" [_thread_in_native, id=74215, stack(0x0000000120bdb000,0x0000000120cdb000)]

siginfo:si_signo=SIGSEGV: si_errno=0, si_code=1 (SEGV_MAPERR), si_addr=0x0000000000000010

Registers:
RAX=0x00007f873f03e038, RBX=0x0000000000000000, RCX=0x00007f873f03e038, RDX=0x000000000006f900
RSP=0x0000000120cda210, RBP=0x0000000120cda650, RSI=0x00007fff945f134e, RDI=0x00007f873b838038
R8 =0x000000000000000d, R9 =0x00007f873a700000, R10=0x00007f873a41d110, R11=0x00007fff7ea4c188
R12=0xa3a3a3a3a3a3a3a3, R13=0x00007fff7f221070, R14=0x00007f873b838038, R15=0x00007f873b838000
RIP=0x00007fff952e2e65, EFLAGS=0x0000000000010246, ERR=0x0000000000000004
  TRAPNO=0x000000000000000e

Top of Stack: (sp=0x0000000120cda210)
0x0000000120cda210:   0000001100000011 00007f873b838038
0x0000000120cda220:   0045620000456200 0000000000000000
0x0000000120cda230:   0000000120cda260 00007f873a600320
0x0000000120cda240:   0000000120cda390 00007fff9993c24f
0x0000000120cda250:   0000000100000000 0000000000000006
0x0000000120cda260:   0000001800000013 0000000000000b03
0x0000000120cda270:   0000000000000004 000000010147a400
0x0000000120cda280:   0000000120cda370 00007fff91730289
0x0000000120cda290:   0000000101479a00 0000000120cda4f8
0x0000000120cda2a0:   000000000000000b 00007fff91199dd4
0x0000000120cda2b0:   0000000101479a00 0000000000000000
0x0000000120cda2c0:   0000000120cda33c 00007fff91199dd4
0x0000000120cda2d0:   0000000120cda344 0000000000000000
0x0000000120cda2e0:   0000000120cda35c 0000000120cda360
0x0000000120cda2f0:   0000000120cda364 00007f873a54f080
0x0000000120cda300:   ffffffffffffffff 0001206800000040
0x0000000120cda310:   00007f873a54f098 00007f873a54f080
0x0000000120cda320:   00007fff7f221070 0000000000000001
0x0000000120cda330:   00007fff7edaaf80 00007f873a54f160
0x0000000120cda340:   0000000120cda380 00007fff91199b4e
0x0000000120cda350:   00007fff7e07ad10 00007f873a7260d0
0x0000000120cda360:   0000000120cda3c0 00007fff7e07ad10
0x0000000120cda370:   0000000120cda3a0 00007fff952fd225
0x0000000120cda380:   0000000120cda390 0000000101476000
0x0000000120cda390:   0000000120cda430 00007fff917334ff
0x0000000120cda3a0:   0000000120cda400 00007fff952fc97a
0x0000000120cda3b0:   00007f873a7260f8 ffff8078c58d9f30
0x0000000120cda3c0:   00007f873bfe85b0 00007f873bfe8800
0x0000000120cda3d0:   00007f873a7fc080 00007f873a7489f0
0x0000000120cda3e0:   0000000000000005 00007f873a7489f0
0x0000000120cda3f0:   00007f873a700000 0000000101470005
0x0000000120cda400:   0000000101476000 00007f873a7260d0 

Instructions: (pc=0x00007fff952e2e65)
0x00007fff952e2e45:   74 15 81 3b a1 a1 a1 a1 74 0d be 01 00 00 00 48
0x00007fff952e2e55:   89 df e8 64 a1 01 00 65 48 89 1c 25 58 01 00 00
0x00007fff952e2e65:   48 8b 43 10 48 8d 4b 38 48 39 c8 74 cc 48 83 c3
0x00007fff952e2e75:   10 48 8d 48 f8 48 89 0b 48 8b 78 f8 4c 89 60 f8 

Register to memory mapping:

RAX=0x00007f873f03e038 is an unknown value
RBX=0x0000000000000000 is an unknown value
RCX=0x00007f873f03e038 is an unknown value
RDX=0x000000000006f900 is an unknown value
RSP=0x0000000120cda210 is pointing into the stack for thread: 0x00007f873b11b000
RBP=0x0000000120cda650 is pointing into the stack for thread: 0x00007f873b11b000
RSI=0x00007fff945f134e is an unknown value
RDI=0x00007f873b838038 is an unknown value
R8 =0x000000000000000d is an unknown value
R9 =0x00007f873a700000 is an unknown value
R10=0x00007f873a41d110 is an unknown value
R11=0x00007fff7ea4c188: OBJC_CLASS_$_NSAutoreleasePool+0 in /System/Library/Frameworks/Foundation.framework/Versions/C/Foundation at 0x00007fff98de8000
R12=0xa3a3a3a3a3a3a3a3 is an unknown value
R13=0x00007fff7f221070: __stack_chk_guard+0 in /usr/lib/system/libsystem_c.dylib at 0x00007fff9b27c000
R14=0x00007f873b838038 is an unknown value
R15=0x00007f873b838000 is an unknown value


Stack: [0x0000000120bdb000,0x0000000120cdb000],  sp=0x0000000120cda210,  free space=1020k
Native frames: (J=compiled Java code, j=interpreted, Vv=VM code, C=native code)
C  [libobjc.A.dylib+0x7e65]  _ZN12_GLOBAL__N_119AutoreleasePoolPage3popEPv+0x215
C  [CoreFoundation+0x3a302]  _CFAutoreleasePoolPop+0x32
C  [Foundation+0x1bedf]  -[NSAutoreleasePool drain]+0x99
j  org.lwjgl.opengl.MacOSXDisplay.nDestroyWindow(Ljava/nio/ByteBuffer;)V+0
j  org.lwjgl.opengl.MacOSXDisplay.destroyWindow()V+43
j  org.lwjgl.opengl.Display.destroyWindow()V+46
j  org.lwjgl.opengl.Display.setDisplayMode(Lorg/lwjgl/opengl/DisplayMode;)V+34
j  com.jme3.system.lwjgl.LwjglDisplay.createContext(Lcom/jme3/system/AppSettings;)V+270
j  com.jme3.system.lwjgl.LwjglAbstractDisplay.initInThread()Z+25
j  com.jme3.system.lwjgl.LwjglAbstractDisplay.run()V+32
j  java.lang.Thread.run()V+11
v  ~StubRoutines::call_stub
V  [libjvm.dylib+0x2d6bb0]
V  [libjvm.dylib+0x2d70c7]
V  [libjvm.dylib+0x2d7204]
V  [libjvm.dylib+0x3261ea]
V  [libjvm.dylib+0x4efb57]
V  [libjvm.dylib+0x4f125f]
V  [libjvm.dylib+0x41b1d6]
C  [libsystem_pthread.dylib+0x3268]  _pthread_body+0x83
C  [libsystem_pthread.dylib+0x31e5]  _pthread_body+0x0
C  [libsystem_pthread.dylib+0x141d]  thread_start+0xd

Java frames: (J=compiled Java code, j=interpreted, Vv=VM code)
j  org.lwjgl.opengl.MacOSXDisplay.nDestroyWindow(Ljava/nio/ByteBuffer;)V+0
j  org.lwjgl.opengl.MacOSXDisplay.destroyWindow()V+43
j  org.lwjgl.opengl.Display.destroyWindow()V+46
j  org.lwjgl.opengl.Display.setDisplayMode(Lorg/lwjgl/opengl/DisplayMode;)V+34
j  com.jme3.system.lwjgl.LwjglDisplay.createContext(Lcom/jme3/system/AppSettings;)V+270
j  com.jme3.system.lwjgl.LwjglAbstractDisplay.initInThread()Z+25
j  com.jme3.system.lwjgl.LwjglAbstractDisplay.run()V+32
j  java.lang.Thread.run()V+11
v  ~StubRoutines::call_stub

---------------  P R O C E S S  ---------------

Java Threads: ( => current thread )
=>0x00007f873b11b000 JavaThread "LWJGL Renderer Thread" [_thread_in_native, id=74215, stack(0x0000000120bdb000,0x0000000120cdb000)]
  0x00007f873bb1f800 JavaThread "TimerQueue" daemon [_thread_blocked, id=72243, stack(0x00000001210c7000,0x00000001211c7000)]
  0x00007f873fd5b000 JavaThread "Timer-0" daemon [_thread_blocked, id=66063, stack(0x0000000119bd3000,0x0000000119cd3000)]
  0x00007f873eab9800 JavaThread "Java2D Queue Flusher" daemon [_thread_blocked, id=66311, stack(0x000000011917a000,0x000000011927a000)]
  0x00007f873b14c000 JavaThread "AWT-EventQueue-0" [_thread_in_native, id=36547, stack(0x0000000118f53000,0x0000000119053000)]
  0x00007f873b4a7800 JavaThread "jME Terrain Thread" daemon [_thread_blocked, id=29047, stack(0x0000000119490000,0x0000000119590000)]
  0x00007f873c2ac000 JavaThread "AWT-Shutdown" [_thread_blocked, id=24327, stack(0x0000000115416000,0x0000000115516000)]
  0x00007f873b834000 JavaThread "pool-1-thread-1" [_thread_blocked, id=65027, stack(0x000000011378c000,0x000000011388c000)]
  0x00007f873a8f0000 JavaThread "Java2D Disposer" daemon [_thread_blocked, id=64775, stack(0x00000001135d3000,0x00000001136d3000)]
  0x00007f873a8a1000 JavaThread "jME3 Audio Thread" daemon [_thread_blocked, id=49699, stack(0x000000011305a000,0x000000011315a000)]
  0x00007f873a869800 JavaThread "AppKit Thread" daemon [_thread_in_native, id=1299, stack(0x00007fff5e724000,0x00007fff5e7a4000)]
  0x00007f873a825800 JavaThread "DestroyJavaVM" [_thread_blocked, id=4867, stack(0x0000000102854000,0x0000000102954000)]
  0x00007f873a86b000 JavaThread "LWJGL Renderer Thread" [_thread_blocked, id=18691, stack(0x000000010dffa000,0x000000010e0fa000)]
  0x00007f873c02f800 JavaThread "Service Thread" daemon [_thread_blocked, id=17667, stack(0x000000010dcd5000,0x000000010ddd5000)]
  0x00007f873c02f000 JavaThread "C2 CompilerThread1" daemon [_thread_blocked, id=17155, stack(0x000000010dbd2000,0x000000010dcd2000)]
  0x00007f873c02d000 JavaThread "C2 CompilerThread0" daemon [_thread_blocked, id=16643, stack(0x000000010dacf000,0x000000010dbcf000)]
  0x00007f873c001000 JavaThread "Signal Dispatcher" daemon [_thread_blocked, id=12811, stack(0x000000010d9cc000,0x000000010dacc000)]
  0x00007f873b033800 JavaThread "Finalizer" daemon [_thread_blocked, id=11523, stack(0x000000010c097000,0x000000010c197000)]
  0x00007f873c019000 JavaThread "Reference Handler" daemon [_thread_blocked, id=11011, stack(0x000000010bf94000,0x000000010c094000)]

Other Threads:
  0x00007f873b031000 VMThread [stack: 0x000000010be91000,0x000000010bf91000] [id=10499]
  0x00007f873c02a800 WatcherThread [stack: 0x000000010ddd8000,0x000000010ded8000] [id=18179]

VM state:not at safepoint (normal execution)

VM Mutex/Monitor currently owned by a thread: None

Heap
 PSYoungGen      total 141824K, used 106139K [0x00000007d5500000, 0x00000007de600000, 0x0000000800000000)
  eden space 135168K, 74% used [0x00000007d5500000,0x00000007db7de110,0x00000007dd900000)
  from space 6656K, 73% used [0x00000007ddf80000,0x00000007de448c68,0x00000007de600000)
  to   space 6656K, 0% used [0x00000007dd900000,0x00000007dd900000,0x00000007ddf80000)
 ParOldGen       total 87040K, used 31546K [0x0000000780000000, 0x0000000785500000, 0x00000007d5500000)
  object space 87040K, 36% used [0x0000000780000000,0x0000000781ece9d8,0x0000000785500000)
 PSPermGen       total 21504K, used 18918K [0x000000077ae00000, 0x000000077c300000, 0x0000000780000000)
  object space 21504K, 87% used [0x000000077ae00000,0x000000077c079b98,0x000000077c300000)

Card table byte_map: [0x0000000105a16000,0x0000000105e40000] byte_map_base: 0x0000000101e3f000

Polling page: 0x00000001015ae000

Code Cache  [0x0000000102956000, 0x0000000102bc6000, 0x0000000105956000)
 total_blobs=1137 nmethods=521 adapters=570 free_code_cache=47322Kb largest_free_block=48419328

Compilation events (10 events):
Event: 22.024 Thread 0x00007f873c02d000  532             java.util.concurrent.locks.AbstractOwnableSynchronizer::getExclusiveOwnerThread (5 bytes)
Event: 22.024 Thread 0x00007f873c02d000 nmethod 532 0x0000000102ac1d10 code [0x0000000102ac1e40, 0x0000000102ac1eb8]
Event: 22.042 Thread 0x00007f873c02f000  533             java.awt.Component::inside (30 bytes)
Event: 22.042 Thread 0x00007f873c02f000 nmethod 533 0x0000000102ac1b10 code [0x0000000102ac1c40, 0x0000000102ac1cb8]
Event: 22.217 Thread 0x00007f873c02d000  534             java.util.HashMap::get (29 bytes)
Event: 22.218 Thread 0x00007f873c02f000  535   !         sun.awt.AppContext::get (121 bytes)
Event: 22.222 Thread 0x00007f873c02d000 nmethod 534 0x0000000102b24f10 code [0x0000000102b25080, 0x0000000102b25328]
Event: 22.226 Thread 0x00007f873c02f000 nmethod 535 0x0000000102b26010 code [0x0000000102b261a0, 0x0000000102b26a88]
Event: 22.411 Thread 0x00007f873c02d000  536             java.lang.Math::floor (5 bytes)
Event: 22.411 Thread 0x00007f873c02d000 nmethod 536 0x0000000102a87810 code [0x0000000102a87980, 0x0000000102a87a58]

GC Heap History (10 events):
Event: 4.476 GC heap before
{Heap before GC invocations=2 (full 0):
 PSYoungGen      total 38912K, used 38808K [0x00000007d5500000, 0x00000007d8000000, 0x0000000800000000)
  eden space 33792K, 99% used [0x00000007d5500000,0x00000007d75e8708,0x00000007d7600000)
  from space 5120K, 99% used [0x00000007d7600000,0x00000007d7afd9c0,0x00000007d7b00000)
  to   space 5120K, 0% used [0x00000007d7b00000,0x00000007d7b00000,0x00000007d8000000)
 ParOldGen       total 87040K, used 407K [0x0000000780000000, 0x0000000785500000, 0x00000007d5500000)
  object space 87040K, 0% used [0x0000000780000000,0x0000000780065e30,0x0000000785500000)
 PSPermGen       total 21504K, used 11150K [0x000000077ae00000, 0x000000077c300000, 0x0000000780000000)
  object space 21504K, 51% used [0x000000077ae00000,0x000000077b8e38a0,0x000000077c300000)
Event: 4.494 GC heap after
Heap after GC invocations=2 (full 0):
 PSYoungGen      total 38912K, used 5111K [0x00000007d5500000, 0x00000007da100000, 0x0000000800000000)
  eden space 33792K, 0% used [0x00000007d5500000,0x00000007d5500000,0x00000007d7600000)
  from space 5120K, 99% used [0x00000007d7b00000,0x00000007d7ffdca8,0x00000007d8000000)
  to   space 5120K, 0% used [0x00000007d7600000,0x00000007d7600000,0x00000007d7b00000)
 ParOldGen       total 87040K, used 1522K [0x0000000780000000, 0x0000000785500000, 0x00000007d5500000)
  object space 87040K, 1% used [0x0000000780000000,0x000000078017cb68,0x0000000785500000)
 PSPermGen       total 21504K, used 11150K [0x000000077ae00000, 0x000000077c300000, 0x0000000780000000)
  object space 21504K, 51% used [0x000000077ae00000,0x000000077b8e38a0,0x000000077c300000)
}
Event: 5.476 GC heap before
{Heap before GC invocations=3 (full 0):
 PSYoungGen      total 38912K, used 38903K [0x00000007d5500000, 0x00000007da100000, 0x0000000800000000)
  eden space 33792K, 100% used [0x00000007d5500000,0x00000007d7600000,0x00000007d7600000)
  from space 5120K, 99% used [0x00000007d7b00000,0x00000007d7ffdca8,0x00000007d8000000)
  to   space 5120K, 0% used [0x00000007d7600000,0x00000007d7600000,0x00000007d7b00000)
 ParOldGen       total 87040K, used 1522K [0x0000000780000000, 0x0000000785500000, 0x00000007d5500000)
  object space 87040K, 1% used [0x0000000780000000,0x000000078017cb68,0x0000000785500000)
 PSPermGen       total 21504K, used 11395K [0x000000077ae00000, 0x000000077c300000, 0x0000000780000000)
  object space 21504K, 52% used [0x000000077ae00000,0x000000077b920cc8,0x000000077c300000)
Event: 5.519 GC heap after
Heap after GC invocations=3 (full 0):
 PSYoungGen      total 38912K, used 4930K [0x00000007d5500000, 0x00000007da100000, 0x0000000800000000)
  eden space 33792K, 0% used [0x00000007d5500000,0x00000007d5500000,0x00000007d7600000)
  from space 5120K, 96% used [0x00000007d7600000,0x00000007d7ad0838,0x00000007d7b00000)
  to   space 5120K, 0% used [0x00000007d9c00000,0x00000007d9c00000,0x00000007da100000)
 ParOldGen       total 87040K, used 31538K [0x0000000780000000, 0x0000000785500000, 0x00000007d5500000)
  object space 87040K, 36% used [0x0000000780000000,0x0000000781ecc9d8,0x0000000785500000)
 PSPermGen       total 21504K, used 11395K [0x000000077ae00000, 0x000000077c300000, 0x0000000780000000)
  object space 21504K, 52% used [0x000000077ae00000,0x000000077b920cc8,0x000000077c300000)
}
Event: 6.181 GC heap before
{Heap before GC invocations=4 (full 0):
 PSYoungGen      total 38912K, used 38722K [0x00000007d5500000, 0x00000007da100000, 0x0000000800000000)
  eden space 33792K, 100% used [0x00000007d5500000,0x00000007d7600000,0x00000007d7600000)
  from space 5120K, 96% used [0x00000007d7600000,0x00000007d7ad0838,0x00000007d7b00000)
  to   space 5120K, 0% used [0x00000007d9c00000,0x00000007d9c00000,0x00000007da100000)
 ParOldGen       total 87040K, used 31538K [0x0000000780000000, 0x0000000785500000, 0x00000007d5500000)
  object space 87040K, 36% used [0x0000000780000000,0x0000000781ecc9d8,0x0000000785500000)
 PSPermGen       total 21504K, used 11400K [0x000000077ae00000, 0x000000077c300000, 0x0000000780000000)
  object space 21504K, 53% used [0x000000077ae00000,0x000000077b922138,0x000000077c300000)
Event: 6.195 GC heap after
Heap after GC invocations=4 (full 0):
 PSYoungGen      total 72704K, used 4867K [0x00000007d5500000, 0x00000007da100000, 0x0000000800000000)
  eden space 67584K, 0% used [0x00000007d5500000,0x00000007d5500000,0x00000007d9700000)
  from space 5120K, 95% used [0x00000007d9c00000,0x00000007da0c0c68,0x00000007da100000)
  to   space 5120K, 0% used [0x00000007d9700000,0x00000007d9700000,0x00000007d9c00000)
 ParOldGen       total 87040K, used 31546K [0x0000000780000000, 0x0000000785500000, 0x00000007d5500000)
  object space 87040K, 36% used [0x0000000780000000,0x0000000781ece9d8,0x0000000785500000)
 PSPermGen       total 21504K, used 11400K [0x000000077ae00000, 0x000000077c300000, 0x0000000780000000)
  object space 21504K, 53% used [0x000000077ae00000,0x000000077b922138,0x000000077c300000)
}
Event: 7.457 GC heap before
{Heap before GC invocations=5 (full 0):
 PSYoungGen      total 72704K, used 72451K [0x00000007d5500000, 0x00000007da100000, 0x0000000800000000)
  eden space 67584K, 100% used [0x00000007d5500000,0x00000007d9700000,0x00000007d9700000)
  from space 5120K, 95% used [0x00000007d9c00000,0x00000007da0c0c68,0x00000007da100000)
  to   space 5120K, 0% used [0x00000007d9700000,0x00000007d9700000,0x00000007d9c00000)
 ParOldGen       total 87040K, used 31546K [0x0000000780000000, 0x0000000785500000, 0x00000007d5500000)
  object space 87040K, 36% used [0x0000000780000000,0x0000000781ece9d8,0x0000000785500000)
 PSPermGen       total 21504K, used 11401K [0x000000077ae00000, 0x000000077c300000, 0x0000000780000000)
  object space 21504K, 53% used [0x000000077ae00000,0x000000077b922740,0x000000077c300000)
Event: 7.465 GC heap after
Heap after GC invocations=5 (full 0):
 PSYoungGen      total 72704K, used 4819K [0x00000007d5500000, 0x00000007de600000, 0x0000000800000000)
  eden space 67584K, 0% used [0x00000007d5500000,0x00000007d5500000,0x00000007d9700000)
  from space 5120K, 94% used [0x00000007d9700000,0x00000007d9bb4e80,0x00000007d9c00000)
  to   space 6656K, 0% used [0x00000007ddf80000,0x00000007ddf80000,0x00000007de600000)
 ParOldGen       total 87040K, used 31546K [0x0000000780000000, 0x0000000785500000, 0x00000007d5500000)
  object space 87040K, 36% used [0x0000000780000000,0x0000000781ece9d8,0x0000000785500000)
 PSPermGen       total 21504K, used 11401K [0x000000077ae00000, 0x000000077c300000, 0x0000000780000000)
  object space 21504K, 53% used [0x000000077ae00000,0x000000077b922740,0x000000077c300000)
}
Event: 8.132 GC heap before
{Heap before GC invocations=6 (full 0):
 PSYoungGen      total 72704K, used 57226K [0x00000007d5500000, 0x00000007de600000, 0x0000000800000000)
  eden space 67584K, 77% used [0x00000007d5500000,0x00000007d882dc88,0x00000007d9700000)
  from space 5120K, 94% used [0x00000007d9700000,0x00000007d9bb4e80,0x00000007d9c00000)
  to   space 6656K, 0% used [0x00000007ddf80000,0x00000007ddf80000,0x00000007de600000)
 ParOldGen       total 87040K, used 31546K [0x0000000780000000, 0x0000000785500000, 0x00000007d5500000)
  object space 87040K, 36% used [0x0000000780000000,0x0000000781ece9d8,0x0000000785500000)
 PSPermGen       total 21504K, used 11415K [0x000000077ae00000, 0x000000077c300000, 0x0000000780000000)
  object space 21504K, 53% used [0x000000077ae00000,0x000000077b925c98,0x000000077c300000)
Event: 8.137 GC heap after
Heap after GC invocations=6 (full 0):
 PSYoungGen      total 141824K, used 4899K [0x00000007d5500000, 0x00000007de600000, 0x0000000800000000)
  eden space 135168K, 0% used [0x00000007d5500000,0x00000007d5500000,0x00000007dd900000)
  from space 6656K, 73% used [0x00000007ddf80000,0x00000007de448c68,0x00000007de600000)
  to   space 6656K, 0% used [0x00000007dd900000,0x00000007dd900000,0x00000007ddf80000)
 ParOldGen       total 87040K, used 31546K [0x0000000780000000, 0x0000000785500000, 0x00000007d5500000)
  object space 87040K, 36% used [0x0000000780000000,0x0000000781ece9d8,0x0000000785500000)
 PSPermGen       total 21504K, used 11415K [0x000000077ae00000, 0x000000077c300000, 0x0000000780000000)
  object space 21504K, 53% used [0x000000077ae00000,0x000000077b925c98,0x000000077c300000)
}

Deoptimization events (10 events):
Event: 11.369 Thread 0x00007f873b14c000 Uncommon trap: reason=class_check action=maybe_recompile pc=0x00000001029fbe18 method=sun.misc.URLClassPath.getResource(Ljava/lang/String;Z)Lsun/misc/Resource; @ 53
Event: 11.370 Thread 0x00007f873b14c000 Uncommon trap: reason=class_check action=maybe_recompile pc=0x00000001029fbe18 method=sun.misc.URLClassPath.getResource(Ljava/lang/String;Z)Lsun/misc/Resource; @ 53
Event: 11.372 Thread 0x00007f873b14c000 Uncommon trap: reason=class_check action=maybe_recompile pc=0x00000001029fbe18 method=sun.misc.URLClassPath.getResource(Ljava/lang/String;Z)Lsun/misc/Resource; @ 53
Event: 11.395 Thread 0x00007f873b14c000 Uncommon trap: reason=bimorphic action=maybe_recompile pc=0x0000000102afb33c method=java.util.HashMap.put(Ljava/lang/Object;Ljava/lang/Object;)Ljava/lang/Object; @ 137
Event: 11.395 Thread 0x00007f873b14c000 Uncommon trap: reason=bimorphic action=maybe_recompile pc=0x0000000102afb33c method=java.util.HashMap.put(Ljava/lang/Object;Ljava/lang/Object;)Ljava/lang/Object; @ 137
Event: 11.395 Thread 0x00007f873b14c000 Uncommon trap: reason=bimorphic action=maybe_recompile pc=0x0000000102afb33c method=java.util.HashMap.put(Ljava/lang/Object;Ljava/lang/Object;)Ljava/lang/Object; @ 137
Event: 11.403 Thread 0x00007f873b14c000 Uncommon trap: reason=unreached action=reinterpret pc=0x0000000102a85e74 method=java.lang.AbstractStringBuilder.append(Ljava/lang/String;)Ljava/lang/AbstractStringBuilder; @ 1
Event: 11.412 Thread 0x00007f873b14c000 Uncommon trap: reason=unreached action=reinterpret pc=0x00000001029e7d64 method=java.util.HashMap.get(Ljava/lang/Object;)Ljava/lang/Object; @ 1
Event: 11.418 Thread 0x00007f873b14c000 Uncommon trap: reason=unreached action=reinterpret pc=0x0000000102a72abc method=java.lang.ThreadLocal$ThreadLocalMap.getEntry(Ljava/lang/ThreadLocal;)Ljava/lang/ThreadLocal$ThreadLocalMap$Entry; @ 21
Event: 20.725 Thread 0x00007f873eab9800 Uncommon trap: reason=predicate action=maybe_recompile pc=0x0000000102b22b00 method=java.util.Arrays.fill([Ljava/lang/Object;Ljava/lang/Object;)V @ 10

Internal exceptions (10 events):
Event: 11.434 Thread 0x00007f873b14c000 Threw 0x00000007da3f0d48 at /HUDSON/workspace/7u-2-build-macosx-x86_64/jdk7u51/527/hotspot/src/share/vm/prims/jvm.cpp:1244
Event: 11.439 Thread 0x00007f873b14c000 Threw 0x00000007da402908 at /HUDSON/workspace/7u-2-build-macosx-x86_64/jdk7u51/527/hotspot/src/share/vm/prims/jvm.cpp:1244
Event: 11.439 Thread 0x00007f873b14c000 Threw 0x00000007da407288 at /HUDSON/workspace/7u-2-build-macosx-x86_64/jdk7u51/527/hotspot/src/share/vm/prims/jvm.cpp:1244
Event: 11.440 Thread 0x00007f873b14c000 Threw 0x00000007da40c700 at /HUDSON/workspace/7u-2-build-macosx-x86_64/jdk7u51/527/hotspot/src/share/vm/prims/jvm.cpp:1244
Event: 11.581 Thread 0x00007f873b14c000 Threw 0x00000007da420210 at /HUDSON/workspace/7u-2-build-macosx-x86_64/jdk7u51/527/hotspot/src/share/vm/prims/jvm.cpp:1244
Event: 11.735 Thread 0x00007f873b14c000 Threw 0x00000007da8f2848 at /HUDSON/workspace/7u-2-build-macosx-x86_64/jdk7u51/527/hotspot/src/share/vm/prims/jvm.cpp:1244
Event: 11.784 Thread 0x00007f873b14c000 Threw 0x00000007da91ce60 at /HUDSON/workspace/7u-2-build-macosx-x86_64/jdk7u51/527/hotspot/src/share/vm/prims/jvm.cpp:1244
Event: 11.793 Thread 0x00007f873b14c000 Threw 0x00000007da923480 at /HUDSON/workspace/7u-2-build-macosx-x86_64/jdk7u51/527/hotspot/src/share/vm/prims/jvm.cpp:1244
Event: 11.793 Thread 0x00007f873b14c000 Threw 0x00000007da926628 at /HUDSON/workspace/7u-2-build-macosx-x86_64/jdk7u51/527/hotspot/src/share/vm/prims/jvm.cpp:1244
Event: 13.143 Thread 0x00007f873b14c000 Threw 0x00000007daa9f6e0 at /HUDSON/workspace/7u-2-build-macosx-x86_64/jdk7u51/527/hotspot/src/share/vm/prims/jvm.cpp:1244

Events (10 events):
Event: 22.410 loading class 0x00007f873aa03890 done
Event: 22.410 loading class 0x00007f873f07fc50
Event: 22.410 loading class 0x00007f873f07fc50 done
Event: 22.436 loading class 0x000000010ac12070
Event: 22.437 loading class 0x000000010ac12070 done
Event: 22.448 loading class 0x00007f873ae0bd20
Event: 22.449 loading class 0x00007f873ae0bd20 done
Event: 22.449 Thread 0x00007f873b11b000 Thread added: 0x00007f873b11b000
Event: 22.449 Executing VM operation: RevokeBias
Event: 22.449 Executing VM operation: RevokeBias done


Dynamic libraries:
0x000000000cdf0000 	/System/Library/Frameworks/Cocoa.framework/Versions/A/Cocoa
0x000000000cdf0000 	/System/Library/Frameworks/Security.framework/Versions/A/Security
0x000000000cdf0000 	/System/Library/Frameworks/ApplicationServices.framework/Versions/A/ApplicationServices
0x000000000cdf0000 	/usr/lib/libz.1.dylib
0x000000000cdf0000 	/usr/lib/libSystem.B.dylib
0x000000000cdf0000 	/usr/lib/libobjc.A.dylib
0x000000000cdf0000 	/System/Library/Frameworks/CoreFoundation.framework/Versions/A/CoreFoundation
0x000000000cdf0000 	/System/Library/Frameworks/Foundation.framework/Versions/C/Foundation
0x000000000cdf0000 	/System/Library/Frameworks/AppKit.framework/Versions/C/AppKit
0x000000000cdf0000 	/System/Library/Frameworks/CoreData.framework/Versions/A/CoreData
0x000000000cdf0000 	/System/Library/PrivateFrameworks/RemoteViewServices.framework/Versions/A/RemoteViewServices
0x000000000cdf0000 	/System/Library/PrivateFrameworks/UIFoundation.framework/Versions/A/UIFoundation
0x000000000cdf0000 	/System/Library/Frameworks/IOSurface.framework/Versions/A/IOSurface
0x000000000cdf0000 	/System/Library/Frameworks/AudioToolbox.framework/Versions/A/AudioToolbox
0x000000000cdf0000 	/System/Library/Frameworks/AudioUnit.framework/Versions/A/AudioUnit
0x000000000cdf0000 	/System/Library/PrivateFrameworks/DataDetectorsCore.framework/Versions/A/DataDetectorsCore
0x000000000cdf0000 	/System/Library/PrivateFrameworks/DesktopServicesPriv.framework/Versions/A/DesktopServicesPriv
0x000000000cdf0000 	/System/Library/Frameworks/Carbon.framework/Versions/A/Frameworks/HIToolbox.framework/Versions/A/HIToolbox
0x000000000cdf0000 	/System/Library/Frameworks/QuartzCore.framework/Versions/A/QuartzCore
0x000000000cdf0000 	/System/Library/Frameworks/Carbon.framework/Versions/A/Frameworks/SpeechRecognition.framework/Versions/A/SpeechRecognition
0x000000000cdf0000 	/usr/lib/libauto.dylib
0x000000000cdf0000 	/usr/lib/libicucore.A.dylib
0x000000000cdf0000 	/usr/lib/libxml2.2.dylib
0x000000000cdf0000 	/System/Library/PrivateFrameworks/CoreUI.framework/Versions/A/CoreUI
0x000000000cdf0000 	/System/Library/Frameworks/CoreAudio.framework/Versions/A/CoreAudio
0x000000000cdf0000 	/System/Library/Frameworks/DiskArbitration.framework/Versions/A/DiskArbitration
0x000000000cdf0000 	/usr/lib/liblangid.dylib
0x000000000cdf0000 	/System/Library/PrivateFrameworks/MultitouchSupport.framework/Versions/A/MultitouchSupport
0x000000000cdf0000 	/System/Library/Frameworks/IOKit.framework/Versions/A/IOKit
0x000000000cdf0000 	/usr/lib/libDiagnosticMessagesClient.dylib
0x000000000cdf0000 	/System/Library/Frameworks/CoreServices.framework/Versions/A/CoreServices
0x000000000cdf0000 	/System/Library/PrivateFrameworks/PerformanceAnalysis.framework/Versions/A/PerformanceAnalysis
0x000000000cdf0000 	/System/Library/PrivateFrameworks/GenerationalStorage.framework/Versions/A/GenerationalStorage
0x000000000cdf0000 	/System/Library/Frameworks/OpenGL.framework/Versions/A/OpenGL
0x000000000cdf0000 	/System/Library/PrivateFrameworks/Sharing.framework/Versions/A/Sharing
0x000000000cdf0000 	/System/Library/Frameworks/CoreGraphics.framework/Versions/A/CoreGraphics
0x000000000cdf0000 	/System/Library/Frameworks/CoreText.framework/Versions/A/CoreText
0x000000000cdf0000 	/System/Library/Frameworks/ImageIO.framework/Versions/A/ImageIO
0x000000000cdf0000 	/usr/lib/libextension.dylib
0x000000000cdf0000 	/System/Library/PrivateFrameworks/Backup.framework/Versions/A/Backup
0x000000000cdf0000 	/usr/lib/libarchive.2.dylib
0x000000000cdf0000 	/System/Library/Frameworks/CFNetwork.framework/Versions/A/CFNetwork
0x000000000cdf0000 	/System/Library/Frameworks/SystemConfiguration.framework/Versions/A/SystemConfiguration
0x000000000cdf0000 	/usr/lib/libCRFSuite.dylib
0x000000000cdf0000 	/usr/lib/libc++.1.dylib
0x000000000cdf0000 	/usr/lib/libc++abi.dylib
0x000000000cdf0000 	/usr/lib/system/libcache.dylib
0x000000000cdf0000 	/usr/lib/system/libcommonCrypto.dylib
0x000000000cdf0000 	/usr/lib/system/libcompiler_rt.dylib
0x000000000cdf0000 	/usr/lib/system/libcopyfile.dylib
0x000000000cdf0000 	/usr/lib/system/libcorecrypto.dylib
0x000000000cdf0000 	/usr/lib/system/libdispatch.dylib
0x000000000cdf0000 	/usr/lib/system/libdyld.dylib
0x000000000cdf0000 	/usr/lib/system/libkeymgr.dylib
0x000000000cdf0000 	/usr/lib/system/liblaunch.dylib
0x000000000cdf0000 	/usr/lib/system/libmacho.dylib
0x000000000cdf0000 	/usr/lib/system/libquarantine.dylib
0x000000000cdf0000 	/usr/lib/system/libremovefile.dylib
0x000000000cdf0000 	/usr/lib/system/libsystem_asl.dylib
0x000000000cdf0000 	/usr/lib/system/libsystem_blocks.dylib
0x000000000cdf0000 	/usr/lib/system/libsystem_c.dylib
0x000000000cdf0000 	/usr/lib/system/libsystem_configuration.dylib
0x000000000cdf0000 	/usr/lib/system/libsystem_coreservices.dylib
0x000000000cdf0000 	/usr/lib/system/libsystem_coretls.dylib
0x000000000cdf0000 	/usr/lib/system/libsystem_dnssd.dylib
0x000000000cdf0000 	/usr/lib/system/libsystem_info.dylib
0x000000000cdf0000 	/usr/lib/system/libsystem_kernel.dylib
0x000000000cdf0000 	/usr/lib/system/libsystem_m.dylib
0x000000000cdf0000 	/usr/lib/system/libsystem_malloc.dylib
0x000000000cdf0000 	/usr/lib/system/libsystem_network.dylib
0x000000000cdf0000 	/usr/lib/system/libsystem_networkextension.dylib
0x000000000cdf0000 	/usr/lib/system/libsystem_notify.dylib
0x000000000cdf0000 	/usr/lib/system/libsystem_platform.dylib
0x000000000cdf0000 	/usr/lib/system/libsystem_pthread.dylib
0x000000000cdf0000 	/usr/lib/system/libsystem_sandbox.dylib
0x000000000cdf0000 	/usr/lib/system/libsystem_secinit.dylib
0x000000000cdf0000 	/usr/lib/system/libsystem_stats.dylib
0x000000000cdf0000 	/usr/lib/system/libsystem_trace.dylib
0x000000000cdf0000 	/usr/lib/system/libunc.dylib
0x000000000cdf0000 	/usr/lib/system/libunwind.dylib
0x000000000cdf0000 	/usr/lib/system/libxpc.dylib
0x000000000cdf0000 	/usr/lib/libbz2.1.0.dylib
0x000000000cdf0000 	/usr/lib/liblzma.5.dylib
0x000000000cdf0000 	/usr/lib/libbsm.0.dylib
0x000000000cdf0000 	/usr/lib/libsqlite3.dylib
0x000000000cdf0000 	/usr/lib/system/libkxld.dylib
0x000000000cdf0000 	/usr/lib/libxar.1.dylib
0x000000000cdf0000 	/usr/lib/libpam.2.dylib
0x000000000cdf0000 	/usr/lib/libOpenScriptingUtil.dylib
0x000000000cdf0000 	/System/Library/Frameworks/CoreServices.framework/Versions/A/Frameworks/FSEvents.framework/Versions/A/FSEvents
0x000000000cdf0000 	/System/Library/Frameworks/CoreServices.framework/Versions/A/Frameworks/CarbonCore.framework/Versions/A/CarbonCore
0x000000000cdf0000 	/System/Library/Frameworks/CoreServices.framework/Versions/A/Frameworks/Metadata.framework/Versions/A/Metadata
0x000000000cdf0000 	/System/Library/Frameworks/CoreServices.framework/Versions/A/Frameworks/OSServices.framework/Versions/A/OSServices
0x000000000cdf0000 	/System/Library/Frameworks/CoreServices.framework/Versions/A/Frameworks/SearchKit.framework/Versions/A/SearchKit
0x000000000cdf0000 	/System/Library/Frameworks/CoreServices.framework/Versions/A/Frameworks/AE.framework/Versions/A/AE
0x000000000cdf0000 	/System/Library/Frameworks/CoreServices.framework/Versions/A/Frameworks/LaunchServices.framework/Versions/A/LaunchServices
0x000000000cdf0000 	/System/Library/Frameworks/CoreServices.framework/Versions/A/Frameworks/DictionaryServices.framework/Versions/A/DictionaryServices
0x000000000cdf0000 	/System/Library/Frameworks/NetFS.framework/Versions/A/NetFS
0x000000000cdf0000 	/System/Library/PrivateFrameworks/NetAuth.framework/Versions/A/NetAuth
0x000000000cdf0000 	/System/Library/PrivateFrameworks/login.framework/Versions/A/Frameworks/loginsupport.framework/Versions/A/loginsupport
0x000000000cdf0000 	/System/Library/PrivateFrameworks/TCC.framework/Versions/A/TCC
0x000000000cdf0000 	/usr/lib/libmecabra.dylib
0x000000000cdf0000 	/System/Library/Frameworks/ApplicationServices.framework/Versions/A/Frameworks/ATS.framework/Versions/A/ATS
0x000000000cdf0000 	/System/Library/Frameworks/ApplicationServices.framework/Versions/A/Frameworks/ColorSync.framework/Versions/A/ColorSync
0x000000000cdf0000 	/System/Library/Frameworks/ApplicationServices.framework/Versions/A/Frameworks/HIServices.framework/Versions/A/HIServices
0x000000000cdf0000 	/System/Library/Frameworks/ApplicationServices.framework/Versions/A/Frameworks/LangAnalysis.framework/Versions/A/LangAnalysis
0x000000000cdf0000 	/System/Library/Frameworks/ApplicationServices.framework/Versions/A/Frameworks/PrintCore.framework/Versions/A/PrintCore
0x000000000cdf0000 	/System/Library/Frameworks/ApplicationServices.framework/Versions/A/Frameworks/QD.framework/Versions/A/QD
0x000000000cdf0000 	/System/Library/Frameworks/ApplicationServices.framework/Versions/A/Frameworks/SpeechSynthesis.framework/Versions/A/SpeechSynthesis
0x000000000cdf0000 	/System/Library/Frameworks/Accelerate.framework/Versions/A/Accelerate
0x000000000cdf0000 	/System/Library/Frameworks/Accelerate.framework/Versions/A/Frameworks/vImage.framework/Versions/A/vImage
0x000000000cdf0000 	/System/Library/Frameworks/Accelerate.framework/Versions/A/Frameworks/vecLib.framework/Versions/A/vecLib
0x000000000cdf0000 	/System/Library/Frameworks/Accelerate.framework/Versions/A/Frameworks/vecLib.framework/Versions/A/libvDSP.dylib
0x000000000cdf0000 	/System/Library/Frameworks/Accelerate.framework/Versions/A/Frameworks/vecLib.framework/Versions/A/libvMisc.dylib
0x000000000cdf0000 	/System/Library/Frameworks/Accelerate.framework/Versions/A/Frameworks/vecLib.framework/Versions/A/libLAPACK.dylib
0x000000000cdf0000 	/System/Library/Frameworks/Accelerate.framework/Versions/A/Frameworks/vecLib.framework/Versions/A/libBLAS.dylib
0x000000000cdf0000 	/System/Library/Frameworks/Accelerate.framework/Versions/A/Frameworks/vecLib.framework/Versions/A/libLinearAlgebra.dylib
0x000000000cdf0000 	/System/Library/Frameworks/ApplicationServices.framework/Versions/A/Frameworks/ATS.framework/Versions/A/Resources/libFontParser.dylib
0x000000000cdf0000 	/System/Library/Frameworks/ApplicationServices.framework/Versions/A/Frameworks/ATS.framework/Versions/A/Resources/libFontRegistry.dylib
0x000000000cdf0000 	/System/Library/PrivateFrameworks/AppleVPA.framework/Versions/A/AppleVPA
0x000000000cdf0000 	/System/Library/PrivateFrameworks/AppleJPEG.framework/Versions/A/AppleJPEG
0x000000000cdf0000 	/System/Library/Frameworks/ImageIO.framework/Versions/A/Resources/libJPEG.dylib
0x000000000cdf0000 	/System/Library/Frameworks/ImageIO.framework/Versions/A/Resources/libTIFF.dylib
0x000000000cdf0000 	/System/Library/Frameworks/ImageIO.framework/Versions/A/Resources/libPng.dylib
0x000000000cdf0000 	/System/Library/Frameworks/ImageIO.framework/Versions/A/Resources/libGIF.dylib
0x000000000cdf0000 	/System/Library/Frameworks/ImageIO.framework/Versions/A/Resources/libJP2.dylib
0x000000000cdf0000 	/System/Library/Frameworks/ImageIO.framework/Versions/A/Resources/libRadiance.dylib
0x000000000cdf0000 	/System/Library/Frameworks/CoreVideo.framework/Versions/A/CoreVideo
0x000000000cdf0000 	/System/Library/Frameworks/OpenGL.framework/Versions/A/Libraries/libGLU.dylib
0x000000000cdf0000 	/System/Library/Frameworks/OpenGL.framework/Versions/A/Libraries/libGFXShared.dylib
0x000000000cdf0000 	/System/Library/Frameworks/OpenGL.framework/Versions/A/Libraries/libGL.dylib
0x000000000cdf0000 	/System/Library/Frameworks/OpenGL.framework/Versions/A/Libraries/libGLImage.dylib
0x000000000cdf0000 	/System/Library/Frameworks/OpenGL.framework/Versions/A/Libraries/libCVMSPluginSupport.dylib
0x000000000cdf0000 	/System/Library/Frameworks/OpenGL.framework/Versions/A/Libraries/libCoreVMClient.dylib
0x000000000cdf0000 	/usr/lib/libcups.2.dylib
0x000000000cdf0000 	/System/Library/Frameworks/Kerberos.framework/Versions/A/Kerberos
0x000000000cdf0000 	/System/Library/Frameworks/GSS.framework/Versions/A/GSS
0x000000000cdf0000 	/usr/lib/libresolv.9.dylib
0x000000000cdf0000 	/usr/lib/libiconv.2.dylib
0x000000000cdf0000 	/System/Library/PrivateFrameworks/Heimdal.framework/Versions/A/Heimdal
0x000000000cdf0000 	/usr/lib/libheimdal-asn1.dylib
0x000000000cdf0000 	/System/Library/Frameworks/OpenDirectory.framework/Versions/A/OpenDirectory
0x000000000cdf0000 	/System/Library/PrivateFrameworks/CommonAuth.framework/Versions/A/CommonAuth
0x000000000cdf0000 	/System/Library/Frameworks/OpenDirectory.framework/Versions/A/Frameworks/CFOpenDirectory.framework/Versions/A/CFOpenDirectory
0x000000000cdf0000 	/System/Library/Frameworks/SecurityFoundation.framework/Versions/A/SecurityFoundation
0x000000000cdf0000 	/System/Library/PrivateFrameworks/LanguageModeling.framework/Versions/A/LanguageModeling
0x000000000cdf0000 	/usr/lib/libcmph.dylib
0x000000000cdf0000 	/System/Library/Frameworks/ServiceManagement.framework/Versions/A/ServiceManagement
0x000000000cdf0000 	/usr/lib/libxslt.1.dylib
0x000000000cdf0000 	/System/Library/Frameworks/Carbon.framework/Versions/A/Frameworks/Ink.framework/Versions/A/Ink
0x000000000cdf0000 	/System/Library/Frameworks/QuartzCore.framework/Versions/A/Frameworks/CoreImage.framework/Versions/A/CoreImage
0x000000000cdf0000 	/System/Library/PrivateFrameworks/CrashReporterSupport.framework/Versions/A/CrashReporterSupport
0x000000000cdf0000 	/System/Library/Frameworks/OpenCL.framework/Versions/A/OpenCL
0x000000000cdf0000 	/System/Library/PrivateFrameworks/FaceCore.framework/Versions/A/FaceCore
0x000000000cdf0000 	/System/Library/PrivateFrameworks/Ubiquity.framework/Versions/A/Ubiquity
0x000000000cdf0000 	/System/Library/PrivateFrameworks/IconServices.framework/Versions/A/IconServices
0x000000000cdf0000 	/System/Library/PrivateFrameworks/ChunkingLibrary.framework/Versions/A/ChunkingLibrary
0x000000000cdf0000 	/System/Library/PrivateFrameworks/Apple80211.framework/Versions/A/Apple80211
0x000000000cdf0000 	/System/Library/Frameworks/CoreWLAN.framework/Versions/A/CoreWLAN
0x000000000cdf0000 	/System/Library/Frameworks/IOBluetooth.framework/Versions/A/IOBluetooth
0x000000000cdf0000 	/System/Library/PrivateFrameworks/CoreWiFi.framework/Versions/A/CoreWiFi
0x000000000cdf0000 	/System/Library/Frameworks/CoreBluetooth.framework/Versions/A/CoreBluetooth
0x000000000cdf0000 	/System/Library/PrivateFrameworks/DebugSymbols.framework/Versions/A/DebugSymbols
0x000000000cdf0000 	/System/Library/PrivateFrameworks/CoreSymbolication.framework/Versions/A/CoreSymbolication
0x000000000cdf0000 	/System/Library/PrivateFrameworks/Symbolication.framework/Versions/A/Symbolication
0x000000000cdf0000 	/System/Library/PrivateFrameworks/SpeechRecognitionCore.framework/Versions/A/SpeechRecognitionCore
0x0000000101e00000 	/Users/atsampikakis/Downloads/jMonkeyPlatform.app/Contents/Resources/jmonkeyplatform/jdk/jre/lib/server/libjvm.dylib
0x000000000cdf0000 	/usr/lib/libstdc++.6.dylib
0x0000000101571000 	/Users/atsampikakis/Downloads/jMonkeyPlatform.app/Contents/Resources/jmonkeyplatform/jdk/jre/lib/libverify.dylib
0x000000010157e000 	/Users/atsampikakis/Downloads/jMonkeyPlatform.app/Contents/Resources/jmonkeyplatform/jdk/jre/lib/libjava.dylib
0x00000001015b8000 	/Users/atsampikakis/Downloads/jMonkeyPlatform.app/Contents/Resources/jmonkeyplatform/jdk/jre/lib/libzip.dylib
0x000000010c199000 	/System/Library/Frameworks/JavaVM.framework/Frameworks/JavaRuntimeSupport.framework/JavaRuntimeSupport
0x00000001015eb000 	/System/Library/Frameworks/JavaVM.framework/Versions/A/Frameworks/JavaNativeFoundation.framework/Versions/A/JavaNativeFoundation
0x000000010c1b1000 	/System/Library/Frameworks/JavaVM.framework/Versions/A/JavaVM
0x000000000cdf0000 	/System/Library/Frameworks/Carbon.framework/Versions/A/Carbon
0x000000010c1be000 	/System/Library/PrivateFrameworks/JavaLaunching.framework/Versions/A/JavaLaunching
0x000000000cdf0000 	/System/Library/Frameworks/Carbon.framework/Versions/A/Frameworks/CommonPanels.framework/Versions/A/CommonPanels
0x000000000cdf0000 	/System/Library/Frameworks/Carbon.framework/Versions/A/Frameworks/Help.framework/Versions/A/Help
0x000000000cdf0000 	/System/Library/Frameworks/Carbon.framework/Versions/A/Frameworks/ImageCapture.framework/Versions/A/ImageCapture
0x000000000cdf0000 	/System/Library/Frameworks/Carbon.framework/Versions/A/Frameworks/OpenScripting.framework/Versions/A/OpenScripting
0x000000000cdf0000 	/System/Library/Frameworks/Carbon.framework/Versions/A/Frameworks/Print.framework/Versions/A/Print
0x000000000cdf0000 	/System/Library/Frameworks/Carbon.framework/Versions/A/Frameworks/SecurityHI.framework/Versions/A/SecurityHI
0x000000010df8d000 	/Users/atsampikakis/Downloads/jMonkeyPlatform.app/Contents/Resources/jmonkeyplatform/jdk/jre/lib/libnio.dylib
0x000000010df9c000 	/Users/atsampikakis/Downloads/jMonkeyPlatform.app/Contents/Resources/jmonkeyplatform/jdk/jre/lib/./libnet.dylib
0x000000010e0fc000 	/Users/atsampikakis/Downloads/jMonkeyPlatform.app/Contents/Resources/jmonkeyplatform/jdk/jre/lib/libawt.dylib
0x000000010e1ab000 	/Users/atsampikakis/Downloads/jMonkeyPlatform.app/Contents/Resources/jmonkeyplatform/jdk/jre/lib/./libmlib_image.dylib
0x000000010e277000 	/Users/atsampikakis/Downloads/jMonkeyPlatform.app/Contents/Resources/jmonkeyplatform/jdk/jre/lib/lwawt/liblwawt.dylib
0x000000010e32b000 	/Users/atsampikakis/Downloads/jMonkeyPlatform.app/Contents/Resources/jmonkeyplatform/jdk/jre/lib/libosxapp.dylib
0x000000000cdf0000 	/System/Library/Frameworks/ExceptionHandling.framework/Versions/A/ExceptionHandling
0x000000000cdf0000 	/System/Library/PrivateFrameworks/CoreServicesInternal.framework/Versions/A/CoreServicesInternal
0x000000000cdf0000 	/System/Library/PrivateFrameworks/CloudDocs.framework/Versions/A/CloudDocs
0x000000000cdf0000 	/System/Library/PrivateFrameworks/CoreDuet.framework/Versions/A/CoreDuet
0x000000000cdf0000 	/System/Library/Frameworks/CloudKit.framework/Versions/A/CloudKit
0x000000000cdf0000 	/System/Library/PrivateFrameworks/ProtocolBuffer.framework/Versions/A/ProtocolBuffer
0x000000000cdf0000 	/System/Library/PrivateFrameworks/CoreDuetDaemonProtocol.framework/Versions/A/CoreDuetDaemonProtocol
0x000000000cdf0000 	/System/Library/PrivateFrameworks/CoreDuetDebugLogging.framework/Versions/A/CoreDuetDebugLogging
0x000000000cdf0000 	/System/Library/Frameworks/CoreLocation.framework/Versions/A/CoreLocation
0x000000000cdf0000 	/System/Library/Frameworks/Accounts.framework/Versions/A/Accounts
0x000000000cdf0000 	/System/Library/PrivateFrameworks/ApplePushService.framework/Versions/A/ApplePushService
0x000000000cdf0000 	/System/Library/PrivateFrameworks/GeoServices.framework/Versions/A/GeoServices
0x000000000cdf0000 	/System/Library/PrivateFrameworks/OAuth.framework/Versions/A/OAuth
0x000000000cdf0000 	/System/Library/PrivateFrameworks/CoreDaemon.framework/Versions/B/CoreDaemon
0x000000000cdf0000 	/usr/lib/libcrypto.0.9.8.dylib
0x000000000cdf0000 	/System/Library/PrivateFrameworks/AppleSRP.framework/Versions/A/AppleSRP
0x000000000cdf0000 	/System/Library/PrivateFrameworks/TrustEvaluationAgent.framework/Versions/A/TrustEvaluationAgent
0x000000000cdf0000 	/System/Library/Frameworks/CoreGraphics.framework/Versions/A/Resources/libCGCMS.A.dylib
0x000000000cdf0000 	/System/Library/Frameworks/CoreGraphics.framework/Versions/A/Resources/libRIP.A.dylib
0x000000000cdf0000 	/System/Library/Frameworks/CoreGraphics.framework/Versions/A/Resources/libCGXType.A.dylib
0x000000000cdf0000 	/System/Library/Frameworks/OpenCL.framework/Versions/A/Libraries/libcldcpuengine.dylib
0x000000000cdf0000 	/System/Library/PrivateFrameworks/DiskImages.framework/Versions/A/DiskImages
0x000000000cdf0000 	/System/Library/Frameworks/DiscRecording.framework/Versions/A/DiscRecording
0x000000000cdf0000 	/usr/lib/libcsfde.dylib
0x000000000cdf0000 	/usr/lib/libcurl.4.dylib
0x000000000cdf0000 	/System/Library/PrivateFrameworks/MediaKit.framework/Versions/A/MediaKit
0x000000000cdf0000 	/System/Library/PrivateFrameworks/ProtectedCloudStorage.framework/Versions/A/ProtectedCloudStorage
0x000000000cdf0000 	/usr/lib/libCoreStorage.dylib
0x000000000cdf0000 	/System/Library/PrivateFrameworks/EFILogin.framework/Versions/A/EFILogin
0x000000000cdf0000 	/usr/lib/libutil.dylib
0x000000000cdf0000 	/System/Library/PrivateFrameworks/FindMyDevice.framework/Versions/A/FindMyDevice
0x000000000cdf0000 	/System/Library/Frameworks/LDAP.framework/Versions/A/LDAP
0x000000000cdf0000 	/usr/lib/libsasl2.2.dylib
0x000000011117b000 	cl_kernels
0x000000011117d000 	/System/Library/Frameworks/OpenCL.framework/Versions/A/Libraries/ImageFormats/unorm8_bgra.dylib
0x000000011116d000 	cl_kernels
0x000000000cdf0000 	/System/Library/PrivateFrameworks/FamilyControls.framework/Versions/A/FamilyControls
0x000000000cdf0000 	/System/Library/PrivateFrameworks/CommerceKit.framework/Versions/A/Frameworks/CommerceCore.framework/Versions/A/CommerceCore
0x000000000cdf0000 	/System/Library/PrivateFrameworks/SystemAdministration.framework/Versions/A/SystemAdministration
0x000000000cdf0000 	/System/Library/PrivateFrameworks/AppContainer.framework/Versions/A/AppContainer
0x000000000cdf0000 	/System/Library/PrivateFrameworks/SecCodeWrapper.framework/Versions/A/SecCodeWrapper
0x000000000cdf0000 	/System/Library/Frameworks/DirectoryService.framework/Versions/A/DirectoryService
0x000000000cdf0000 	/System/Library/PrivateFrameworks/LoginUIKit.framework/Versions/A/Frameworks/LoginUICore.framework/Versions/A/LoginUICore
0x000000000cdf0000 	/usr/lib/libodfde.dylib
0x0000000112484000 	/Users/atsampikakis/Downloads/jMonkeyPlatform.app/Contents/Resources/jmonkeyplatform/jdk/jre/lib/libfontmanager.dylib
0x00000001124eb000 	/Users/atsampikakis/Developer/jmonkeyengine/mitv/liblwjgl.dylib
0x00000001105e6000 	/Users/atsampikakis/Downloads/jMonkeyPlatform.app/Contents/Resources/jmonkeyplatform/jdk/jre/lib/libjawt.dylib
0x000000000cdf0000 	/System/Library/Frameworks/OpenGL.framework/Versions/A/Resources/GLEngine.bundle/GLEngine
0x000000000cdf0000 	/System/Library/Frameworks/OpenGL.framework/Versions/A/Libraries/libGLProgrammability.dylib
0x0000000000000000 	/System/Library/Extensions/AppleIntelHD5000GraphicsGLDriver.bundle/Contents/MacOS/AppleIntelHD5000GraphicsGLDriver
0x000000000cdf0000 	/System/Library/PrivateFrameworks/IOAccelerator.framework/Versions/A/IOAccelerator
0x000000000cdf0000 	/System/Library/PrivateFrameworks/GPUSupport.framework/Versions/A/Libraries/libGPUSupportMercury.dylib
0x000000000cdf0000 	/System/Library/Frameworks/OpenGL.framework/Versions/A/Resources/GLRendererFloat.bundle/GLRendererFloat
0x000000011315c000 	/Users/atsampikakis/Developer/jmonkeyengine/mitv/openal.dylib
0x00000001131df000 	/System/Library/Components/CoreAudio.component/Contents/MacOS/CoreAudio
0x00000001134b4000 	/System/Library/Extensions/AppleHDA.kext/Contents/PlugIns/AppleHDAHALPlugIn.bundle/Contents/MacOS/AppleHDAHALPlugIn
0x0000000113d53000 	/Users/atsampikakis/Downloads/jMonkeyPlatform.app/Contents/Resources/jmonkeyplatform/jdk/jre/lib/libjpeg.dylib
0x000000011451c000 	/Users/atsampikakis/Downloads/jMonkeyPlatform.app/Contents/Resources/jmonkeyplatform/jdk/jre/lib/libkcms.dylib
0x0000000118e54000 	/Users/atsampikakis/Downloads/jMonkeyPlatform.app/Contents/Resources/jmonkeyplatform/jdk/jre/lib/libosxui.dylib
0x0000000118e5d000 	/Users/atsampikakis/Downloads/jMonkeyPlatform.app/Contents/Resources/jmonkeyplatform/jdk/jre/lib/libosx.dylib
0x000000000cdf0000 	/System/Library/Frameworks/Accelerate.framework/Versions/A/Frameworks/vImage.framework/Versions/A/Libraries/libCGInterfaces.dylib

VM Arguments:
jvm_args: -Dfile.encoding=UTF-8 
java_command: presentation.Main
Launcher Type: SUN_STANDARD

Environment Variables:
PATH=/usr/bin:/bin:/usr/sbin:/sbin
LD_LIBRARY_PATH=/Users/atsampikakis/Downloads/jMonkeyPlatform.app/Contents/MacOS/../Resources/jmonkeyplatform/bin/../jdk/jre/lib/amd64:/Users/atsampikakis/Downloads/jMonkeyPlatform.app/Contents/MacOS/../Resources/jmonkeyplatform/bin/../jdk/jre/lib/i386:
SHELL=/bin/zsh

Signal Handlers:
SIGSEGV: [libjvm.dylib+0x525425], sa_mask[0]=0xfffefeff, sa_flags=0x00000043
SIGBUS: [libjvm.dylib+0x525425], sa_mask[0]=0xfffefeff, sa_flags=0x00000042
SIGFPE: [libjvm.dylib+0x41892a], sa_mask[0]=0xfffefeff, sa_flags=0x00000042
SIGPIPE: [libjvm.dylib+0x41892a], sa_mask[0]=0xfffefeff, sa_flags=0x00000042
SIGXFSZ: [libjvm.dylib+0x41892a], sa_mask[0]=0xfffefeff, sa_flags=0x00000042
SIGILL: [libjvm.dylib+0x41892a], sa_mask[0]=0xfffefeff, sa_flags=0x00000042
SIGUSR1: SIG_DFL, sa_mask[0]=0x00000000, sa_flags=0x00000000
SIGUSR2: [libjvm.dylib+0x41841c], sa_mask[0]=0x00000004, sa_flags=0x00000042
SIGHUP: [libjvm.dylib+0x4166ab], sa_mask[0]=0xfffefeff, sa_flags=0x00000042
SIGINT: SIG_IGN, sa_mask[0]=0x00000000, sa_flags=0x00000000
SIGTERM: [libjvm.dylib+0x4166ab], sa_mask[0]=0xfffefeff, sa_flags=0x00000042
SIGQUIT: [libjvm.dylib+0x4166ab], sa_mask[0]=0xfffefeff, sa_flags=0x00000042


---------------  S Y S T E M  ---------------

OS:Bsduname:Darwin 14.1.0 Darwin Kernel Version 14.1.0: Mon Dec 22 23:10:38 PST 2014; root:xnu-2782.10.72~2/RELEASE_X86_64 x86_64
rlimit: STACK 8192k, CORE 0k, NPROC 709, NOFILE 10240, AS infinity
load average:2.03 2.25 2.39

CPU:total 4 (2 cores per cpu, 2 threads per core) family 6 model 69 stepping 1, cmov, cx8, fxsr, mmx, sse, sse2, sse3, ssse3, sse4.1, sse4.2, popcnt, avx, avx2, aes, erms, ht, tsc, tscinvbit

Memory: 4k page, physical 8388608k(2097152k free)

/proc/meminfo:


vm_info: Java HotSpot(TM) 64-Bit Server VM (24.51-b03) for bsd-amd64 JRE (1.7.0_51-b13), built on Dec 18 2013 18:45:56 by "java_re" with gcc 4.2.1 (Based on Apple Inc. build 5658) (LLVM build 2336.11.00)

time: Fri May  8 10:05:07 2015
elapsed time: 22 seconds

